 Mon 18 Sep 15:22:15 CEST 2017 ----------   Authentication-Admin_Access : Try authentication
 Mon 18 Sep 15:22:15 CEST 2017 ----------   Authentication-Admin_Access : Authentication KO
 Mon 18 Sep 15:22:46 CEST 2017 ----------   Authentication-Admin_Access : Try authentication
 Mon 18 Sep 15:22:55 CEST 2017 ----------   Authentication-Admin_Access : Try authentication
 Mon 18 Sep 15:22:55 CEST 2017 ----------   Authentication-Admin_Access : Authentication KO
 Mon 18 Sep 15:23:09 CEST 2017 ----------   Authentication-Admin_Access : Try authentication
 Mon 18 Sep 15:23:09 CEST 2017 ----------   Authentication-Admin_Access : Authentication KO
 Mon 18 Sep 15:25:13 CEST 2017 ----------   Authentication-Admin_Access : Try authentication
 Mon 18 Sep 15:25:13 CEST 2017 ----------   Authentication-Admin_Access : Authentication KO
 Mon 18 Sep 15:28:07 CEST 2017 ----------   Authentication-Admin_Access : Try authentication
 Mon 18 Sep 15:28:08 CEST 2017 ----------   Authentication-Admin_Access : Authentication OK
 Mon 18 Sep 16:00:09 CEST 2017 ----------   Authentication-Admin_Access : Try authentication
 Mon 18 Sep 16:01:02 CEST 2017 ----------   Authentication-Admin_Access : Try authentication
 Mon 18 Sep 16:18:00 CEST 2017 ----------   Authentication-Admin_Access : Try authentication
 Mon 18 Sep 16:18:00 CEST 2017 ----------   Authentication-Admin_Access : Authentication OK
 Mon 18 Sep 16:19:06 CEST 2017 ----------   Authentication-Admin_Access : Try authentication
 Mon 18 Sep 16:19:06 CEST 2017 ----------   Authentication-Admin_Access : Authentication OK
 Mon 18 Sep 16:23:08 CEST 2017 ----------   Authentication-Admin_Access : Try authentication
 Mon 18 Sep 16:23:08 CEST 2017 ----------   Authentication-Admin_Access : Authentication KO
 Mon 18 Sep 16:23:29 CEST 2017 ----------   Authentication-Admin_Access : Try authentication
 Mon 18 Sep 16:23:30 CEST 2017 ----------   Authentication-Admin_Access : Authentication KO
 Mon 18 Sep 16:23:44 CEST 2017 ----------   Authentication-Admin_Access : Try authentication
 Mon 18 Sep 16:23:44 CEST 2017 ----------   Authentication-Admin_Access : Authentication KO
 Mon 18 Sep 16:26:57 CEST 2017 ----------   Authentication-Admin_Access : Try authentication
 Mon 18 Sep 16:26:57 CEST 2017 ----------   Authentication-Admin_Access : Authentication KO
 Mon 18 Sep 16:27:09 CEST 2017 ----------   Authentication-Admin_Access : Try authentication
 Mon 18 Sep 16:27:09 CEST 2017 ----------   Authentication-Admin_Access : Authentication KO
 Mon 18 Sep 16:28:28 CEST 2017 ----------   Authentication-Admin_Access : Try authentication
 Mon 18 Sep 16:28:29 CEST 2017 ----------   Authentication-Admin_Access : Authentication OK
 Mon 18 Sep 16:29:02 CEST 2017 ----------   Authentication-Admin_Access : Try authentication
 Mon 18 Sep 16:29:02 CEST 2017 ----------   Authentication-Admin_Access : Authentication KO
 Mon 18 Sep 16:29:10 CEST 2017 ----------   Authentication-Admin_Access : Try authentication
 Mon 18 Sep 16:29:10 CEST 2017 ----------   Authentication-Admin_Access : Authentication KO
 Mon 18 Sep 16:30:31 CEST 2017 ----------   Authentication-Admin_Access : Try authentication
 Mon 18 Sep 16:30:31 CEST 2017 ----------   Authentication-Admin_Access : Authentication OK
 Mon 18 Sep 20:37:42 CEST 2017 ----------   Authentication-Admin_Access : Try authentication
 Mon 18 Sep 20:37:44 CEST 2017 ----------   Authentication-Admin_Access : Authentication KO
 Mon 18 Sep 20:37:57 CEST 2017 ----------   Authentication-Admin_Access : Try authentication
 Mon 18 Sep 20:37:57 CEST 2017 ----------   Authentication-Admin_Access : Authentication OK
 Mon 18 Sep 20:39:07 CEST 2017 ----------   Authentication-Admin_Access : Try authentication
 Mon 18 Sep 20:39:09 CEST 2017 ----------   Authentication-Admin_Access : Authentication KO
 Mon 18 Sep 20:39:19 CEST 2017 ----------   Authentication-Admin_Access : Try authentication
 Mon 18 Sep 20:39:19 CEST 2017 ----------   Authentication-Admin_Access : Authentication OK
 Tue 19 Sep 21:02:30 CEST 2017 ----------   Authentication-Admin_Access : Try authentication
 Tue 19 Sep 21:02:30 CEST 2017 ----------   Authentication-Admin_Access : Authentication OK
 Tue 19 Sep 21:29:27 CEST 2017 ----------   Authentication-Admin_Access : Try authentication
 Tue 19 Sep 21:29:27 CEST 2017 ----------   Authentication-Admin_Access : Authentication OK
 Tue 19 Sep 21:37:24 CEST 2017 ----------   Authentication-Admin_Access : Try authentication
 Tue 19 Sep 21:37:24 CEST 2017 ----------   Authentication-Admin_Access : Authentication OK
 Tue 19 Sep 21:42:23 CEST 2017 ----------   Authentication-Admin_Access : Try authentication
 Tue 19 Sep 21:42:23 CEST 2017 ----------   Authentication-Admin_Access : Authentication OK
 Wed 20 Sep 08:54:33 CEST 2017 ----------   Authentication-Admin_Access : Try authentication
 Wed 20 Sep 08:54:33 CEST 2017 ----------   Authentication-Admin_Access : Authentication OK
 Wed 20 Sep 20:41:06 CEST 2017 ----------   Authentication-Admin_Access : Try authentication
 Wed 20 Sep 20:41:06 CEST 2017 ----------   Authentication-Admin_Access : Authentication OK
 Wed 20 Sep 20:47:57 CEST 2017 ----------   Authentication-Admin_Access : Try authentication
 Wed 20 Sep 20:47:57 CEST 2017 ----------   Authentication-Admin_Access : Authentication OK
 Wed 20 Sep 21:25:36 CEST 2017 ----------   Authentication-Admin_Access : Try authentication
 Wed 20 Sep 21:25:36 CEST 2017 ----------   Authentication-Admin_Access : Authentication OK
 Thu 21 Sep 16:44:36 CEST 2017 ----------   Authentication-Admin_Access : Try authentication
 Thu 21 Sep 16:44:36 CEST 2017 ----------   Authentication-Admin_Access : Authentication OK
 Thu 21 Sep 22:38:52 CEST 2017 ----------   Authentication-Admin_Access : Try authentication
 Thu 21 Sep 22:38:52 CEST 2017 ----------   Authentication-Admin_Access : Authentication OK
 Thu 21 Sep 22:55:23 CEST 2017 ----------   Authentication-Admin_Access : Try authentication
 Thu 21 Sep 22:55:25 CEST 2017 ----------   Authentication-Admin_Access : Authentication KO
 Thu 21 Sep 22:55:36 CEST 2017 ----------   Authentication-Admin_Access : Try authentication
 Thu 21 Sep 22:55:36 CEST 2017 ----------   Authentication-Admin_Access : Authentication OK
 Fri 22 Sep 16:38:43 CEST 2017 ----------   Authentication-Admin_Access : Try authentication
 Fri 22 Sep 16:38:43 CEST 2017 ----------   Authentication-Admin_Access : Authentication OK
 Fri 22 Sep 16:41:54 CEST 2017 ----------   Authentication-Admin_Access : Try authentication
 Fri 22 Sep 16:41:54 CEST 2017 ----------   Authentication-Admin_Access : Authentication OK
 Fri 22 Sep 16:42:39 CEST 2017 ----------   Authentication-Admin_Access : Try authentication
 Fri 22 Sep 16:42:39 CEST 2017 ----------   Authentication-Admin_Access : Authentication OK
 Sat 23 Sep 13:57:04 CEST 2017 ----------   Authentication-Admin_Access : Try authentication
 Sat 23 Sep 13:57:04 CEST 2017 ----------   Authentication-Admin_Access : Authentication OK
 Sat 23 Sep 14:09:25 CEST 2017 ----------   Authentication-Admin_Access : Try authentication
 Sat 23 Sep 14:09:25 CEST 2017 ----------   Authentication-Admin_Access : Authentication OK
 Sat 23 Sep 14:10:49 CEST 2017 ----------   Authentication-Admin_Access : Try authentication
 Sat 23 Sep 14:10:49 CEST 2017 ----------   Authentication-Admin_Access : Authentication OK
 Mon 25 Sep 08:45:17 CEST 2017 ----------   Authentication-Admin_Access : Try authentication
 Mon 25 Sep 08:45:17 CEST 2017 ----------   Authentication-Admin_Access : Authentication OK
 Mon 25 Sep 08:48:13 CEST 2017 ----------   Authentication-Admin_Access : Try authentication
 Mon 25 Sep 08:48:13 CEST 2017 ----------   Authentication-Admin_Access : Authentication OK
 Mon 25 Sep 09:38:34 CEST 2017 ----------   Authentication-Admin_Access : Try authentication
 Mon 25 Sep 09:38:34 CEST 2017 ----------   Authentication-Admin_Access : Authentication OK
 Mon 25 Sep 21:41:51 CEST 2017 ----------   Authentication-Admin_Access : Try authentication
 Mon 25 Sep 21:41:51 CEST 2017 ----------   Authentication-Admin_Access : Authentication OK
 Mon 25 Sep 21:52:58 CEST 2017 ----------   Authentication-Admin_Access : Try authentication
 Mon 25 Sep 21:52:59 CEST 2017 ----------   Authentication-Admin_Access : Authentication OK
 Mon 25 Sep 22:22:54 CEST 2017 ----------   Authentication-Admin_Access : Try authentication
 Mon 25 Sep 22:22:54 CEST 2017 ----------   Authentication-Admin_Access : Authentication OK
 Tue 26 Sep 09:11:58 CEST 2017 ----------   Authentication-Admin_Access : Try authentication
 Tue 26 Sep 09:11:59 CEST 2017 ----------   Authentication-Admin_Access : Authentication OK
 Tue 26 Sep 11:22:41 CEST 2017 ----------   Authentication-Admin_Access : Try authentication
 Tue 26 Sep 11:22:41 CEST 2017 ----------   Authentication-Admin_Access : Authentication OK
 Tue 26 Sep 21:26:00 CEST 2017 ----------   Authentication-Admin_Access : Try authentication
 Tue 26 Sep 21:26:00 CEST 2017 ----------   Authentication-Admin_Access : Authentication OK
 Tue 26 Sep 21:27:21 CEST 2017 ----------   Authentication-Admin_Access : Try authentication
 Tue 26 Sep 21:27:21 CEST 2017 ----------   Authentication-Admin_Access : Authentication OK
 Tue 26 Sep 21:32:22 CEST 2017 ----------   Authentication-Admin_Access : Try authentication
 Tue 26 Sep 21:32:22 CEST 2017 ----------   Authentication-Admin_Access : Authentication OK
 Tue 26 Sep 21:40:52 CEST 2017 ----------   Authentication-Admin_Access : Try authentication
 Tue 26 Sep 21:40:53 CEST 2017 ----------   Authentication-Admin_Access : Authentication OK
 Tue 26 Sep 21:48:25 CEST 2017 ----------   Authentication-Admin_Access : Try authentication
 Tue 26 Sep 21:48:25 CEST 2017 ----------   Authentication-Admin_Access : Authentication OK
 Tue 26 Sep 21:52:36 CEST 2017 ----------   Authentication-Admin_Access : Try authentication
 Tue 26 Sep 21:52:36 CEST 2017 ----------   Authentication-Admin_Access : Authentication OK
 Sun  1 Oct 11:12:26 CEST 2017 ----------   Authentication-Admin_Access : Try authentication
 Sun  1 Oct 11:12:27 CEST 2017 ----------   Authentication-Admin_Access : Authentication OK
 Sun  1 Oct 21:48:07 CEST 2017 ----------   Authentication-Admin_Access : Try authentication
 Sun  1 Oct 21:48:08 CEST 2017 ----------   Authentication-Admin_Access : Authentication OK
 Sun  1 Oct 21:49:38 CEST 2017 ----------   Authentication-Admin_Access : Try authentication
 Sun  1 Oct 21:49:39 CEST 2017 ----------   Authentication-Admin_Access : Authentication OK
 Sun  1 Oct 21:53:39 CEST 2017 ----------   Authentication-Admin_Access : Try authentication
 Sun  1 Oct 21:53:39 CEST 2017 ----------   Authentication-Admin_Access : Authentication OK
 Sun  1 Oct 21:56:16 CEST 2017 ----------   Authentication-Admin_Access : Try authentication
 Sun  1 Oct 21:56:16 CEST 2017 ----------   Authentication-Admin_Access : Authentication OK
 Sun  1 Oct 22:12:01 CEST 2017 ----------   Authentication-Admin_Access : Try authentication
 Sun  1 Oct 22:12:01 CEST 2017 ----------   Authentication-Admin_Access : Authentication OK
 Mon  2 Oct 18:41:17 CEST 2017 ----------   Authentication-Admin_Access : Try authentication
 Mon  2 Oct 18:41:17 CEST 2017 ----------   Authentication-Admin_Access : Authentication OK
 Sat  7 Oct 17:40:16 CEST 2017 ----------   Authentication-Admin_Access : Try authentication
 Sat  7 Oct 17:40:17 CEST 2017 ----------   Authentication-Admin_Access : Authentication OK
 Sat  7 Oct 23:22:42 CEST 2017 ----------   Authentication-Admin_Access : Try authentication
 Sat  7 Oct 23:22:42 CEST 2017 ----------   Authentication-Admin_Access : Authentication OK
 Sun  8 Oct 14:32:01 CEST 2017 ----------   Authentication-Admin_Access : Try authentication
 Sun  8 Oct 14:32:01 CEST 2017 ----------   Authentication-Admin_Access : Authentication OK
 Sun  8 Oct 23:06:36 CEST 2017 ----------   Authentication-Admin_Access : Try authentication
 Sun  8 Oct 23:06:37 CEST 2017 ----------   Authentication-Admin_Access : Authentication OK
 Mon  9 Oct 13:31:17 CEST 2017 ----------   Authentication-Admin_Access : Try authentication
 Mon  9 Oct 13:31:17 CEST 2017 ----------   Authentication-Admin_Access : Authentication OK
 Mon  9 Oct 13:46:26 CEST 2017 ----------   Authentication-Admin_Access : Try authentication
 Mon  9 Oct 13:46:26 CEST 2017 ----------   Authentication-Admin_Access : Authentication OK
 Mon  9 Oct 22:17:16 CEST 2017 ----------   Authentication-Admin_Access : Try authentication
 Mon  9 Oct 22:17:16 CEST 2017 ----------   Authentication-Admin_Access : Authentication OK
 Mon  9 Oct 22:20:01 CEST 2017 ----------   Authentication-Admin_Access : Try authentication
 Mon  9 Oct 22:20:01 CEST 2017 ----------   Authentication-Admin_Access : Authentication OK
 Mon  9 Oct 22:24:08 CEST 2017 ----------   Authentication-Admin_Access : Try authentication
 Mon  9 Oct 22:24:09 CEST 2017 ----------   Authentication-Admin_Access : Authentication OK
 Tue 17 Oct 10:09:30 CEST 2017 ----------   Authentication-Admin_Access : Try authentication
 Tue 17 Oct 10:09:30 CEST 2017 ----------   Authentication-Admin_Access : Authentication OK
 Tue 17 Oct 10:13:46 CEST 2017 ----------   Authentication-Admin_Access : Try authentication
 Tue 17 Oct 10:13:46 CEST 2017 ----------   Authentication-Admin_Access : Authentication OK
 Sat 21 Oct 19:44:39 CEST 2017 ----------   Authentication-Admin_Access : Try authentication
 Sat 21 Oct 19:44:39 CEST 2017 ----------   Authentication-Admin_Access : Authentication OK
 Wed 25 Oct 14:23:20 CEST 2017 ----------   Authentication-Admin_Access : Try authentication
 Wed 25 Oct 14:23:21 CEST 2017 ----------   Authentication-Admin_Access : Authentication OK
 Wed 25 Oct 22:44:41 CEST 2017 ----------   Authentication-Admin_Access : Try authentication
 Wed 25 Oct 22:44:41 CEST 2017 ----------   Authentication-Admin_Access : Authentication OK
 Thu 26 Oct 14:21:04 CEST 2017 ----------   Authentication-Admin_Access : Try authentication
 Thu 26 Oct 14:21:05 CEST 2017 ----------   Authentication-Admin_Access : Authentication OK
