Wed 13 Sep 15:45:27 CEST 2017 ----------   check_Filesystem : File system usage less that 80%, all is fine
Thu 21 Sep 10:48:20 CEST 2017 ----------   check_Filesystem : File system usage less that 80%, all is fine
Thu 21 Sep 10:50:38 CEST 2017 ----------   check_Filesystem : File system usage less that 80%, all is fine
Thu 21 Sep 14:00:15 CEST 2017 ----------   check_Filesystem : File system usage less that 80%, all is fine
Thu 21 Sep 14:23:18 CEST 2017 ----------   check_Filesystem : File system usage less that 80%, all is fine
Thu 21 Sep 14:23:48 CEST 2017 ----------   check_Filesystem : File system usage less that 80%, all is fine
Thu 21 Sep 14:39:53 CEST 2017 ----------   check_Filesystem : File system usage less that 80%, all is fine
Thu 21 Sep 14:40:53 CEST 2017 ----------   check_Filesystem : File system usage less that 80%, all is fine
Thu 21 Sep 14:41:53 CEST 2017 ----------   check_Filesystem : File system usage less that 80%, all is fine
Thu 21 Sep 14:42:53 CEST 2017 ----------   check_Filesystem : File system usage less that 80%, all is fine
Thu 21 Sep 14:43:53 CEST 2017 ----------   check_Filesystem : File system usage less that 80%, all is fine
Thu 21 Sep 14:44:53 CEST 2017 ----------   check_Filesystem : File system usage less that 80%, all is fine
Thu 21 Sep 14:45:53 CEST 2017 ----------   check_Filesystem : File system usage less that 80%, all is fine
Thu 21 Sep 14:46:53 CEST 2017 ----------   check_Filesystem : File system usage less that 80%, all is fine
Thu 21 Sep 14:47:53 CEST 2017 ----------   check_Filesystem : File system usage less that 80%, all is fine
Thu 21 Sep 14:48:53 CEST 2017 ----------   check_Filesystem : File system usage less that 80%, all is fine
Thu 21 Sep 14:49:53 CEST 2017 ----------   check_Filesystem : File system usage less that 80%, all is fine
Thu 21 Sep 14:50:53 CEST 2017 ----------   check_Filesystem : File system usage less that 80%, all is fine
Thu 21 Sep 14:51:53 CEST 2017 ----------   check_Filesystem : File system usage less that 80%, all is fine
Thu 21 Sep 14:52:53 CEST 2017 ----------   check_Filesystem : File system usage less that 80%, all is fine
Thu 21 Sep 14:53:53 CEST 2017 ----------   check_Filesystem : File system usage less that 80%, all is fine
Thu 21 Sep 14:54:53 CEST 2017 ----------   check_Filesystem : File system usage less that 80%, all is fine
Thu 21 Sep 14:55:53 CEST 2017 ----------   check_Filesystem : File system usage less that 80%, all is fine
Thu 21 Sep 14:56:53 CEST 2017 ----------   check_Filesystem : File system usage less that 80%, all is fine
Thu 21 Sep 14:57:53 CEST 2017 ----------   check_Filesystem : File system usage less that 80%, all is fine
Thu 21 Sep 14:58:53 CEST 2017 ----------   check_Filesystem : File system usage less that 80%, all is fine
Thu 21 Sep 14:59:53 CEST 2017 ----------   check_Filesystem : File system usage less that 80%, all is fine
Thu 21 Sep 15:00:53 CEST 2017 ----------   check_Filesystem : File system usage less that 80%, all is fine
Thu 21 Sep 15:01:53 CEST 2017 ----------   check_Filesystem : File system usage less that 80%, all is fine
Thu 21 Sep 15:02:53 CEST 2017 ----------   check_Filesystem : File system usage less that 80%, all is fine
Thu 21 Sep 15:25:21 CEST 2017 ----------   check_Filesystem : File system usage less that 80%, all is fine
Thu 21 Sep 15:26:14 CEST 2017 ----------   check_Filesystem : File system usage less that 80%, all is fine
Thu 21 Sep 15:48:51 CEST 2017 ----------   check_Filesystem : File system usage less that 80%, all is fine
Thu 21 Sep 15:49:51 CEST 2017 ----------   check_Filesystem : File system usage less that 80%, all is fine
Thu 21 Sep 15:59:06 CEST 2017 ----------   check_Filesystem : File system usage less that 80%, all is fine
Thu 21 Sep 16:32:35 CEST 2017 ----------   check_Filesystem : File system usage less that 80%, all is fine
Thu 21 Sep 16:33:41 CEST 2017 ----------   check_Filesystem : File system usage less that 80%, all is fine
Thu 21 Sep 19:46:38 CEST 2017 ----------   check_Filesystem : File system usage less that 80%, all is fine
Thu 21 Sep 19:51:39 CEST 2017 ----------   check_Filesystem : File system usage less that 80%, all is fine
Thu 21 Sep 19:53:14 CEST 2017 ----------   check_Filesystem : File system usage less that 80%, all is fine
Thu 21 Sep 19:55:14 CEST 2017 ----------   check_Filesystem : File system usage less that 80%, all is fine
Thu 21 Sep 19:58:57 CEST 2017 ----------   check_Filesystem : File system usage less that 80%, all is fine
Thu 21 Sep 20:39:43 CEST 2017 ----------   check_Filesystem : File system usage less that 80%, all is fine
Thu 21 Sep 20:50:59 CEST 2017 ----------   check_Filesystem : File system usage less that 80%, all is fine
Thu 21 Sep 21:02:04 CEST 2017 ----------   check_Filesystem : File system usage less that 80%, all is fine
Thu 21 Sep 21:04:20 CEST 2017 ----------   check_Filesystem : File system usage less that 80%, all is fine
Thu 21 Sep 21:04:22 CEST 2017 ----------   check_Filesystem : File system usage less that 80%, all is fine
Thu 21 Sep 21:04:23 CEST 2017 ----------   check_Filesystem : File system usage less that 80%, all is fine
Thu 21 Sep 21:04:24 CEST 2017 ----------   check_Filesystem : File system usage less that 80%, all is fine
Thu 21 Sep 21:04:25 CEST 2017 ----------   check_Filesystem : File system usage less that 80%, all is fine
Thu 21 Sep 21:06:12 CEST 2017 ----------   check_Filesystem : File system usage less that 80%, all is fine
Thu 21 Sep 21:19:58 CEST 2017 ----------   check_Filesystem : File system usage less that 80%, all is fine
Thu 21 Sep 21:51:47 CEST 2017 ----------   check_Filesystem : File system usage less that 80%, all is fine
Thu 21 Sep 21:53:38 CEST 2017 ----------   check_Filesystem : File system usage less that 80%, all is fine
Thu 21 Sep 22:16:50 CEST 2017 ----------   check_Filesystem : File system usage less that 80%, all is fine
Thu 21 Sep 22:18:32 CEST 2017 ----------   check_Filesystem : File system usage less that 80%, all is fine
Thu 21 Sep 22:18:43 CEST 2017 ----------   check_Filesystem : File system usage less that 80%, all is fine
Thu 21 Sep 22:39:12 CEST 2017 ----------   check_Filesystem : File system usage less that 80%, all is fine
Thu 21 Sep 22:39:59 CEST 2017 ----------   check_Filesystem : File system usage less that 80%, all is fine
Thu 21 Sep 22:40:01 CEST 2017 ----------   check_Filesystem : File system usage less that 80%, all is fine
Thu 21 Sep 23:02:23 CEST 2017 ----------   check_Filesystem : File system usage less that 80%, all is fine
Thu 21 Sep 23:05:22 CEST 2017 ----------   check_Filesystem : File system usage less that 80%, all is fine
Fri 22 Sep 00:05:22 CEST 2017 ----------   check_Filesystem : File system usage less that 80%, all is fine
Fri 22 Sep 01:05:22 CEST 2017 ----------   check_Filesystem : File system usage less that 80%, all is fine
Fri 22 Sep 02:05:22 CEST 2017 ----------   check_Filesystem : File system usage less that 80%, all is fine
Fri 22 Sep 03:05:22 CEST 2017 ----------   check_Filesystem : File system usage less that 80%, all is fine
Fri 22 Sep 04:05:22 CEST 2017 ----------   check_Filesystem : File system usage less that 80%, all is fine
Fri 22 Sep 05:05:22 CEST 2017 ----------   check_Filesystem : File system usage less that 80%, all is fine
Fri 22 Sep 06:05:22 CEST 2017 ----------   check_Filesystem : File system usage less that 80%, all is fine
Fri 22 Sep 07:05:22 CEST 2017 ----------   check_Filesystem : File system usage less that 80%, all is fine
Fri 22 Sep 08:05:22 CEST 2017 ----------   check_Filesystem : File system usage less that 80%, all is fine
Fri 22 Sep 09:05:22 CEST 2017 ----------   check_Filesystem : File system usage less that 80%, all is fine
Fri 22 Sep 10:05:22 CEST 2017 ----------   check_Filesystem : File system usage less that 80%, all is fine
Fri 22 Sep 11:05:22 CEST 2017 ----------   check_Filesystem : File system usage less that 80%, all is fine
Fri 22 Sep 12:05:22 CEST 2017 ----------   check_Filesystem : File system usage less that 80%, all is fine
Fri 22 Sep 13:05:22 CEST 2017 ----------   check_Filesystem : File system usage less that 80%, all is fine
Fri 22 Sep 14:05:22 CEST 2017 ----------   check_Filesystem : File system usage less that 80%, all is fine
Fri 22 Sep 15:05:22 CEST 2017 ----------   check_Filesystem : File system usage less that 80%, all is fine
Fri 22 Sep 16:05:22 CEST 2017 ----------   check_Filesystem : File system usage less that 80%, all is fine
Fri 22 Sep 16:39:01 CEST 2017 ----------   check_Filesystem : File system usage less that 80%, all is fine
Fri 22 Sep 16:39:05 CEST 2017 ----------   check_Filesystem : File system usage less that 80%, all is fine
Fri 22 Sep 16:39:07 CEST 2017 ----------   check_Filesystem : File system usage less that 80%, all is fine
Fri 22 Sep 16:39:09 CEST 2017 ----------   check_Filesystem : File system usage less that 80%, all is fine
Fri 22 Sep 16:42:06 CEST 2017 ----------   check_Filesystem : File system usage less that 80%, all is fine
Fri 22 Sep 16:42:09 CEST 2017 ----------   check_Filesystem : File system usage less that 80%, all is fine
Fri 22 Sep 16:42:12 CEST 2017 ----------   check_Filesystem : File system usage less that 80%, all is fine
Fri 22 Sep 16:42:19 CEST 2017 ----------   check_Filesystem : File system usage less that 80%, all is fine
Fri 22 Sep 16:43:19 CEST 2017 ----------   check_Filesystem : File system usage less that 80%, all is fine
Fri 22 Sep 16:43:22 CEST 2017 ----------   check_Filesystem : File system usage less that 80%, all is fine
Fri 22 Sep 16:43:24 CEST 2017 ----------   check_Filesystem : File system usage less that 80%, all is fine
Fri 22 Sep 16:43:29 CEST 2017 ----------   check_Filesystem : File system usage less that 80%, all is fine
Fri 22 Sep 16:43:31 CEST 2017 ----------   check_Filesystem : File system usage less that 80%, all is fine
Fri 22 Sep 16:43:48 CEST 2017 ----------   check_Filesystem : File system usage less that 80%, all is fine
Fri 22 Sep 16:43:50 CEST 2017 ----------   check_Filesystem : File system usage less that 80%, all is fine
Fri 22 Sep 16:49:09 CEST 2017 ----------   check_Filesystem : File system usage less that 80%, all is fine
Fri 22 Sep 17:43:19 CEST 2017 ----------   check_Filesystem : File system usage less that 80%, all is fine
Fri 22 Sep 18:43:19 CEST 2017 ----------   check_Filesystem : File system usage less that 80%, all is fine
Fri 22 Sep 19:43:19 CEST 2017 ----------   check_Filesystem : File system usage less that 80%, all is fine
Fri 22 Sep 20:43:19 CEST 2017 ----------   check_Filesystem : File system usage less that 80%, all is fine
Fri 22 Sep 21:43:19 CEST 2017 ----------   check_Filesystem : File system usage less that 80%, all is fine
Fri 22 Sep 22:43:19 CEST 2017 ----------   check_Filesystem : File system usage less that 80%, all is fine
Fri 22 Sep 23:43:19 CEST 2017 ----------   check_Filesystem : File system usage less that 80%, all is fine
Sat 23 Sep 00:43:19 CEST 2017 ----------   check_Filesystem : File system usage less that 80%, all is fine
Sat 23 Sep 01:43:19 CEST 2017 ----------   check_Filesystem : File system usage less that 80%, all is fine
Sat 23 Sep 02:43:19 CEST 2017 ----------   check_Filesystem : File system usage less that 80%, all is fine
Sat 23 Sep 03:43:19 CEST 2017 ----------   check_Filesystem : File system usage less that 80%, all is fine
Sat 23 Sep 04:43:19 CEST 2017 ----------   check_Filesystem : File system usage less that 80%, all is fine
Sat 23 Sep 05:43:19 CEST 2017 ----------   check_Filesystem : File system usage less that 80%, all is fine
Sat 23 Sep 06:43:19 CEST 2017 ----------   check_Filesystem : File system usage less that 80%, all is fine
Sat 23 Sep 07:43:19 CEST 2017 ----------   check_Filesystem : File system usage less that 80%, all is fine
Sat 23 Sep 08:43:19 CEST 2017 ----------   check_Filesystem : File system usage less that 80%, all is fine
Sat 23 Sep 09:43:19 CEST 2017 ----------   check_Filesystem : File system usage less that 80%, all is fine
Sat 23 Sep 13:59:26 CEST 2017 ----------   check_Filesystem : File system usage less that 80%, all is fine
Sat 23 Sep 13:59:57 CEST 2017 ----------   check_Filesystem : File system usage less that 80%, all is fine
Sat 23 Sep 13:59:58 CEST 2017 ----------   check_Filesystem : File system usage less that 80%, all is fine
Sat 23 Sep 14:00:00 CEST 2017 ----------   check_Filesystem : File system usage less that 80%, all is fine
Sat 23 Sep 14:00:09 CEST 2017 ----------   check_Filesystem : File system usage less that 80%, all is fine
Sat 23 Sep 14:02:00 CEST 2017 ----------   check_Filesystem : File system usage less that 80%, all is fine
Sat 23 Sep 14:08:59 CEST 2017 ----------   check_Filesystem : File system usage less that 80%, all is fine
Sat 23 Sep 14:10:23 CEST 2017 ----------   check_Filesystem : File system usage less that 80%, all is fine
Sat 23 Sep 14:28:23 CEST 2017 ----------   check_Filesystem : File system usage less that 80%, all is fine
Sat 23 Sep 14:30:21 CEST 2017 ----------   check_Filesystem : File system usage less that 80%, all is fine
Sat 23 Sep 14:32:16 CEST 2017 ----------   check_Filesystem : File system usage less that 80%, all is fine
Sat 23 Sep 14:41:03 CEST 2017 ----------   check_Filesystem : File system usage less that 80%, all is fine
Sat 23 Sep 15:32:16 CEST 2017 ----------   check_Filesystem : File system usage less that 80%, all is fine
Sat 23 Sep 16:32:16 CEST 2017 ----------   check_Filesystem : File system usage less that 80%, all is fine
Sat 23 Sep 17:32:16 CEST 2017 ----------   check_Filesystem : File system usage less that 80%, all is fine
Sat 23 Sep 18:32:16 CEST 2017 ----------   check_Filesystem : File system usage less that 80%, all is fine
Sat 23 Sep 19:32:16 CEST 2017 ----------   check_Filesystem : File system usage less that 80%, all is fine
Sat 23 Sep 20:32:16 CEST 2017 ----------   check_Filesystem : File system usage less that 80%, all is fine
Sat 23 Sep 21:32:16 CEST 2017 ----------   check_Filesystem : File system usage less that 80%, all is fine
Sat 23 Sep 22:32:16 CEST 2017 ----------   check_Filesystem : File system usage less that 80%, all is fine
Sat 23 Sep 23:32:16 CEST 2017 ----------   check_Filesystem : File system usage less that 80%, all is fine
Sun 24 Sep 00:32:16 CEST 2017 ----------   check_Filesystem : File system usage less that 80%, all is fine
Sun 24 Sep 01:32:16 CEST 2017 ----------   check_Filesystem : File system usage less that 80%, all is fine
Sun 24 Sep 02:32:16 CEST 2017 ----------   check_Filesystem : File system usage less that 80%, all is fine
Sun 24 Sep 03:32:16 CEST 2017 ----------   check_Filesystem : File system usage less that 80%, all is fine
Sun 24 Sep 04:32:16 CEST 2017 ----------   check_Filesystem : File system usage less that 80%, all is fine
Sun 24 Sep 05:32:16 CEST 2017 ----------   check_Filesystem : File system usage less that 80%, all is fine
Sun 24 Sep 06:32:16 CEST 2017 ----------   check_Filesystem : File system usage less that 80%, all is fine
Sun 24 Sep 07:32:16 CEST 2017 ----------   check_Filesystem : File system usage less that 80%, all is fine
Sun 24 Sep 08:32:16 CEST 2017 ----------   check_Filesystem : File system usage less that 80%, all is fine
Sun 24 Sep 09:32:16 CEST 2017 ----------   check_Filesystem : File system usage less that 80%, all is fine
Sun 24 Sep 10:32:16 CEST 2017 ----------   check_Filesystem : File system usage less that 80%, all is fine
Sun 24 Sep 11:32:16 CEST 2017 ----------   check_Filesystem : File system usage less that 80%, all is fine
Sun 24 Sep 12:32:16 CEST 2017 ----------   check_Filesystem : File system usage less that 80%, all is fine
Sun 24 Sep 13:32:16 CEST 2017 ----------   check_Filesystem : File system usage less that 80%, all is fine
Sun 24 Sep 14:32:16 CEST 2017 ----------   check_Filesystem : File system usage less that 80%, all is fine
Sun 24 Sep 15:32:16 CEST 2017 ----------   check_Filesystem : File system usage less that 80%, all is fine
Sun 24 Sep 16:32:16 CEST 2017 ----------   check_Filesystem : File system usage less that 80%, all is fine
Sun 24 Sep 17:32:16 CEST 2017 ----------   check_Filesystem : File system usage less that 80%, all is fine
Sun 24 Sep 18:32:16 CEST 2017 ----------   check_Filesystem : File system usage less that 80%, all is fine
Sun 24 Sep 19:32:16 CEST 2017 ----------   check_Filesystem : File system usage less that 80%, all is fine
Sun 24 Sep 20:32:16 CEST 2017 ----------   check_Filesystem : File system usage less that 80%, all is fine
Sun 24 Sep 21:32:16 CEST 2017 ----------   check_Filesystem : File system usage less that 80%, all is fine
Sun 24 Sep 22:32:16 CEST 2017 ----------   check_Filesystem : File system usage less that 80%, all is fine
Sun 24 Sep 23:32:16 CEST 2017 ----------   check_Filesystem : File system usage less that 80%, all is fine
Mon 25 Sep 00:32:16 CEST 2017 ----------   check_Filesystem : File system usage less that 80%, all is fine
Mon 25 Sep 01:32:16 CEST 2017 ----------   check_Filesystem : File system usage less that 80%, all is fine
Mon 25 Sep 02:32:16 CEST 2017 ----------   check_Filesystem : File system usage less that 80%, all is fine
Mon 25 Sep 03:32:16 CEST 2017 ----------   check_Filesystem : File system usage less that 80%, all is fine
Mon 25 Sep 04:32:16 CEST 2017 ----------   check_Filesystem : File system usage less that 80%, all is fine
Mon 25 Sep 05:32:16 CEST 2017 ----------   check_Filesystem : File system usage less that 80%, all is fine
Mon 25 Sep 06:32:16 CEST 2017 ----------   check_Filesystem : File system usage less that 80%, all is fine
Mon 25 Sep 07:32:16 CEST 2017 ----------   check_Filesystem : File system usage less that 80%, all is fine
Mon 25 Sep 08:32:16 CEST 2017 ----------   check_Filesystem : File system usage less that 80%, all is fine
Mon 25 Sep 08:45:50 CEST 2017 ----------   check_Filesystem : File system usage less that 80%, all is fine
Mon 25 Sep 08:47:02 CEST 2017 ----------   check_Filesystem : File system usage less that 80%, all is fine
Mon 25 Sep 08:48:38 CEST 2017 ----------   check_Filesystem : File system usage less that 80%, all is fine
Mon 25 Sep 13:41:54 CEST 2017 ----------   check_Filesystem : File system usage less that 80%, all is fine
Mon 25 Sep 13:58:18 CEST 2017 ----------   check_Filesystem : File system usage less that 80%, all is fine
Mon 25 Sep 14:41:54 CEST 2017 ----------   check_Filesystem : File system usage less that 80%, all is fine
Mon 25 Sep 15:41:54 CEST 2017 ----------   check_Filesystem : File system usage less that 80%, all is fine
Mon 25 Sep 16:41:54 CEST 2017 ----------   check_Filesystem : File system usage less that 80%, all is fine
Mon 25 Sep 17:41:54 CEST 2017 ----------   check_Filesystem : File system usage less that 80%, all is fine
Mon 25 Sep 18:41:54 CEST 2017 ----------   check_Filesystem : File system usage less that 80%, all is fine
Mon 25 Sep 19:41:54 CEST 2017 ----------   check_Filesystem : File system usage less that 80%, all is fine
Mon 25 Sep 20:41:54 CEST 2017 ----------   check_Filesystem : File system usage less that 80%, all is fine
Mon 25 Sep 21:31:59 CEST 2017 ----------   check_Filesystem : File system usage less that 80%, all is fine
Mon 25 Sep 21:32:55 CEST 2017 ----------   check_Filesystem : File system usage less that 80%, all is fine
Mon 25 Sep 21:34:15 CEST 2017 ----------   check_Filesystem : File system usage less that 80%, all is fine
Mon 25 Sep 21:52:41 CEST 2017 ----------   check_Filesystem : File system usage less that 80%, all is fine
Tue 26 Sep 09:00:15 CEST 2017 ----------   check_Filesystem : File system usage less that 80%, all is fine
Tue 26 Sep 09:03:07 CEST 2017 ----------   check_Filesystem : File system usage less that 80%, all is fine
Tue 26 Sep 09:58:21 CEST 2017 ----------   check_Filesystem : File system usage less that 80%, all is fine
Tue 26 Sep 10:58:21 CEST 2017 ----------   check_Filesystem : File system usage less that 80%, all is fine
Tue 26 Sep 13:11:58 CEST 2017 ----------   check_Filesystem : File system usage less that 80%, all is fine
Tue 26 Sep 14:11:58 CEST 2017 ----------   check_Filesystem : File system usage less that 80%, all is fine
Tue 26 Sep 15:11:58 CEST 2017 ----------   check_Filesystem : File system usage less that 80%, all is fine
Tue 26 Sep 16:11:58 CEST 2017 ----------   check_Filesystem : File system usage less that 80%, all is fine
Tue 26 Sep 17:11:58 CEST 2017 ----------   check_Filesystem : File system usage less that 80%, all is fine
Tue 26 Sep 18:11:58 CEST 2017 ----------   check_Filesystem : File system usage less that 80%, all is fine
Tue 26 Sep 19:11:58 CEST 2017 ----------   check_Filesystem : File system usage less that 80%, all is fine
Tue 26 Sep 20:01:39 CEST 2017 ----------   check_Filesystem : File system usage less that 80%, all is fine
Tue 26 Sep 20:05:55 CEST 2017 ----------   check_Filesystem : File system usage less that 80%, all is fine
Tue 26 Sep 20:06:12 CEST 2017 ----------   check_Filesystem : File system usage less that 80%, all is fine
Tue 26 Sep 20:10:31 CEST 2017 ----------   check_Filesystem : File system usage less that 80%, all is fine
Tue 26 Sep 20:16:16 CEST 2017 ----------   check_Filesystem : File system usage less that 80%, all is fine
Tue 26 Sep 20:17:35 CEST 2017 ----------   check_Filesystem : File system usage less that 80%, all is fine
Tue 26 Sep 21:05:55 CEST 2017 ----------   check_Filesystem : File system usage less that 80%, all is fine
Tue 26 Sep 21:26:29 CEST 2017 ----------   check_Filesystem : File system usage less that 80%, all is fine
Tue 26 Sep 21:27:44 CEST 2017 ----------   check_Filesystem : File system usage less that 80%, all is fine
Tue 26 Sep 21:32:44 CEST 2017 ----------   check_Filesystem : File system usage less that 80%, all is fine
Tue 26 Sep 21:48:11 CEST 2017 ----------   check_Filesystem : File system usage less that 80%, all is fine
Tue 26 Sep 21:50:17 CEST 2017 ----------   check_Filesystem : File system usage less that 80%, all is fine
Tue 26 Sep 21:51:56 CEST 2017 ----------   check_Filesystem : File system usage less that 80%, all is fine
Tue 26 Sep 21:54:46 CEST 2017 ----------   check_Filesystem : File system usage less that 80%, all is fine
Tue 26 Sep 22:54:46 CEST 2017 ----------   check_Filesystem : File system usage less that 80%, all is fine
Tue 26 Sep 23:54:46 CEST 2017 ----------   check_Filesystem : File system usage less that 80%, all is fine
Wed 27 Sep 00:54:46 CEST 2017 ----------   check_Filesystem : File system usage less that 80%, all is fine
Wed 27 Sep 01:54:46 CEST 2017 ----------   check_Filesystem : File system usage less that 80%, all is fine
Wed 27 Sep 02:54:46 CEST 2017 ----------   check_Filesystem : File system usage less that 80%, all is fine
Wed 27 Sep 03:54:46 CEST 2017 ----------   check_Filesystem : File system usage less that 80%, all is fine
Wed 27 Sep 04:54:46 CEST 2017 ----------   check_Filesystem : File system usage less that 80%, all is fine
Wed 27 Sep 05:54:46 CEST 2017 ----------   check_Filesystem : File system usage less that 80%, all is fine
Wed 27 Sep 06:54:46 CEST 2017 ----------   check_Filesystem : File system usage less that 80%, all is fine
Wed 27 Sep 07:54:46 CEST 2017 ----------   check_Filesystem : File system usage less that 80%, all is fine
Wed 27 Sep 08:54:46 CEST 2017 ----------   check_Filesystem : File system usage less that 80%, all is fine
Wed 27 Sep 09:54:46 CEST 2017 ----------   check_Filesystem : File system usage less that 80%, all is fine
Wed 27 Sep 10:54:46 CEST 2017 ----------   check_Filesystem : File system usage less that 80%, all is fine
Wed 27 Sep 11:54:46 CEST 2017 ----------   check_Filesystem : File system usage less that 80%, all is fine
Wed 27 Sep 12:54:46 CEST 2017 ----------   check_Filesystem : File system usage less that 80%, all is fine
Wed 27 Sep 13:54:46 CEST 2017 ----------   check_Filesystem : File system usage less that 80%, all is fine
Wed 27 Sep 14:54:46 CEST 2017 ----------   check_Filesystem : File system usage less that 80%, all is fine
Wed 27 Sep 15:54:46 CEST 2017 ----------   check_Filesystem : File system usage less that 80%, all is fine
Wed 27 Sep 16:54:46 CEST 2017 ----------   check_Filesystem : File system usage less that 80%, all is fine
Wed 27 Sep 17:54:46 CEST 2017 ----------   check_Filesystem : File system usage less that 80%, all is fine
Wed 27 Sep 18:54:46 CEST 2017 ----------   check_Filesystem : File system usage less that 80%, all is fine
Wed 27 Sep 19:54:46 CEST 2017 ----------   check_Filesystem : File system usage less that 80%, all is fine
Wed 27 Sep 20:54:46 CEST 2017 ----------   check_Filesystem : File system usage less that 80%, all is fine
Wed 27 Sep 21:54:46 CEST 2017 ----------   check_Filesystem : File system usage less that 80%, all is fine
Wed 27 Sep 22:54:46 CEST 2017 ----------   check_Filesystem : File system usage less that 80%, all is fine
Wed 27 Sep 23:54:46 CEST 2017 ----------   check_Filesystem : File system usage less that 80%, all is fine
Thu 28 Sep 00:54:46 CEST 2017 ----------   check_Filesystem : File system usage less that 80%, all is fine
Thu 28 Sep 01:54:46 CEST 2017 ----------   check_Filesystem : File system usage less that 80%, all is fine
Thu 28 Sep 02:54:46 CEST 2017 ----------   check_Filesystem : File system usage less that 80%, all is fine
Thu 28 Sep 03:54:46 CEST 2017 ----------   check_Filesystem : File system usage less that 80%, all is fine
Thu 28 Sep 04:54:46 CEST 2017 ----------   check_Filesystem : File system usage less that 80%, all is fine
Thu 28 Sep 05:54:46 CEST 2017 ----------   check_Filesystem : File system usage less that 80%, all is fine
Thu 28 Sep 06:54:46 CEST 2017 ----------   check_Filesystem : File system usage less that 80%, all is fine
Thu 28 Sep 07:54:46 CEST 2017 ----------   check_Filesystem : File system usage less that 80%, all is fine
Thu 28 Sep 08:54:46 CEST 2017 ----------   check_Filesystem : File system usage less that 80%, all is fine
Thu 28 Sep 09:54:46 CEST 2017 ----------   check_Filesystem : File system usage less that 80%, all is fine
Thu 28 Sep 10:54:46 CEST 2017 ----------   check_Filesystem : File system usage less that 80%, all is fine
Thu 28 Sep 11:54:46 CEST 2017 ----------   check_Filesystem : File system usage less that 80%, all is fine
Thu 28 Sep 12:54:46 CEST 2017 ----------   check_Filesystem : File system usage less that 80%, all is fine
Thu 28 Sep 13:54:46 CEST 2017 ----------   check_Filesystem : File system usage less that 80%, all is fine
Thu 28 Sep 14:54:46 CEST 2017 ----------   check_Filesystem : File system usage less that 80%, all is fine
Thu 28 Sep 15:54:46 CEST 2017 ----------   check_Filesystem : File system usage less that 80%, all is fine
Thu 28 Sep 16:54:46 CEST 2017 ----------   check_Filesystem : File system usage less that 80%, all is fine
Thu 28 Sep 17:54:46 CEST 2017 ----------   check_Filesystem : File system usage less that 80%, all is fine
Thu 28 Sep 18:54:46 CEST 2017 ----------   check_Filesystem : File system usage less that 80%, all is fine
Thu 28 Sep 19:54:46 CEST 2017 ----------   check_Filesystem : File system usage less that 80%, all is fine
Thu 28 Sep 20:54:46 CEST 2017 ----------   check_Filesystem : File system usage less that 80%, all is fine
Thu 28 Sep 21:54:46 CEST 2017 ----------   check_Filesystem : File system usage less that 80%, all is fine
Thu 28 Sep 22:54:46 CEST 2017 ----------   check_Filesystem : File system usage less that 80%, all is fine
Thu 28 Sep 23:54:46 CEST 2017 ----------   check_Filesystem : File system usage less that 80%, all is fine
Fri 29 Sep 00:54:46 CEST 2017 ----------   check_Filesystem : File system usage less that 80%, all is fine
Fri 29 Sep 01:54:46 CEST 2017 ----------   check_Filesystem : File system usage less that 80%, all is fine
Fri 29 Sep 02:54:46 CEST 2017 ----------   check_Filesystem : File system usage less that 80%, all is fine
Fri 29 Sep 03:54:46 CEST 2017 ----------   check_Filesystem : File system usage less that 80%, all is fine
Fri 29 Sep 04:54:46 CEST 2017 ----------   check_Filesystem : File system usage less that 80%, all is fine
Fri 29 Sep 05:54:46 CEST 2017 ----------   check_Filesystem : File system usage less that 80%, all is fine
Fri 29 Sep 06:54:46 CEST 2017 ----------   check_Filesystem : File system usage less that 80%, all is fine
Fri 29 Sep 07:54:46 CEST 2017 ----------   check_Filesystem : File system usage less that 80%, all is fine
Fri 29 Sep 08:54:46 CEST 2017 ----------   check_Filesystem : File system usage less that 80%, all is fine
Fri 29 Sep 09:54:46 CEST 2017 ----------   check_Filesystem : File system usage less that 80%, all is fine
Fri 29 Sep 10:54:46 CEST 2017 ----------   check_Filesystem : File system usage less that 80%, all is fine
Fri 29 Sep 11:54:46 CEST 2017 ----------   check_Filesystem : File system usage less that 80%, all is fine
Fri 29 Sep 12:54:46 CEST 2017 ----------   check_Filesystem : File system usage less that 80%, all is fine
Fri 29 Sep 13:54:46 CEST 2017 ----------   check_Filesystem : File system usage less that 80%, all is fine
Fri 29 Sep 14:54:46 CEST 2017 ----------   check_Filesystem : File system usage less that 80%, all is fine
Fri 29 Sep 15:54:46 CEST 2017 ----------   check_Filesystem : File system usage less that 80%, all is fine
Fri 29 Sep 16:54:46 CEST 2017 ----------   check_Filesystem : File system usage less that 80%, all is fine
Fri 29 Sep 17:54:46 CEST 2017 ----------   check_Filesystem : File system usage less that 80%, all is fine
Fri 29 Sep 18:54:46 CEST 2017 ----------   check_Filesystem : File system usage less that 80%, all is fine
Fri 29 Sep 19:54:46 CEST 2017 ----------   check_Filesystem : File system usage less that 80%, all is fine
Fri 29 Sep 20:54:46 CEST 2017 ----------   check_Filesystem : File system usage less that 80%, all is fine
Fri 29 Sep 21:54:46 CEST 2017 ----------   check_Filesystem : File system usage less that 80%, all is fine
Fri 29 Sep 22:54:46 CEST 2017 ----------   check_Filesystem : File system usage less that 80%, all is fine
Fri 29 Sep 23:54:46 CEST 2017 ----------   check_Filesystem : File system usage less that 80%, all is fine
Sat 30 Sep 00:54:46 CEST 2017 ----------   check_Filesystem : File system usage less that 80%, all is fine
Sat 30 Sep 01:54:46 CEST 2017 ----------   check_Filesystem : File system usage less that 80%, all is fine
Sat 30 Sep 02:54:46 CEST 2017 ----------   check_Filesystem : File system usage less that 80%, all is fine
Sat 30 Sep 03:54:46 CEST 2017 ----------   check_Filesystem : File system usage less that 80%, all is fine
Sat 30 Sep 04:54:46 CEST 2017 ----------   check_Filesystem : File system usage less that 80%, all is fine
Sat 30 Sep 05:54:46 CEST 2017 ----------   check_Filesystem : File system usage less that 80%, all is fine
Sat 30 Sep 06:54:46 CEST 2017 ----------   check_Filesystem : File system usage less that 80%, all is fine
Sat 30 Sep 07:54:46 CEST 2017 ----------   check_Filesystem : File system usage less that 80%, all is fine
Sat 30 Sep 08:54:46 CEST 2017 ----------   check_Filesystem : File system usage less that 80%, all is fine
Sat 30 Sep 09:54:46 CEST 2017 ----------   check_Filesystem : File system usage less that 80%, all is fine
Sat 30 Sep 10:54:46 CEST 2017 ----------   check_Filesystem : File system usage less that 80%, all is fine
Sat 30 Sep 11:54:46 CEST 2017 ----------   check_Filesystem : File system usage less that 80%, all is fine
Sat 30 Sep 12:54:46 CEST 2017 ----------   check_Filesystem : File system usage less that 80%, all is fine
Sat 30 Sep 13:54:46 CEST 2017 ----------   check_Filesystem : File system usage less that 80%, all is fine
Sat 30 Sep 14:54:46 CEST 2017 ----------   check_Filesystem : File system usage less that 80%, all is fine
Sat 30 Sep 15:54:46 CEST 2017 ----------   check_Filesystem : File system usage less that 80%, all is fine
Sat 30 Sep 16:54:46 CEST 2017 ----------   check_Filesystem : File system usage less that 80%, all is fine
Sat 30 Sep 17:54:46 CEST 2017 ----------   check_Filesystem : File system usage less that 80%, all is fine
Sat 30 Sep 18:54:46 CEST 2017 ----------   check_Filesystem : File system usage less that 80%, all is fine
Sat 30 Sep 19:04:38 CEST 2017 ----------   check_Filesystem : File system usage less that 80%, all is fine
Sat 30 Sep 19:07:31 CEST 2017 ----------   check_Filesystem : File system usage less that 80%, all is fine
Sat 30 Sep 19:54:46 CEST 2017 ----------   check_Filesystem : File system usage less that 80%, all is fine
Sat 30 Sep 20:54:46 CEST 2017 ----------   check_Filesystem : File system usage less that 80%, all is fine
Sat 30 Sep 21:54:46 CEST 2017 ----------   check_Filesystem : File system usage less that 80%, all is fine
Sat 30 Sep 22:54:46 CEST 2017 ----------   check_Filesystem : File system usage less that 80%, all is fine
Sat 30 Sep 23:54:46 CEST 2017 ----------   check_Filesystem : File system usage less that 80%, all is fine
Sun  1 Oct 00:54:46 CEST 2017 ----------   check_Filesystem : File system usage less that 80%, all is fine
Sun  1 Oct 01:54:46 CEST 2017 ----------   check_Filesystem : File system usage less that 80%, all is fine
Sun  1 Oct 02:54:46 CEST 2017 ----------   check_Filesystem : File system usage less that 80%, all is fine
Sun  1 Oct 03:54:46 CEST 2017 ----------   check_Filesystem : File system usage less that 80%, all is fine
Sun  1 Oct 04:54:46 CEST 2017 ----------   check_Filesystem : File system usage less that 80%, all is fine
Sun  1 Oct 05:54:46 CEST 2017 ----------   check_Filesystem : File system usage less that 80%, all is fine
Sun  1 Oct 06:54:46 CEST 2017 ----------   check_Filesystem : File system usage less that 80%, all is fine
Sun  1 Oct 07:54:46 CEST 2017 ----------   check_Filesystem : File system usage less that 80%, all is fine
Sun  1 Oct 08:54:46 CEST 2017 ----------   check_Filesystem : File system usage less that 80%, all is fine
Sun  1 Oct 09:54:46 CEST 2017 ----------   check_Filesystem : File system usage less that 80%, all is fine
Sun  1 Oct 10:54:46 CEST 2017 ----------   check_Filesystem : File system usage less that 80%, all is fine
Sun  1 Oct 11:57:39 CEST 2017 ----------   check_Filesystem : File system usage less that 80%, all is fine
Sun  1 Oct 12:57:39 CEST 2017 ----------   check_Filesystem : File system usage less that 80%, all is fine
Sun  1 Oct 13:57:39 CEST 2017 ----------   check_Filesystem : File system usage less that 80%, all is fine
Sun  1 Oct 14:57:39 CEST 2017 ----------   check_Filesystem : File system usage less that 80%, all is fine
Sun  1 Oct 15:57:39 CEST 2017 ----------   check_Filesystem : File system usage less that 80%, all is fine
Sun  1 Oct 16:57:39 CEST 2017 ----------   check_Filesystem : File system usage less that 80%, all is fine
Sun  1 Oct 17:57:39 CEST 2017 ----------   check_Filesystem : File system usage less that 80%, all is fine
Sun  1 Oct 18:57:39 CEST 2017 ----------   check_Filesystem : File system usage less that 80%, all is fine
Sun  1 Oct 19:57:39 CEST 2017 ----------   check_Filesystem : File system usage less that 80%, all is fine
Sun  1 Oct 20:57:39 CEST 2017 ----------   check_Filesystem : File system usage less that 80%, all is fine
Sun  1 Oct 21:48:39 CEST 2017 ----------   check_Filesystem : File system usage less that 80%, all is fine
Sun  1 Oct 21:52:16 CEST 2017 ----------   check_Filesystem : File system usage less that 80%, all is fine
Sun  1 Oct 21:54:01 CEST 2017 ----------   check_Filesystem : File system usage less that 80%, all is fine
Sun  1 Oct 21:58:47 CEST 2017 ----------   check_Filesystem : File system usage less that 80%, all is fine
Sun  1 Oct 22:15:18 CEST 2017 ----------   check_Filesystem : File system usage less that 80%, all is fine
Sun  1 Oct 23:15:18 CEST 2017 ----------   check_Filesystem : File system usage less that 80%, all is fine
Mon  2 Oct 00:15:18 CEST 2017 ----------   check_Filesystem : File system usage less that 80%, all is fine
Mon  2 Oct 01:15:18 CEST 2017 ----------   check_Filesystem : File system usage less that 80%, all is fine
Mon  2 Oct 02:15:18 CEST 2017 ----------   check_Filesystem : File system usage less that 80%, all is fine
Mon  2 Oct 03:15:18 CEST 2017 ----------   check_Filesystem : File system usage less that 80%, all is fine
Mon  2 Oct 04:15:18 CEST 2017 ----------   check_Filesystem : File system usage less that 80%, all is fine
Mon  2 Oct 05:15:18 CEST 2017 ----------   check_Filesystem : File system usage less that 80%, all is fine
Mon  2 Oct 06:15:18 CEST 2017 ----------   check_Filesystem : File system usage less that 80%, all is fine
Mon  2 Oct 07:15:18 CEST 2017 ----------   check_Filesystem : File system usage less that 80%, all is fine
Mon  2 Oct 08:15:18 CEST 2017 ----------   check_Filesystem : File system usage less that 80%, all is fine
Mon  2 Oct 09:15:18 CEST 2017 ----------   check_Filesystem : File system usage less that 80%, all is fine
Mon  2 Oct 10:15:18 CEST 2017 ----------   check_Filesystem : File system usage less that 80%, all is fine
Mon  2 Oct 11:15:18 CEST 2017 ----------   check_Filesystem : File system usage less that 80%, all is fine
Mon  2 Oct 12:15:18 CEST 2017 ----------   check_Filesystem : File system usage less that 80%, all is fine
Mon  2 Oct 13:15:18 CEST 2017 ----------   check_Filesystem : File system usage less that 80%, all is fine
Mon  2 Oct 14:15:18 CEST 2017 ----------   check_Filesystem : File system usage less that 80%, all is fine
Mon  2 Oct 15:15:18 CEST 2017 ----------   check_Filesystem : File system usage less that 80%, all is fine
Mon  2 Oct 16:15:18 CEST 2017 ----------   check_Filesystem : File system usage less that 80%, all is fine
Mon  2 Oct 17:15:18 CEST 2017 ----------   check_Filesystem : File system usage less that 80%, all is fine
Mon  2 Oct 18:15:18 CEST 2017 ----------   check_Filesystem : File system usage less that 80%, all is fine
Thu  5 Oct 18:26:44 CEST 2017 ----------   check_Filesystem : File system usage less that 80%, all is fine
Thu  5 Oct 19:26:44 CEST 2017 ----------   check_Filesystem : File system usage less that 80%, all is fine
Thu  5 Oct 20:26:44 CEST 2017 ----------   check_Filesystem : File system usage less that 80%, all is fine
Thu  5 Oct 21:26:44 CEST 2017 ----------   check_Filesystem : File system usage less that 80%, all is fine
Thu  5 Oct 22:26:44 CEST 2017 ----------   check_Filesystem : File system usage less that 80%, all is fine
Thu  5 Oct 23:26:44 CEST 2017 ----------   check_Filesystem : File system usage less that 80%, all is fine
Fri  6 Oct 00:26:44 CEST 2017 ----------   check_Filesystem : File system usage less that 80%, all is fine
Fri  6 Oct 01:26:44 CEST 2017 ----------   check_Filesystem : File system usage less that 80%, all is fine
Fri  6 Oct 02:26:44 CEST 2017 ----------   check_Filesystem : File system usage less that 80%, all is fine
Fri  6 Oct 03:26:44 CEST 2017 ----------   check_Filesystem : File system usage less that 80%, all is fine
Fri  6 Oct 04:26:44 CEST 2017 ----------   check_Filesystem : File system usage less that 80%, all is fine
Fri  6 Oct 05:26:43 CEST 2017 ----------   check_Filesystem : File system usage less that 80%, all is fine
Fri  6 Oct 06:26:44 CEST 2017 ----------   check_Filesystem : File system usage less that 80%, all is fine
Fri  6 Oct 07:26:44 CEST 2017 ----------   check_Filesystem : File system usage less that 80%, all is fine
Fri  6 Oct 08:26:44 CEST 2017 ----------   check_Filesystem : File system usage less that 80%, all is fine
Fri  6 Oct 09:26:44 CEST 2017 ----------   check_Filesystem : File system usage less that 80%, all is fine
Fri  6 Oct 10:26:44 CEST 2017 ----------   check_Filesystem : File system usage less that 80%, all is fine
Fri  6 Oct 11:26:44 CEST 2017 ----------   check_Filesystem : File system usage less that 80%, all is fine
Fri  6 Oct 12:26:44 CEST 2017 ----------   check_Filesystem : File system usage less that 80%, all is fine
Fri  6 Oct 13:26:44 CEST 2017 ----------   check_Filesystem : File system usage less that 80%, all is fine
Fri  6 Oct 14:19:22 CEST 2017 ----------   check_Filesystem : File system usage less that 80%, all is fine
Fri  6 Oct 14:26:44 CEST 2017 ----------   check_Filesystem : File system usage less that 80%, all is fine
Fri  6 Oct 14:46:29 CEST 2017 ----------   check_Filesystem : File system usage less that 80%, all is fine
Fri  6 Oct 15:26:44 CEST 2017 ----------   check_Filesystem : File system usage less that 80%, all is fine
Fri  6 Oct 16:26:44 CEST 2017 ----------   check_Filesystem : File system usage less that 80%, all is fine
Fri  6 Oct 17:26:44 CEST 2017 ----------   check_Filesystem : File system usage less that 80%, all is fine
Fri  6 Oct 18:26:44 CEST 2017 ----------   check_Filesystem : File system usage less that 80%, all is fine
Fri  6 Oct 19:26:44 CEST 2017 ----------   check_Filesystem : File system usage less that 80%, all is fine
Fri  6 Oct 20:26:44 CEST 2017 ----------   check_Filesystem : File system usage less that 80%, all is fine
Fri  6 Oct 21:26:44 CEST 2017 ----------   check_Filesystem : File system usage less that 80%, all is fine
Fri  6 Oct 22:26:44 CEST 2017 ----------   check_Filesystem : File system usage less that 80%, all is fine
Fri  6 Oct 23:26:44 CEST 2017 ----------   check_Filesystem : File system usage less that 80%, all is fine
Sat  7 Oct 00:26:44 CEST 2017 ----------   check_Filesystem : File system usage less that 80%, all is fine
Sat  7 Oct 01:26:44 CEST 2017 ----------   check_Filesystem : File system usage less that 80%, all is fine
Sat  7 Oct 02:26:44 CEST 2017 ----------   check_Filesystem : File system usage less that 80%, all is fine
Sat  7 Oct 03:26:44 CEST 2017 ----------   check_Filesystem : File system usage less that 80%, all is fine
Sat  7 Oct 04:26:44 CEST 2017 ----------   check_Filesystem : File system usage less that 80%, all is fine
Sat  7 Oct 05:26:44 CEST 2017 ----------   check_Filesystem : File system usage less that 80%, all is fine
Sat  7 Oct 06:26:44 CEST 2017 ----------   check_Filesystem : File system usage less that 80%, all is fine
Sat  7 Oct 07:26:44 CEST 2017 ----------   check_Filesystem : File system usage less that 80%, all is fine
Sat  7 Oct 08:26:44 CEST 2017 ----------   check_Filesystem : File system usage less that 80%, all is fine
Sat  7 Oct 09:26:44 CEST 2017 ----------   check_Filesystem : File system usage less that 80%, all is fine
Sat  7 Oct 10:26:44 CEST 2017 ----------   check_Filesystem : File system usage less that 80%, all is fine
Sat  7 Oct 11:26:44 CEST 2017 ----------   check_Filesystem : File system usage less that 80%, all is fine
Sat  7 Oct 12:06:59 CEST 2017 ----------   check_Filesystem : File system usage less that 80%, all is fine
Sat  7 Oct 12:26:44 CEST 2017 ----------   check_Filesystem : File system usage less that 80%, all is fine
Sat  7 Oct 13:26:44 CEST 2017 ----------   check_Filesystem : File system usage less that 80%, all is fine
Sat  7 Oct 14:26:44 CEST 2017 ----------   check_Filesystem : File system usage less that 80%, all is fine
Sat  7 Oct 15:26:44 CEST 2017 ----------   check_Filesystem : File system usage less that 80%, all is fine
Sat  7 Oct 16:26:44 CEST 2017 ----------   check_Filesystem : File system usage less that 80%, all is fine
Sat  7 Oct 17:09:33 CEST 2017 ----------   check_Filesystem : File system usage less that 80%, all is fine
Sat  7 Oct 17:22:23 CEST 2017 ----------   check_Filesystem : File system usage less that 80%, all is fine
Sat  7 Oct 17:32:31 CEST 2017 ----------   check_Filesystem : File system usage less that 80%, all is fine
Sat  7 Oct 23:21:00 CEST 2017 ----------   check_Filesystem : File system usage less that 80%, all is fine
Sat  7 Oct 23:22:29 CEST 2017 ----------   check_Filesystem : File system usage less that 80%, all is fine
Sun  8 Oct 14:17:18 CEST 2017 ----------   check_Filesystem : File system usage less that 80%, all is fine
Sun  8 Oct 14:20:20 CEST 2017 ----------   check_Filesystem : File system usage less that 80%, all is fine
Sun  8 Oct 15:58:09 CEST 2017 ----------   check_Filesystem : File system usage less that 80%, all is fine
Sun  8 Oct 15:58:29 CEST 2017 ----------   check_Filesystem : File system usage less that 80%, all is fine
Sun  8 Oct 16:04:25 CEST 2017 ----------   check_Filesystem : File system usage less that 80%, all is fine
Sun  8 Oct 17:04:25 CEST 2017 ----------   check_Filesystem : File system usage less that 80%, all is fine
Sun  8 Oct 18:04:25 CEST 2017 ----------   check_Filesystem : File system usage less that 80%, all is fine
Sun  8 Oct 19:04:25 CEST 2017 ----------   check_Filesystem : File system usage less that 80%, all is fine
Sun  8 Oct 20:04:25 CEST 2017 ----------   check_Filesystem : File system usage less that 80%, all is fine
Sun  8 Oct 21:04:25 CEST 2017 ----------   check_Filesystem : File system usage less that 80%, all is fine
Sun  8 Oct 22:04:25 CEST 2017 ----------   check_Filesystem : File system usage less that 80%, all is fine
Sun  8 Oct 23:04:25 CEST 2017 ----------   check_Filesystem : File system usage less that 80%, all is fine
Sun  8 Oct 23:15:54 CEST 2017 ----------   check_Filesystem : File system usage less that 80%, all is fine
Mon  9 Oct 00:15:55 CEST 2017 ----------   check_Filesystem : File system usage less that 80%, all is fine
Mon  9 Oct 01:15:54 CEST 2017 ----------   check_Filesystem : File system usage less that 80%, all is fine
Mon  9 Oct 02:15:54 CEST 2017 ----------   check_Filesystem : File system usage less that 80%, all is fine
Mon  9 Oct 03:15:54 CEST 2017 ----------   check_Filesystem : File system usage less that 80%, all is fine
Mon  9 Oct 04:15:54 CEST 2017 ----------   check_Filesystem : File system usage less that 80%, all is fine
Mon  9 Oct 05:15:54 CEST 2017 ----------   check_Filesystem : File system usage less that 80%, all is fine
Mon  9 Oct 06:15:54 CEST 2017 ----------   check_Filesystem : File system usage less that 80%, all is fine
Mon  9 Oct 07:15:54 CEST 2017 ----------   check_Filesystem : File system usage less that 80%, all is fine
Mon  9 Oct 08:15:54 CEST 2017 ----------   check_Filesystem : File system usage less that 80%, all is fine
Mon  9 Oct 09:15:54 CEST 2017 ----------   check_Filesystem : File system usage less that 80%, all is fine
Mon  9 Oct 10:15:54 CEST 2017 ----------   check_Filesystem : File system usage less that 80%, all is fine
Mon  9 Oct 11:15:54 CEST 2017 ----------   check_Filesystem : File system usage less that 80%, all is fine
Mon  9 Oct 12:15:54 CEST 2017 ----------   check_Filesystem : File system usage less that 80%, all is fine
Mon  9 Oct 13:15:54 CEST 2017 ----------   check_Filesystem : File system usage less that 80%, all is fine
Mon  9 Oct 13:33:05 CEST 2017 ----------   check_Filesystem : File system usage less that 80%, all is fine
Mon  9 Oct 13:36:41 CEST 2017 ----------   check_Filesystem : File system usage less that 80%, all is fine
Mon  9 Oct 13:46:49 CEST 2017 ----------   check_Filesystem : File system usage less that 80%, all is fine
Mon  9 Oct 14:46:50 CEST 2017 ----------   check_Filesystem : File system usage less that 80%, all is fine
Mon  9 Oct 15:46:49 CEST 2017 ----------   check_Filesystem : File system usage less that 80%, all is fine
Mon  9 Oct 16:46:50 CEST 2017 ----------   check_Filesystem : File system usage less that 80%, all is fine
Mon  9 Oct 17:46:50 CEST 2017 ----------   check_Filesystem : File system usage less that 80%, all is fine
Mon  9 Oct 18:46:49 CEST 2017 ----------   check_Filesystem : File system usage less that 80%, all is fine
Mon  9 Oct 19:46:49 CEST 2017 ----------   check_Filesystem : File system usage less that 80%, all is fine
Mon  9 Oct 20:46:49 CEST 2017 ----------   check_Filesystem : File system usage less that 80%, all is fine
Mon  9 Oct 21:46:49 CEST 2017 ----------   check_Filesystem : File system usage less that 80%, all is fine
Mon  9 Oct 22:17:40 CEST 2017 ----------   check_Filesystem : File system usage less that 80%, all is fine
Mon  9 Oct 22:18:13 CEST 2017 ----------   check_Filesystem : File system usage less that 80%, all is fine
Mon  9 Oct 22:19:09 CEST 2017 ----------   check_Filesystem : File system usage less that 80%, all is fine
Mon  9 Oct 22:22:08 CEST 2017 ----------   check_Filesystem : File system usage less that 80%, all is fine
Mon  9 Oct 22:22:49 CEST 2017 ----------   check_Filesystem : File system usage less that 80%, all is fine
Mon  9 Oct 22:24:33 CEST 2017 ----------   check_Filesystem : File system usage less that 80%, all is fine
Mon  9 Oct 22:25:10 CEST 2017 ----------   check_Filesystem : File system usage less that 80%, all is fine
Mon  9 Oct 23:24:34 CEST 2017 ----------   check_Filesystem : File system usage less that 80%, all is fine
Tue 10 Oct 00:24:33 CEST 2017 ----------   check_Filesystem : File system usage less that 80%, all is fine
Tue 10 Oct 01:24:33 CEST 2017 ----------   check_Filesystem : File system usage less that 80%, all is fine
Tue 10 Oct 02:24:33 CEST 2017 ----------   check_Filesystem : File system usage less that 80%, all is fine
Tue 10 Oct 03:24:33 CEST 2017 ----------   check_Filesystem : File system usage less that 80%, all is fine
Tue 10 Oct 04:24:33 CEST 2017 ----------   check_Filesystem : File system usage less that 80%, all is fine
Tue 10 Oct 05:24:33 CEST 2017 ----------   check_Filesystem : File system usage less that 80%, all is fine
Tue 10 Oct 06:24:33 CEST 2017 ----------   check_Filesystem : File system usage less that 80%, all is fine
Tue 10 Oct 07:24:33 CEST 2017 ----------   check_Filesystem : File system usage less that 80%, all is fine
Tue 10 Oct 08:24:33 CEST 2017 ----------   check_Filesystem : File system usage less that 80%, all is fine
Tue 10 Oct 09:24:33 CEST 2017 ----------   check_Filesystem : File system usage less that 80%, all is fine
Tue 10 Oct 10:24:33 CEST 2017 ----------   check_Filesystem : File system usage less that 80%, all is fine
Tue 10 Oct 11:24:33 CEST 2017 ----------   check_Filesystem : File system usage less that 80%, all is fine
Tue 10 Oct 12:24:33 CEST 2017 ----------   check_Filesystem : File system usage less that 80%, all is fine
Tue 10 Oct 13:24:33 CEST 2017 ----------   check_Filesystem : File system usage less that 80%, all is fine
Tue 10 Oct 14:24:33 CEST 2017 ----------   check_Filesystem : File system usage less that 80%, all is fine
Tue 10 Oct 15:24:33 CEST 2017 ----------   check_Filesystem : File system usage less that 80%, all is fine
Tue 10 Oct 16:24:33 CEST 2017 ----------   check_Filesystem : File system usage less that 80%, all is fine
Tue 10 Oct 17:24:33 CEST 2017 ----------   check_Filesystem : File system usage less that 80%, all is fine
Tue 10 Oct 18:24:33 CEST 2017 ----------   check_Filesystem : File system usage less that 80%, all is fine
Tue 10 Oct 19:24:33 CEST 2017 ----------   check_Filesystem : File system usage less that 80%, all is fine
Tue 10 Oct 20:24:33 CEST 2017 ----------   check_Filesystem : File system usage less that 80%, all is fine
Tue 10 Oct 21:24:33 CEST 2017 ----------   check_Filesystem : File system usage less that 80%, all is fine
Tue 10 Oct 22:24:33 CEST 2017 ----------   check_Filesystem : File system usage less that 80%, all is fine
Tue 10 Oct 23:24:33 CEST 2017 ----------   check_Filesystem : File system usage less that 80%, all is fine
Wed 11 Oct 00:24:33 CEST 2017 ----------   check_Filesystem : File system usage less that 80%, all is fine
Wed 11 Oct 01:24:33 CEST 2017 ----------   check_Filesystem : File system usage less that 80%, all is fine
Wed 11 Oct 02:24:33 CEST 2017 ----------   check_Filesystem : File system usage less that 80%, all is fine
Wed 11 Oct 03:24:33 CEST 2017 ----------   check_Filesystem : File system usage less that 80%, all is fine
Wed 11 Oct 04:24:33 CEST 2017 ----------   check_Filesystem : File system usage less that 80%, all is fine
Wed 11 Oct 05:24:33 CEST 2017 ----------   check_Filesystem : File system usage less that 80%, all is fine
Wed 11 Oct 06:24:33 CEST 2017 ----------   check_Filesystem : File system usage less that 80%, all is fine
Wed 11 Oct 07:24:33 CEST 2017 ----------   check_Filesystem : File system usage less that 80%, all is fine
Wed 11 Oct 08:24:33 CEST 2017 ----------   check_Filesystem : File system usage less that 80%, all is fine
Wed 11 Oct 09:24:33 CEST 2017 ----------   check_Filesystem : File system usage less that 80%, all is fine
Wed 11 Oct 10:24:33 CEST 2017 ----------   check_Filesystem : File system usage less that 80%, all is fine
Wed 11 Oct 11:24:33 CEST 2017 ----------   check_Filesystem : File system usage less that 80%, all is fine
Wed 11 Oct 12:24:33 CEST 2017 ----------   check_Filesystem : File system usage less that 80%, all is fine
Wed 11 Oct 13:24:33 CEST 2017 ----------   check_Filesystem : File system usage less that 80%, all is fine
Wed 11 Oct 14:24:33 CEST 2017 ----------   check_Filesystem : File system usage less that 80%, all is fine
Wed 11 Oct 15:24:33 CEST 2017 ----------   check_Filesystem : File system usage less that 80%, all is fine
Wed 11 Oct 16:24:33 CEST 2017 ----------   check_Filesystem : File system usage less that 80%, all is fine
Wed 11 Oct 17:24:33 CEST 2017 ----------   check_Filesystem : File system usage less that 80%, all is fine
Wed 11 Oct 18:24:33 CEST 2017 ----------   check_Filesystem : File system usage less that 80%, all is fine
Wed 11 Oct 19:24:33 CEST 2017 ----------   check_Filesystem : File system usage less that 80%, all is fine
Wed 11 Oct 20:24:33 CEST 2017 ----------   check_Filesystem : File system usage less that 80%, all is fine
Wed 11 Oct 21:24:33 CEST 2017 ----------   check_Filesystem : File system usage less that 80%, all is fine
Wed 11 Oct 22:24:33 CEST 2017 ----------   check_Filesystem : File system usage less that 80%, all is fine
Wed 11 Oct 23:24:33 CEST 2017 ----------   check_Filesystem : File system usage less that 80%, all is fine
Thu 12 Oct 00:24:33 CEST 2017 ----------   check_Filesystem : File system usage less that 80%, all is fine
Thu 12 Oct 01:24:33 CEST 2017 ----------   check_Filesystem : File system usage less that 80%, all is fine
Thu 12 Oct 02:24:33 CEST 2017 ----------   check_Filesystem : File system usage less that 80%, all is fine
Thu 12 Oct 03:24:33 CEST 2017 ----------   check_Filesystem : File system usage less that 80%, all is fine
Thu 12 Oct 04:24:33 CEST 2017 ----------   check_Filesystem : File system usage less that 80%, all is fine
Thu 12 Oct 05:24:33 CEST 2017 ----------   check_Filesystem : File system usage less that 80%, all is fine
Thu 12 Oct 06:24:33 CEST 2017 ----------   check_Filesystem : File system usage less that 80%, all is fine
Thu 12 Oct 07:24:33 CEST 2017 ----------   check_Filesystem : File system usage less that 80%, all is fine
Thu 12 Oct 08:24:33 CEST 2017 ----------   check_Filesystem : File system usage less that 80%, all is fine
Thu 12 Oct 09:24:33 CEST 2017 ----------   check_Filesystem : File system usage less that 80%, all is fine
Thu 12 Oct 10:24:33 CEST 2017 ----------   check_Filesystem : File system usage less that 80%, all is fine
Thu 12 Oct 11:24:33 CEST 2017 ----------   check_Filesystem : File system usage less that 80%, all is fine
Thu 12 Oct 12:24:33 CEST 2017 ----------   check_Filesystem : File system usage less that 80%, all is fine
Thu 12 Oct 13:24:33 CEST 2017 ----------   check_Filesystem : File system usage less that 80%, all is fine
Thu 12 Oct 14:24:33 CEST 2017 ----------   check_Filesystem : File system usage less that 80%, all is fine
Thu 12 Oct 15:24:33 CEST 2017 ----------   check_Filesystem : File system usage less that 80%, all is fine
Thu 12 Oct 16:24:33 CEST 2017 ----------   check_Filesystem : File system usage less that 80%, all is fine
Thu 12 Oct 17:24:33 CEST 2017 ----------   check_Filesystem : File system usage less that 80%, all is fine
Thu 12 Oct 18:24:33 CEST 2017 ----------   check_Filesystem : File system usage less that 80%, all is fine
Thu 12 Oct 19:24:34 CEST 2017 ----------   check_Filesystem : File system usage less that 80%, all is fine
Thu 12 Oct 20:24:33 CEST 2017 ----------   check_Filesystem : File system usage less that 80%, all is fine
Thu 12 Oct 21:24:33 CEST 2017 ----------   check_Filesystem : File system usage less that 80%, all is fine
Thu 12 Oct 22:24:33 CEST 2017 ----------   check_Filesystem : File system usage less that 80%, all is fine
Thu 12 Oct 23:24:33 CEST 2017 ----------   check_Filesystem : File system usage less that 80%, all is fine
Fri 13 Oct 00:24:33 CEST 2017 ----------   check_Filesystem : File system usage less that 80%, all is fine
Fri 13 Oct 01:24:33 CEST 2017 ----------   check_Filesystem : File system usage less that 80%, all is fine
Fri 13 Oct 02:24:33 CEST 2017 ----------   check_Filesystem : File system usage less that 80%, all is fine
Fri 13 Oct 03:24:33 CEST 2017 ----------   check_Filesystem : File system usage less that 80%, all is fine
Fri 13 Oct 04:24:33 CEST 2017 ----------   check_Filesystem : File system usage less that 80%, all is fine
Fri 13 Oct 05:24:33 CEST 2017 ----------   check_Filesystem : File system usage less that 80%, all is fine
Fri 13 Oct 06:24:33 CEST 2017 ----------   check_Filesystem : File system usage less that 80%, all is fine
Fri 13 Oct 07:24:33 CEST 2017 ----------   check_Filesystem : File system usage less that 80%, all is fine
Fri 13 Oct 08:24:33 CEST 2017 ----------   check_Filesystem : File system usage less that 80%, all is fine
Fri 13 Oct 09:24:33 CEST 2017 ----------   check_Filesystem : File system usage less that 80%, all is fine
Fri 13 Oct 10:24:33 CEST 2017 ----------   check_Filesystem : File system usage less that 80%, all is fine
Fri 13 Oct 10:51:17 CEST 2017 ----------   check_Filesystem : File system usage less that 80%, all is fine
Fri 13 Oct 10:55:46 CEST 2017 ----------   check_Filesystem : File system usage less that 80%, all is fine
Fri 13 Oct 11:00:01 CEST 2017 ----------   check_Filesystem : File system usage less that 80%, all is fine
Fri 13 Oct 11:16:53 CEST 2017 ----------   check_Filesystem : File system usage less that 80%, all is fine
Fri 13 Oct 12:16:54 CEST 2017 ----------   check_Filesystem : File system usage less that 80%, all is fine
Fri 13 Oct 13:42:09 CEST 2017 ----------   check_Filesystem : File system usage less that 80%, all is fine
Fri 13 Oct 13:45:38 CEST 2017 ----------   check_Filesystem : File system usage less that 80%, all is fine
Fri 13 Oct 14:42:09 CEST 2017 ----------   check_Filesystem : File system usage less that 80%, all is fine
Fri 13 Oct 15:42:09 CEST 2017 ----------   check_Filesystem : File system usage less that 80%, all is fine
Fri 13 Oct 16:42:09 CEST 2017 ----------   check_Filesystem : File system usage less that 80%, all is fine
Fri 13 Oct 17:42:09 CEST 2017 ----------   check_Filesystem : File system usage less that 80%, all is fine
Fri 13 Oct 18:42:09 CEST 2017 ----------   check_Filesystem : File system usage less that 80%, all is fine
Fri 13 Oct 19:42:09 CEST 2017 ----------   check_Filesystem : File system usage less that 80%, all is fine
Fri 13 Oct 20:42:09 CEST 2017 ----------   check_Filesystem : File system usage less that 80%, all is fine
Fri 13 Oct 21:42:09 CEST 2017 ----------   check_Filesystem : File system usage less that 80%, all is fine
Fri 13 Oct 22:42:09 CEST 2017 ----------   check_Filesystem : File system usage less that 80%, all is fine
Fri 13 Oct 23:42:09 CEST 2017 ----------   check_Filesystem : File system usage less that 80%, all is fine
Sat 14 Oct 00:42:09 CEST 2017 ----------   check_Filesystem : File system usage less that 80%, all is fine
Sat 14 Oct 01:42:09 CEST 2017 ----------   check_Filesystem : File system usage less that 80%, all is fine
Sat 14 Oct 02:42:09 CEST 2017 ----------   check_Filesystem : File system usage less that 80%, all is fine
Sat 14 Oct 03:42:09 CEST 2017 ----------   check_Filesystem : File system usage less that 80%, all is fine
Sat 14 Oct 04:42:09 CEST 2017 ----------   check_Filesystem : File system usage less that 80%, all is fine
Sat 14 Oct 05:42:09 CEST 2017 ----------   check_Filesystem : File system usage less that 80%, all is fine
Sat 14 Oct 06:42:09 CEST 2017 ----------   check_Filesystem : File system usage less that 80%, all is fine
Sat 14 Oct 07:42:09 CEST 2017 ----------   check_Filesystem : File system usage less that 80%, all is fine
Sat 14 Oct 08:42:09 CEST 2017 ----------   check_Filesystem : File system usage less that 80%, all is fine
Sat 14 Oct 09:42:09 CEST 2017 ----------   check_Filesystem : File system usage less that 80%, all is fine
Sat 14 Oct 10:42:09 CEST 2017 ----------   check_Filesystem : File system usage less that 80%, all is fine
Sat 14 Oct 11:42:09 CEST 2017 ----------   check_Filesystem : File system usage less that 80%, all is fine
Sat 14 Oct 12:42:09 CEST 2017 ----------   check_Filesystem : File system usage less that 80%, all is fine
Sat 14 Oct 13:42:09 CEST 2017 ----------   check_Filesystem : File system usage less that 80%, all is fine
Sat 14 Oct 14:42:09 CEST 2017 ----------   check_Filesystem : File system usage less that 80%, all is fine
Sat 14 Oct 15:42:09 CEST 2017 ----------   check_Filesystem : File system usage less that 80%, all is fine
Sat 14 Oct 16:42:09 CEST 2017 ----------   check_Filesystem : File system usage less that 80%, all is fine
Sat 14 Oct 17:42:09 CEST 2017 ----------   check_Filesystem : File system usage less that 80%, all is fine
Sat 14 Oct 18:42:09 CEST 2017 ----------   check_Filesystem : File system usage less that 80%, all is fine
Sat 14 Oct 19:42:09 CEST 2017 ----------   check_Filesystem : File system usage less that 80%, all is fine
Sat 14 Oct 20:42:09 CEST 2017 ----------   check_Filesystem : File system usage less that 80%, all is fine
Sat 14 Oct 21:42:09 CEST 2017 ----------   check_Filesystem : File system usage less that 80%, all is fine
Sat 14 Oct 22:42:09 CEST 2017 ----------   check_Filesystem : File system usage less that 80%, all is fine
Sat 14 Oct 23:42:09 CEST 2017 ----------   check_Filesystem : File system usage less that 80%, all is fine
Sun 15 Oct 00:42:09 CEST 2017 ----------   check_Filesystem : File system usage less that 80%, all is fine
Sun 15 Oct 01:42:09 CEST 2017 ----------   check_Filesystem : File system usage less that 80%, all is fine
Sun 15 Oct 02:42:09 CEST 2017 ----------   check_Filesystem : File system usage less that 80%, all is fine
Sun 15 Oct 03:42:09 CEST 2017 ----------   check_Filesystem : File system usage less that 80%, all is fine
Sun 15 Oct 04:42:09 CEST 2017 ----------   check_Filesystem : File system usage less that 80%, all is fine
Sun 15 Oct 05:42:09 CEST 2017 ----------   check_Filesystem : File system usage less that 80%, all is fine
Sun 15 Oct 06:42:09 CEST 2017 ----------   check_Filesystem : File system usage less that 80%, all is fine
Sun 15 Oct 07:42:09 CEST 2017 ----------   check_Filesystem : File system usage less that 80%, all is fine
Sun 15 Oct 08:42:09 CEST 2017 ----------   check_Filesystem : File system usage less that 80%, all is fine
Sun 15 Oct 09:42:09 CEST 2017 ----------   check_Filesystem : File system usage less that 80%, all is fine
Sun 15 Oct 10:42:09 CEST 2017 ----------   check_Filesystem : File system usage less that 80%, all is fine
Sun 15 Oct 11:42:09 CEST 2017 ----------   check_Filesystem : File system usage less that 80%, all is fine
Sun 15 Oct 12:29:27 CEST 2017 ----------   check_Filesystem : File system usage less that 80%, all is fine
Sun 15 Oct 12:42:09 CEST 2017 ----------   check_Filesystem : File system usage less that 80%, all is fine
Sun 15 Oct 13:42:09 CEST 2017 ----------   check_Filesystem : File system usage less that 80%, all is fine
Sun 15 Oct 14:42:09 CEST 2017 ----------   check_Filesystem : File system usage less that 80%, all is fine
Sun 15 Oct 15:42:09 CEST 2017 ----------   check_Filesystem : File system usage less that 80%, all is fine
Sun 15 Oct 16:42:09 CEST 2017 ----------   check_Filesystem : File system usage less that 80%, all is fine
Sun 15 Oct 17:42:09 CEST 2017 ----------   check_Filesystem : File system usage less that 80%, all is fine
Sun 15 Oct 18:42:09 CEST 2017 ----------   check_Filesystem : File system usage less that 80%, all is fine
Sun 15 Oct 19:42:09 CEST 2017 ----------   check_Filesystem : File system usage less that 80%, all is fine
Sun 15 Oct 20:42:09 CEST 2017 ----------   check_Filesystem : File system usage less that 80%, all is fine
Sun 15 Oct 21:42:09 CEST 2017 ----------   check_Filesystem : File system usage less that 80%, all is fine
Sun 15 Oct 22:42:09 CEST 2017 ----------   check_Filesystem : File system usage less that 80%, all is fine
Sun 15 Oct 23:42:09 CEST 2017 ----------   check_Filesystem : File system usage less that 80%, all is fine
Mon 16 Oct 00:42:09 CEST 2017 ----------   check_Filesystem : File system usage less that 80%, all is fine
Mon 16 Oct 01:42:09 CEST 2017 ----------   check_Filesystem : File system usage less that 80%, all is fine
Mon 16 Oct 02:42:09 CEST 2017 ----------   check_Filesystem : File system usage less that 80%, all is fine
Mon 16 Oct 03:42:09 CEST 2017 ----------   check_Filesystem : File system usage less that 80%, all is fine
Mon 16 Oct 04:42:09 CEST 2017 ----------   check_Filesystem : File system usage less that 80%, all is fine
Mon 16 Oct 05:42:09 CEST 2017 ----------   check_Filesystem : File system usage less that 80%, all is fine
Mon 16 Oct 06:42:09 CEST 2017 ----------   check_Filesystem : File system usage less that 80%, all is fine
Mon 16 Oct 07:42:09 CEST 2017 ----------   check_Filesystem : File system usage less that 80%, all is fine
Mon 16 Oct 08:42:09 CEST 2017 ----------   check_Filesystem : File system usage less that 80%, all is fine
Mon 16 Oct 09:42:09 CEST 2017 ----------   check_Filesystem : File system usage less that 80%, all is fine
Mon 16 Oct 10:42:09 CEST 2017 ----------   check_Filesystem : File system usage less that 80%, all is fine
Mon 16 Oct 11:42:09 CEST 2017 ----------   check_Filesystem : File system usage less that 80%, all is fine
Mon 16 Oct 12:42:09 CEST 2017 ----------   check_Filesystem : File system usage less that 80%, all is fine
Mon 16 Oct 13:42:09 CEST 2017 ----------   check_Filesystem : File system usage less that 80%, all is fine
Mon 16 Oct 14:42:09 CEST 2017 ----------   check_Filesystem : File system usage less that 80%, all is fine
Mon 16 Oct 15:42:09 CEST 2017 ----------   check_Filesystem : File system usage less that 80%, all is fine
Mon 16 Oct 16:42:09 CEST 2017 ----------   check_Filesystem : File system usage less that 80%, all is fine
Mon 16 Oct 17:42:09 CEST 2017 ----------   check_Filesystem : File system usage less that 80%, all is fine
Mon 16 Oct 18:42:09 CEST 2017 ----------   check_Filesystem : File system usage less that 80%, all is fine
Mon 16 Oct 19:42:09 CEST 2017 ----------   check_Filesystem : File system usage less that 80%, all is fine
Mon 16 Oct 20:42:09 CEST 2017 ----------   check_Filesystem : File system usage less that 80%, all is fine
Mon 16 Oct 21:42:09 CEST 2017 ----------   check_Filesystem : File system usage less that 80%, all is fine
Mon 16 Oct 22:42:09 CEST 2017 ----------   check_Filesystem : File system usage less that 80%, all is fine
Mon 16 Oct 23:42:09 CEST 2017 ----------   check_Filesystem : File system usage less that 80%, all is fine
Tue 17 Oct 00:42:09 CEST 2017 ----------   check_Filesystem : File system usage less that 80%, all is fine
Tue 17 Oct 01:42:09 CEST 2017 ----------   check_Filesystem : File system usage less that 80%, all is fine
Tue 17 Oct 02:42:09 CEST 2017 ----------   check_Filesystem : File system usage less that 80%, all is fine
Tue 17 Oct 03:42:09 CEST 2017 ----------   check_Filesystem : File system usage less that 80%, all is fine
Tue 17 Oct 04:42:09 CEST 2017 ----------   check_Filesystem : File system usage less that 80%, all is fine
Tue 17 Oct 05:42:09 CEST 2017 ----------   check_Filesystem : File system usage less that 80%, all is fine
Tue 17 Oct 06:42:09 CEST 2017 ----------   check_Filesystem : File system usage less that 80%, all is fine
Tue 17 Oct 07:42:09 CEST 2017 ----------   check_Filesystem : File system usage less that 80%, all is fine
Tue 17 Oct 08:42:09 CEST 2017 ----------   check_Filesystem : File system usage less that 80%, all is fine
Tue 17 Oct 09:42:09 CEST 2017 ----------   check_Filesystem : File system usage less that 80%, all is fine
Tue 17 Oct 10:09:03 CEST 2017 ----------   check_Filesystem : File system usage less that 80%, all is fine
Tue 17 Oct 10:11:29 CEST 2017 ----------   check_Filesystem : File system usage less that 80%, all is fine
Tue 17 Oct 10:12:33 CEST 2017 ----------   check_Filesystem : File system usage less that 80%, all is fine
Sat 21 Oct 19:21:32 CEST 2017 ----------   check_Filesystem : File system usage less that 80%, all is fine
Sat 21 Oct 19:45:06 CEST 2017 ----------   check_Filesystem : File system usage less that 80%, all is fine
Sat 21 Oct 20:41:10 CEST 2017 ----------   check_Filesystem : File system usage less that 80%, all is fine
Sat 21 Oct 20:45:07 CEST 2017 ----------   check_Filesystem : File system usage less that 80%, all is fine
Sat 21 Oct 21:45:06 CEST 2017 ----------   check_Filesystem : File system usage less that 80%, all is fine
Sat 21 Oct 22:10:04 CEST 2017 ----------   check_Filesystem : File system usage less that 80%, all is fine
Sat 21 Oct 23:10:04 CEST 2017 ----------   check_Filesystem : File system usage less that 80%, all is fine
Sun 22 Oct 00:10:04 CEST 2017 ----------   check_Filesystem : File system usage less that 80%, all is fine
Sun 22 Oct 01:10:04 CEST 2017 ----------   check_Filesystem : File system usage less that 80%, all is fine
Sun 22 Oct 02:10:04 CEST 2017 ----------   check_Filesystem : File system usage less that 80%, all is fine
Sun 22 Oct 03:10:04 CEST 2017 ----------   check_Filesystem : File system usage less that 80%, all is fine
Sun 22 Oct 04:10:04 CEST 2017 ----------   check_Filesystem : File system usage less that 80%, all is fine
Sun 22 Oct 05:10:04 CEST 2017 ----------   check_Filesystem : File system usage less that 80%, all is fine
Sun 22 Oct 06:10:04 CEST 2017 ----------   check_Filesystem : File system usage less that 80%, all is fine
Sun 22 Oct 07:10:04 CEST 2017 ----------   check_Filesystem : File system usage less that 80%, all is fine
Sun 22 Oct 08:10:04 CEST 2017 ----------   check_Filesystem : File system usage less that 80%, all is fine
Sun 22 Oct 09:10:04 CEST 2017 ----------   check_Filesystem : File system usage less that 80%, all is fine
Sun 22 Oct 10:10:04 CEST 2017 ----------   check_Filesystem : File system usage less that 80%, all is fine
Sun 22 Oct 11:10:04 CEST 2017 ----------   check_Filesystem : File system usage less that 80%, all is fine
Sun 22 Oct 12:10:04 CEST 2017 ----------   check_Filesystem : File system usage less that 80%, all is fine
Sun 22 Oct 12:30:28 CEST 2017 ----------   check_Filesystem : File system usage less that 80%, all is fine
Sun 22 Oct 13:30:29 CEST 2017 ----------   check_Filesystem : File system usage less that 80%, all is fine
Sun 22 Oct 14:30:29 CEST 2017 ----------   check_Filesystem : File system usage less that 80%, all is fine
Sun 22 Oct 15:30:29 CEST 2017 ----------   check_Filesystem : File system usage less that 80%, all is fine
Sun 22 Oct 16:30:29 CEST 2017 ----------   check_Filesystem : File system usage less that 80%, all is fine
Sun 22 Oct 17:30:29 CEST 2017 ----------   check_Filesystem : File system usage less that 80%, all is fine
Sun 22 Oct 18:30:29 CEST 2017 ----------   check_Filesystem : File system usage less that 80%, all is fine
Sun 22 Oct 19:30:29 CEST 2017 ----------   check_Filesystem : File system usage less that 80%, all is fine
Sun 22 Oct 20:30:29 CEST 2017 ----------   check_Filesystem : File system usage less that 80%, all is fine
Sun 22 Oct 21:30:29 CEST 2017 ----------   check_Filesystem : File system usage less that 80%, all is fine
Sun 22 Oct 22:30:29 CEST 2017 ----------   check_Filesystem : File system usage less that 80%, all is fine
Sun 22 Oct 23:30:29 CEST 2017 ----------   check_Filesystem : File system usage less that 80%, all is fine
Mon 23 Oct 00:30:29 CEST 2017 ----------   check_Filesystem : File system usage less that 80%, all is fine
Mon 23 Oct 01:30:29 CEST 2017 ----------   check_Filesystem : File system usage less that 80%, all is fine
Mon 23 Oct 02:30:29 CEST 2017 ----------   check_Filesystem : File system usage less that 80%, all is fine
Mon 23 Oct 03:30:29 CEST 2017 ----------   check_Filesystem : File system usage less that 80%, all is fine
Mon 23 Oct 04:30:29 CEST 2017 ----------   check_Filesystem : File system usage less that 80%, all is fine
Mon 23 Oct 05:30:29 CEST 2017 ----------   check_Filesystem : File system usage less that 80%, all is fine
Mon 23 Oct 06:30:29 CEST 2017 ----------   check_Filesystem : File system usage less that 80%, all is fine
Mon 23 Oct 07:30:29 CEST 2017 ----------   check_Filesystem : File system usage less that 80%, all is fine
Mon 23 Oct 08:30:29 CEST 2017 ----------   check_Filesystem : File system usage less that 80%, all is fine
Mon 23 Oct 09:30:29 CEST 2017 ----------   check_Filesystem : File system usage less that 80%, all is fine
Mon 23 Oct 10:30:29 CEST 2017 ----------   check_Filesystem : File system usage less that 80%, all is fine
Mon 23 Oct 11:30:29 CEST 2017 ----------   check_Filesystem : File system usage less that 80%, all is fine
Mon 23 Oct 12:30:29 CEST 2017 ----------   check_Filesystem : File system usage less that 80%, all is fine
Mon 23 Oct 13:30:29 CEST 2017 ----------   check_Filesystem : File system usage less that 80%, all is fine
Mon 23 Oct 14:30:29 CEST 2017 ----------   check_Filesystem : File system usage less that 80%, all is fine
Mon 23 Oct 15:30:29 CEST 2017 ----------   check_Filesystem : File system usage less that 80%, all is fine
Mon 23 Oct 16:30:29 CEST 2017 ----------   check_Filesystem : File system usage less that 80%, all is fine
Mon 23 Oct 17:30:29 CEST 2017 ----------   check_Filesystem : File system usage less that 80%, all is fine
Mon 23 Oct 18:30:29 CEST 2017 ----------   check_Filesystem : File system usage less that 80%, all is fine
Mon 23 Oct 19:30:29 CEST 2017 ----------   check_Filesystem : File system usage less that 80%, all is fine
Mon 23 Oct 20:30:29 CEST 2017 ----------   check_Filesystem : File system usage less that 80%, all is fine
Mon 23 Oct 21:30:29 CEST 2017 ----------   check_Filesystem : File system usage less that 80%, all is fine
Mon 23 Oct 22:30:29 CEST 2017 ----------   check_Filesystem : File system usage less that 80%, all is fine
Mon 23 Oct 23:30:29 CEST 2017 ----------   check_Filesystem : File system usage less that 80%, all is fine
Tue 24 Oct 00:30:29 CEST 2017 ----------   check_Filesystem : File system usage less that 80%, all is fine
Tue 24 Oct 01:30:29 CEST 2017 ----------   check_Filesystem : File system usage less that 80%, all is fine
Tue 24 Oct 02:30:29 CEST 2017 ----------   check_Filesystem : File system usage less that 80%, all is fine
Tue 24 Oct 03:30:29 CEST 2017 ----------   check_Filesystem : File system usage less that 80%, all is fine
Tue 24 Oct 04:30:29 CEST 2017 ----------   check_Filesystem : File system usage less that 80%, all is fine
Tue 24 Oct 05:30:29 CEST 2017 ----------   check_Filesystem : File system usage less that 80%, all is fine
Tue 24 Oct 06:30:29 CEST 2017 ----------   check_Filesystem : File system usage less that 80%, all is fine
Tue 24 Oct 07:30:29 CEST 2017 ----------   check_Filesystem : File system usage less that 80%, all is fine
Tue 24 Oct 08:30:29 CEST 2017 ----------   check_Filesystem : File system usage less that 80%, all is fine
Tue 24 Oct 09:30:29 CEST 2017 ----------   check_Filesystem : File system usage less that 80%, all is fine
Tue 24 Oct 10:30:29 CEST 2017 ----------   check_Filesystem : File system usage less that 80%, all is fine
Tue 24 Oct 11:30:29 CEST 2017 ----------   check_Filesystem : File system usage less that 80%, all is fine
Tue 24 Oct 12:30:29 CEST 2017 ----------   check_Filesystem : File system usage less that 80%, all is fine
Tue 24 Oct 12:37:43 CEST 2017 ----------   check_Filesystem : File system usage less that 80%, all is fine
Tue 24 Oct 13:37:43 CEST 2017 ----------   check_Filesystem : File system usage less that 80%, all is fine
Tue 24 Oct 14:37:43 CEST 2017 ----------   check_Filesystem : File system usage less that 80%, all is fine
Tue 24 Oct 15:37:43 CEST 2017 ----------   check_Filesystem : File system usage less that 80%, all is fine
Tue 24 Oct 16:37:43 CEST 2017 ----------   check_Filesystem : File system usage less that 80%, all is fine
Tue 24 Oct 17:37:43 CEST 2017 ----------   check_Filesystem : File system usage less that 80%, all is fine
Tue 24 Oct 18:37:43 CEST 2017 ----------   check_Filesystem : File system usage less that 80%, all is fine
Tue 24 Oct 19:37:43 CEST 2017 ----------   check_Filesystem : File system usage less that 80%, all is fine
Tue 24 Oct 19:55:16 CEST 2017 ----------   check_Filesystem : File system usage less that 80%, all is fine
Tue 24 Oct 20:03:31 CEST 2017 ----------   check_Filesystem : File system usage less that 80%, all is fine
Tue 24 Oct 20:37:43 CEST 2017 ----------   check_Filesystem : File system usage less that 80%, all is fine
Tue 24 Oct 20:43:12 CEST 2017 ----------   check_Filesystem : File system usage less that 80%, all is fine
Tue 24 Oct 21:43:12 CEST 2017 ----------   check_Filesystem : File system usage less that 80%, all is fine
Tue 24 Oct 22:43:12 CEST 2017 ----------   check_Filesystem : File system usage less that 80%, all is fine
Tue 24 Oct 23:43:12 CEST 2017 ----------   check_Filesystem : File system usage less that 80%, all is fine
Wed 25 Oct 00:43:12 CEST 2017 ----------   check_Filesystem : File system usage less that 80%, all is fine
Wed 25 Oct 01:43:12 CEST 2017 ----------   check_Filesystem : File system usage less that 80%, all is fine
Wed 25 Oct 02:43:12 CEST 2017 ----------   check_Filesystem : File system usage less that 80%, all is fine
Wed 25 Oct 03:43:12 CEST 2017 ----------   check_Filesystem : File system usage less that 80%, all is fine
Wed 25 Oct 04:43:12 CEST 2017 ----------   check_Filesystem : File system usage less that 80%, all is fine
Wed 25 Oct 05:43:12 CEST 2017 ----------   check_Filesystem : File system usage less that 80%, all is fine
Wed 25 Oct 06:43:12 CEST 2017 ----------   check_Filesystem : File system usage less that 80%, all is fine
Wed 25 Oct 07:43:12 CEST 2017 ----------   check_Filesystem : File system usage less that 80%, all is fine
Wed 25 Oct 08:43:12 CEST 2017 ----------   check_Filesystem : File system usage less that 80%, all is fine
Wed 25 Oct 09:43:12 CEST 2017 ----------   check_Filesystem : File system usage less that 80%, all is fine
Wed 25 Oct 10:43:12 CEST 2017 ----------   check_Filesystem : File system usage less that 80%, all is fine
Wed 25 Oct 11:43:12 CEST 2017 ----------   check_Filesystem : File system usage less that 80%, all is fine
Wed 25 Oct 12:43:12 CEST 2017 ----------   check_Filesystem : File system usage less that 80%, all is fine
Wed 25 Oct 13:43:12 CEST 2017 ----------   check_Filesystem : File system usage less that 80%, all is fine
Wed 25 Oct 14:37:41 CEST 2017 ----------   check_Filesystem : File system usage less that 80%, all is fine
Wed 25 Oct 15:37:42 CEST 2017 ----------   check_Filesystem : File system usage less that 80%, all is fine
Wed 25 Oct 16:37:42 CEST 2017 ----------   check_Filesystem : File system usage less that 80%, all is fine
Wed 25 Oct 17:37:41 CEST 2017 ----------   check_Filesystem : File system usage less that 80%, all is fine
Wed 25 Oct 18:37:42 CEST 2017 ----------   check_Filesystem : File system usage less that 80%, all is fine
Wed 25 Oct 19:37:41 CEST 2017 ----------   check_Filesystem : File system usage less that 80%, all is fine
Wed 25 Oct 20:37:41 CEST 2017 ----------   check_Filesystem : File system usage less that 80%, all is fine
Wed 25 Oct 21:37:41 CEST 2017 ----------   check_Filesystem : File system usage less that 80%, all is fine
Wed 25 Oct 22:28:04 CEST 2017 ----------   check_Filesystem : File system usage less that 80%, all is fine
Wed 25 Oct 22:37:42 CEST 2017 ----------   check_Filesystem : File system usage less that 80%, all is fine
Wed 25 Oct 22:39:35 CEST 2017 ----------   check_Filesystem : File system usage less that 80%, all is fine
Wed 25 Oct 22:43:41 CEST 2017 ----------   check_Filesystem : File system usage less that 80%, all is fine
Wed 25 Oct 22:45:19 CEST 2017 ----------   check_Filesystem : File system usage less that 80%, all is fine
Wed 25 Oct 23:45:19 CEST 2017 ----------   check_Filesystem : File system usage less that 80%, all is fine
Thu 26 Oct 00:45:19 CEST 2017 ----------   check_Filesystem : File system usage less that 80%, all is fine
Thu 26 Oct 01:45:19 CEST 2017 ----------   check_Filesystem : File system usage less that 80%, all is fine
Thu 26 Oct 02:45:19 CEST 2017 ----------   check_Filesystem : File system usage less that 80%, all is fine
Thu 26 Oct 03:45:19 CEST 2017 ----------   check_Filesystem : File system usage less that 80%, all is fine
Thu 26 Oct 04:45:19 CEST 2017 ----------   check_Filesystem : File system usage less that 80%, all is fine
Thu 26 Oct 05:45:19 CEST 2017 ----------   check_Filesystem : File system usage less that 80%, all is fine
Thu 26 Oct 06:45:19 CEST 2017 ----------   check_Filesystem : File system usage less that 80%, all is fine
Thu 26 Oct 07:45:19 CEST 2017 ----------   check_Filesystem : File system usage less that 80%, all is fine
Thu 26 Oct 08:45:19 CEST 2017 ----------   check_Filesystem : File system usage less that 80%, all is fine
Thu 26 Oct 09:45:19 CEST 2017 ----------   check_Filesystem : File system usage less that 80%, all is fine
Thu 26 Oct 10:45:19 CEST 2017 ----------   check_Filesystem : File system usage less that 80%, all is fine
Thu 26 Oct 11:45:19 CEST 2017 ----------   check_Filesystem : File system usage less that 80%, all is fine
Thu 26 Oct 12:45:19 CEST 2017 ----------   check_Filesystem : File system usage less that 80%, all is fine
Thu 26 Oct 13:45:19 CEST 2017 ----------   check_Filesystem : File system usage less that 80%, all is fine
Fri 27 Oct 17:00:03 CEST 2017 ----------   check_Filesystem : File system usage less that 80%, all is fine
Fri 27 Oct 18:00:03 CEST 2017 ----------   check_Filesystem : File system usage less that 80%, all is fine
Fri 27 Oct 19:00:03 CEST 2017 ----------   check_Filesystem : File system usage less that 80%, all is fine
Fri 27 Oct 20:00:03 CEST 2017 ----------   check_Filesystem : File system usage less that 80%, all is fine
Fri 27 Oct 21:00:03 CEST 2017 ----------   check_Filesystem : File system usage less that 80%, all is fine
Fri 27 Oct 22:00:03 CEST 2017 ----------   check_Filesystem : File system usage less that 80%, all is fine
Fri 27 Oct 23:00:03 CEST 2017 ----------   check_Filesystem : File system usage less that 80%, all is fine
Sat 28 Oct 00:00:03 CEST 2017 ----------   check_Filesystem : File system usage less that 80%, all is fine
Sat 28 Oct 01:00:03 CEST 2017 ----------   check_Filesystem : File system usage less that 80%, all is fine
Sat 28 Oct 02:00:03 CEST 2017 ----------   check_Filesystem : File system usage less that 80%, all is fine
Sat 28 Oct 03:00:03 CEST 2017 ----------   check_Filesystem : File system usage less that 80%, all is fine
Sat 28 Oct 04:00:03 CEST 2017 ----------   check_Filesystem : File system usage less that 80%, all is fine
Sat 28 Oct 05:00:03 CEST 2017 ----------   check_Filesystem : File system usage less that 80%, all is fine
Sat 28 Oct 06:00:03 CEST 2017 ----------   check_Filesystem : File system usage less that 80%, all is fine
Sat 28 Oct 07:00:03 CEST 2017 ----------   check_Filesystem : File system usage less that 80%, all is fine
Sat 28 Oct 08:00:03 CEST 2017 ----------   check_Filesystem : File system usage less that 80%, all is fine
Sat 28 Oct 09:00:03 CEST 2017 ----------   check_Filesystem : File system usage less that 80%, all is fine
Sat 28 Oct 10:00:03 CEST 2017 ----------   check_Filesystem : File system usage less that 80%, all is fine
Sat 28 Oct 11:00:03 CEST 2017 ----------   check_Filesystem : File system usage less that 80%, all is fine
Sat 28 Oct 12:00:03 CEST 2017 ----------   check_Filesystem : File system usage less that 80%, all is fine
Sat 28 Oct 13:00:03 CEST 2017 ----------   check_Filesystem : File system usage less that 80%, all is fine
Sat 28 Oct 14:00:03 CEST 2017 ----------   check_Filesystem : File system usage less that 80%, all is fine
Sat 28 Oct 15:00:03 CEST 2017 ----------   check_Filesystem : File system usage less that 80%, all is fine
Sat 28 Oct 16:00:03 CEST 2017 ----------   check_Filesystem : File system usage less that 80%, all is fine
Sat 28 Oct 17:00:03 CEST 2017 ----------   check_Filesystem : File system usage less that 80%, all is fine
Sat 28 Oct 18:00:03 CEST 2017 ----------   check_Filesystem : File system usage less that 80%, all is fine
Sat 28 Oct 19:00:03 CEST 2017 ----------   check_Filesystem : File system usage less that 80%, all is fine
Sat 28 Oct 20:00:03 CEST 2017 ----------   check_Filesystem : File system usage less that 80%, all is fine
Sat 28 Oct 21:00:03 CEST 2017 ----------   check_Filesystem : File system usage less that 80%, all is fine
Sat 28 Oct 22:00:03 CEST 2017 ----------   check_Filesystem : File system usage less that 80%, all is fine
Sat 28 Oct 23:00:03 CEST 2017 ----------   check_Filesystem : File system usage less that 80%, all is fine
Sun 29 Oct 00:00:03 CEST 2017 ----------   check_Filesystem : File system usage less that 80%, all is fine
Sun 29 Oct 01:00:03 CEST 2017 ----------   check_Filesystem : File system usage less that 80%, all is fine
Sun 29 Oct 02:00:03 CEST 2017 ----------   check_Filesystem : File system usage less that 80%, all is fine
Sun 29 Oct 02:00:03 CET 2017 ----------   check_Filesystem : File system usage less that 80%, all is fine
Sun 29 Oct 03:00:03 CET 2017 ----------   check_Filesystem : File system usage less that 80%, all is fine
Sun 29 Oct 04:00:03 CET 2017 ----------   check_Filesystem : File system usage less that 80%, all is fine
Sun 29 Oct 05:00:03 CET 2017 ----------   check_Filesystem : File system usage less that 80%, all is fine
Sun 29 Oct 06:00:03 CET 2017 ----------   check_Filesystem : File system usage less that 80%, all is fine
Sun 29 Oct 07:00:03 CET 2017 ----------   check_Filesystem : File system usage less that 80%, all is fine
Sun 29 Oct 08:00:03 CET 2017 ----------   check_Filesystem : File system usage less that 80%, all is fine
Sun 29 Oct 09:00:03 CET 2017 ----------   check_Filesystem : File system usage less that 80%, all is fine
Sun 29 Oct 10:00:03 CET 2017 ----------   check_Filesystem : File system usage less that 80%, all is fine
Sun 29 Oct 11:00:03 CET 2017 ----------   check_Filesystem : File system usage less that 80%, all is fine
Sun 29 Oct 12:00:03 CET 2017 ----------   check_Filesystem : File system usage less that 80%, all is fine
Sun 29 Oct 13:00:03 CET 2017 ----------   check_Filesystem : File system usage less that 80%, all is fine
Sun 29 Oct 14:00:03 CET 2017 ----------   check_Filesystem : File system usage less that 80%, all is fine
Sun 29 Oct 15:00:03 CET 2017 ----------   check_Filesystem : File system usage less that 80%, all is fine
Sun 29 Oct 16:00:03 CET 2017 ----------   check_Filesystem : File system usage less that 80%, all is fine
Sun 29 Oct 17:00:03 CET 2017 ----------   check_Filesystem : File system usage less that 80%, all is fine
Sun 29 Oct 18:00:03 CET 2017 ----------   check_Filesystem : File system usage less that 80%, all is fine
