Mon  9 Oct 13:06:32 CEST 2017 ----------   check_printer : Printer UP
Mon  9 Oct 13:33:05 CEST 2017 ----------   check_printer : Printer UP
Mon  9 Oct 13:36:41 CEST 2017 ----------   check_printer : Printer UP
Mon  9 Oct 13:46:50 CEST 2017 ----------   check_printer : Printer UP
Mon  9 Oct 14:46:50 CEST 2017 ----------   check_printer : Printer Down
Mon  9 Oct 15:46:50 CEST 2017 ----------   check_printer : Printer UP
Mon  9 Oct 16:46:50 CEST 2017 ----------   check_printer : Printer Down
Mon  9 Oct 17:46:50 CEST 2017 ----------   check_printer : Printer UP
Mon  9 Oct 18:46:50 CEST 2017 ----------   check_printer : Printer UP
Mon  9 Oct 19:46:50 CEST 2017 ----------   check_printer : Printer UP
Mon  9 Oct 20:46:50 CEST 2017 ----------   check_printer : Printer UP
Mon  9 Oct 21:46:50 CEST 2017 ----------   check_printer : Printer UP
Mon  9 Oct 22:17:40 CEST 2017 ----------   check_printer : Printer UP
Mon  9 Oct 22:18:13 CEST 2017 ----------   check_printer : Printer UP
Mon  9 Oct 22:19:09 CEST 2017 ----------   check_printer : Printer UP
Mon  9 Oct 22:22:08 CEST 2017 ----------   check_printer : Printer UP
Mon  9 Oct 22:22:49 CEST 2017 ----------   check_printer : Printer UP
Mon  9 Oct 22:24:33 CEST 2017 ----------   check_printer : Printer UP
Mon  9 Oct 22:25:10 CEST 2017 ----------   check_printer : Printer UP
Mon  9 Oct 23:24:34 CEST 2017 ----------   check_printer : Printer UP
Tue 10 Oct 00:24:33 CEST 2017 ----------   check_printer : Printer UP
Tue 10 Oct 01:24:33 CEST 2017 ----------   check_printer : Printer UP
Tue 10 Oct 02:24:33 CEST 2017 ----------   check_printer : Printer UP
Tue 10 Oct 03:24:33 CEST 2017 ----------   check_printer : Printer UP
Tue 10 Oct 04:24:33 CEST 2017 ----------   check_printer : Printer UP
Tue 10 Oct 05:24:33 CEST 2017 ----------   check_printer : Printer UP
Tue 10 Oct 06:24:33 CEST 2017 ----------   check_printer : Printer UP
Tue 10 Oct 07:24:33 CEST 2017 ----------   check_printer : Printer UP
Tue 10 Oct 08:24:33 CEST 2017 ----------   check_printer : Printer UP
Tue 10 Oct 09:24:33 CEST 2017 ----------   check_printer : Printer UP
Tue 10 Oct 10:24:33 CEST 2017 ----------   check_printer : Printer UP
Tue 10 Oct 11:24:33 CEST 2017 ----------   check_printer : Printer UP
Tue 10 Oct 12:24:33 CEST 2017 ----------   check_printer : Printer UP
Tue 10 Oct 13:24:33 CEST 2017 ----------   check_printer : Printer UP
Tue 10 Oct 14:24:33 CEST 2017 ----------   check_printer : Printer UP
Tue 10 Oct 15:24:33 CEST 2017 ----------   check_printer : Printer UP
Tue 10 Oct 16:24:33 CEST 2017 ----------   check_printer : Printer UP
Tue 10 Oct 17:24:33 CEST 2017 ----------   check_printer : Printer UP
Tue 10 Oct 18:24:33 CEST 2017 ----------   check_printer : Printer UP
Tue 10 Oct 19:24:33 CEST 2017 ----------   check_printer : Printer UP
Tue 10 Oct 20:24:33 CEST 2017 ----------   check_printer : Printer Down
Tue 10 Oct 21:24:33 CEST 2017 ----------   check_printer : Printer UP
Tue 10 Oct 22:24:33 CEST 2017 ----------   check_printer : Printer UP
Tue 10 Oct 23:24:33 CEST 2017 ----------   check_printer : Printer UP
Wed 11 Oct 00:24:33 CEST 2017 ----------   check_printer : Printer UP
Wed 11 Oct 01:24:33 CEST 2017 ----------   check_printer : Printer UP
Wed 11 Oct 02:24:33 CEST 2017 ----------   check_printer : Printer UP
Wed 11 Oct 03:24:33 CEST 2017 ----------   check_printer : Printer UP
Wed 11 Oct 04:24:33 CEST 2017 ----------   check_printer : Printer UP
Wed 11 Oct 05:24:33 CEST 2017 ----------   check_printer : Printer UP
Wed 11 Oct 06:24:33 CEST 2017 ----------   check_printer : Printer UP
Wed 11 Oct 07:24:33 CEST 2017 ----------   check_printer : Printer UP
Wed 11 Oct 08:24:33 CEST 2017 ----------   check_printer : Printer UP
Wed 11 Oct 09:24:33 CEST 2017 ----------   check_printer : Printer UP
Wed 11 Oct 10:24:33 CEST 2017 ----------   check_printer : Printer UP
Wed 11 Oct 11:24:33 CEST 2017 ----------   check_printer : Printer UP
Wed 11 Oct 12:24:33 CEST 2017 ----------   check_printer : Printer UP
Wed 11 Oct 13:24:33 CEST 2017 ----------   check_printer : Printer UP
Wed 11 Oct 14:24:33 CEST 2017 ----------   check_printer : Printer UP
Wed 11 Oct 15:24:33 CEST 2017 ----------   check_printer : Printer UP
Wed 11 Oct 16:24:33 CEST 2017 ----------   check_printer : Printer UP
Wed 11 Oct 17:24:33 CEST 2017 ----------   check_printer : Printer UP
Wed 11 Oct 18:24:33 CEST 2017 ----------   check_printer : Printer UP
Wed 11 Oct 19:24:33 CEST 2017 ----------   check_printer : Printer UP
Wed 11 Oct 20:24:33 CEST 2017 ----------   check_printer : Printer UP
Wed 11 Oct 21:24:33 CEST 2017 ----------   check_printer : Printer UP
Wed 11 Oct 22:24:33 CEST 2017 ----------   check_printer : Printer UP
Wed 11 Oct 23:24:33 CEST 2017 ----------   check_printer : Printer UP
Thu 12 Oct 00:24:33 CEST 2017 ----------   check_printer : Printer UP
Thu 12 Oct 01:24:33 CEST 2017 ----------   check_printer : Printer UP
Thu 12 Oct 02:24:33 CEST 2017 ----------   check_printer : Printer UP
Thu 12 Oct 03:24:33 CEST 2017 ----------   check_printer : Printer UP
Thu 12 Oct 04:24:33 CEST 2017 ----------   check_printer : Printer UP
Thu 12 Oct 05:24:33 CEST 2017 ----------   check_printer : Printer UP
Thu 12 Oct 06:24:33 CEST 2017 ----------   check_printer : Printer UP
Thu 12 Oct 07:24:33 CEST 2017 ----------   check_printer : Printer UP
Thu 12 Oct 08:24:33 CEST 2017 ----------   check_printer : Printer UP
Thu 12 Oct 09:24:33 CEST 2017 ----------   check_printer : Printer UP
Thu 12 Oct 10:24:33 CEST 2017 ----------   check_printer : Printer UP
Thu 12 Oct 11:24:33 CEST 2017 ----------   check_printer : Printer UP
Thu 12 Oct 12:24:33 CEST 2017 ----------   check_printer : Printer UP
Thu 12 Oct 13:24:33 CEST 2017 ----------   check_printer : Printer UP
Thu 12 Oct 14:24:33 CEST 2017 ----------   check_printer : Printer UP
Thu 12 Oct 15:24:33 CEST 2017 ----------   check_printer : Printer UP
Thu 12 Oct 16:24:33 CEST 2017 ----------   check_printer : Printer UP
Thu 12 Oct 17:24:33 CEST 2017 ----------   check_printer : Printer UP
Thu 12 Oct 18:24:34 CEST 2017 ----------   check_printer : Printer UP
Thu 12 Oct 19:24:34 CEST 2017 ----------   check_printer : Printer UP
Thu 12 Oct 20:24:33 CEST 2017 ----------   check_printer : Printer UP
Thu 12 Oct 21:24:33 CEST 2017 ----------   check_printer : Printer UP
Thu 12 Oct 22:24:34 CEST 2017 ----------   check_printer : Printer UP
Thu 12 Oct 23:24:33 CEST 2017 ----------   check_printer : Printer UP
Fri 13 Oct 00:24:33 CEST 2017 ----------   check_printer : Printer UP
Fri 13 Oct 01:24:33 CEST 2017 ----------   check_printer : Printer UP
Fri 13 Oct 02:24:33 CEST 2017 ----------   check_printer : Printer UP
Fri 13 Oct 03:24:33 CEST 2017 ----------   check_printer : Printer UP
Fri 13 Oct 04:24:33 CEST 2017 ----------   check_printer : Printer UP
Fri 13 Oct 05:24:33 CEST 2017 ----------   check_printer : Printer UP
Fri 13 Oct 06:24:33 CEST 2017 ----------   check_printer : Printer UP
Fri 13 Oct 07:24:33 CEST 2017 ----------   check_printer : Printer UP
Fri 13 Oct 08:24:33 CEST 2017 ----------   check_printer : Printer UP
Fri 13 Oct 09:24:33 CEST 2017 ----------   check_printer : Printer UP
Fri 13 Oct 10:24:33 CEST 2017 ----------   check_printer : Printer Down
Fri 13 Oct 10:51:17 CEST 2017 ----------   check_printer : Printer Down
Fri 13 Oct 10:55:46 CEST 2017 ----------   check_printer : Printer Down
Fri 13 Oct 11:00:01 CEST 2017 ----------   check_printer : Printer UP
Fri 13 Oct 11:16:53 CEST 2017 ----------   check_printer : Printer UP
Fri 13 Oct 12:16:54 CEST 2017 ----------   check_printer : Printer UP
Fri 13 Oct 13:42:09 CEST 2017 ----------   check_printer : Printer UP
Fri 13 Oct 13:45:38 CEST 2017 ----------   check_printer : Printer UP
Fri 13 Oct 14:42:09 CEST 2017 ----------   check_printer : Printer UP
Fri 13 Oct 15:42:09 CEST 2017 ----------   check_printer : Printer UP
Fri 13 Oct 16:42:09 CEST 2017 ----------   check_printer : Printer UP
Fri 13 Oct 17:42:09 CEST 2017 ----------   check_printer : Printer UP
Fri 13 Oct 18:42:09 CEST 2017 ----------   check_printer : Printer UP
Fri 13 Oct 19:42:09 CEST 2017 ----------   check_printer : Printer UP
Fri 13 Oct 20:42:09 CEST 2017 ----------   check_printer : Printer UP
Fri 13 Oct 21:42:09 CEST 2017 ----------   check_printer : Printer UP
Fri 13 Oct 22:42:09 CEST 2017 ----------   check_printer : Printer UP
Fri 13 Oct 23:42:09 CEST 2017 ----------   check_printer : Printer UP
Sat 14 Oct 00:42:09 CEST 2017 ----------   check_printer : Printer UP
Sat 14 Oct 01:42:09 CEST 2017 ----------   check_printer : Printer UP
Sat 14 Oct 02:42:09 CEST 2017 ----------   check_printer : Printer UP
Sat 14 Oct 03:42:09 CEST 2017 ----------   check_printer : Printer UP
Sat 14 Oct 04:42:09 CEST 2017 ----------   check_printer : Printer UP
Sat 14 Oct 05:42:09 CEST 2017 ----------   check_printer : Printer UP
Sat 14 Oct 06:42:09 CEST 2017 ----------   check_printer : Printer UP
Sat 14 Oct 07:42:09 CEST 2017 ----------   check_printer : Printer UP
Sat 14 Oct 08:42:09 CEST 2017 ----------   check_printer : Printer UP
Sat 14 Oct 09:42:09 CEST 2017 ----------   check_printer : Printer UP
Sat 14 Oct 10:42:09 CEST 2017 ----------   check_printer : Printer UP
Sat 14 Oct 11:42:09 CEST 2017 ----------   check_printer : Printer UP
Sat 14 Oct 12:42:09 CEST 2017 ----------   check_printer : Printer UP
Sat 14 Oct 13:42:09 CEST 2017 ----------   check_printer : Printer UP
Sat 14 Oct 14:42:09 CEST 2017 ----------   check_printer : Printer UP
Sat 14 Oct 15:42:09 CEST 2017 ----------   check_printer : Printer UP
Sat 14 Oct 16:42:09 CEST 2017 ----------   check_printer : Printer UP
Sat 14 Oct 17:42:09 CEST 2017 ----------   check_printer : Printer UP
Sat 14 Oct 18:42:09 CEST 2017 ----------   check_printer : Printer UP
Sat 14 Oct 19:42:09 CEST 2017 ----------   check_printer : Printer UP
Sat 14 Oct 20:42:09 CEST 2017 ----------   check_printer : Printer UP
Sat 14 Oct 21:42:09 CEST 2017 ----------   check_printer : Printer UP
Sat 14 Oct 22:42:09 CEST 2017 ----------   check_printer : Printer UP
Sat 14 Oct 23:42:09 CEST 2017 ----------   check_printer : Printer UP
Sun 15 Oct 00:42:09 CEST 2017 ----------   check_printer : Printer UP
Sun 15 Oct 01:42:09 CEST 2017 ----------   check_printer : Printer UP
Sun 15 Oct 02:42:09 CEST 2017 ----------   check_printer : Printer UP
Sun 15 Oct 03:42:09 CEST 2017 ----------   check_printer : Printer UP
Sun 15 Oct 04:42:09 CEST 2017 ----------   check_printer : Printer UP
Sun 15 Oct 05:42:09 CEST 2017 ----------   check_printer : Printer UP
Sun 15 Oct 06:42:09 CEST 2017 ----------   check_printer : Printer UP
Sun 15 Oct 07:42:09 CEST 2017 ----------   check_printer : Printer UP
Sun 15 Oct 08:42:09 CEST 2017 ----------   check_printer : Printer UP
Sun 15 Oct 09:42:09 CEST 2017 ----------   check_printer : Printer UP
Sun 15 Oct 10:42:09 CEST 2017 ----------   check_printer : Printer UP
Sun 15 Oct 11:42:09 CEST 2017 ----------   check_printer : Printer UP
Sun 15 Oct 12:29:27 CEST 2017 ----------   check_printer : Printer UP
Sun 15 Oct 12:42:09 CEST 2017 ----------   check_printer : Printer UP
Sun 15 Oct 13:42:09 CEST 2017 ----------   check_printer : Printer UP
Sun 15 Oct 14:42:09 CEST 2017 ----------   check_printer : Printer UP
Sun 15 Oct 15:42:09 CEST 2017 ----------   check_printer : Printer UP
Sun 15 Oct 16:42:09 CEST 2017 ----------   check_printer : Printer UP
Sun 15 Oct 17:42:09 CEST 2017 ----------   check_printer : Printer UP
Sun 15 Oct 18:42:09 CEST 2017 ----------   check_printer : Printer UP
Sun 15 Oct 19:42:09 CEST 2017 ----------   check_printer : Printer UP
Sun 15 Oct 20:42:09 CEST 2017 ----------   check_printer : Printer UP
Sun 15 Oct 21:42:09 CEST 2017 ----------   check_printer : Printer UP
Sun 15 Oct 22:42:09 CEST 2017 ----------   check_printer : Printer UP
Sun 15 Oct 23:42:09 CEST 2017 ----------   check_printer : Printer UP
Mon 16 Oct 00:42:09 CEST 2017 ----------   check_printer : Printer UP
Mon 16 Oct 01:42:09 CEST 2017 ----------   check_printer : Printer UP
Mon 16 Oct 02:42:09 CEST 2017 ----------   check_printer : Printer UP
Mon 16 Oct 03:42:09 CEST 2017 ----------   check_printer : Printer UP
Mon 16 Oct 04:42:09 CEST 2017 ----------   check_printer : Printer UP
Mon 16 Oct 05:42:09 CEST 2017 ----------   check_printer : Printer UP
Mon 16 Oct 06:42:09 CEST 2017 ----------   check_printer : Printer UP
Mon 16 Oct 07:42:09 CEST 2017 ----------   check_printer : Printer UP
Mon 16 Oct 08:42:09 CEST 2017 ----------   check_printer : Printer UP
Mon 16 Oct 09:42:09 CEST 2017 ----------   check_printer : Printer UP
Mon 16 Oct 10:42:09 CEST 2017 ----------   check_printer : Printer UP
Mon 16 Oct 11:42:09 CEST 2017 ----------   check_printer : Printer UP
Mon 16 Oct 12:42:09 CEST 2017 ----------   check_printer : Printer UP
Mon 16 Oct 13:42:09 CEST 2017 ----------   check_printer : Printer UP
Mon 16 Oct 14:42:09 CEST 2017 ----------   check_printer : Printer UP
Mon 16 Oct 15:42:09 CEST 2017 ----------   check_printer : Printer UP
Mon 16 Oct 16:42:09 CEST 2017 ----------   check_printer : Printer UP
Mon 16 Oct 17:42:09 CEST 2017 ----------   check_printer : Printer UP
Mon 16 Oct 18:42:09 CEST 2017 ----------   check_printer : Printer UP
Mon 16 Oct 19:42:09 CEST 2017 ----------   check_printer : Printer UP
Mon 16 Oct 20:42:09 CEST 2017 ----------   check_printer : Printer UP
Mon 16 Oct 21:42:09 CEST 2017 ----------   check_printer : Printer UP
Mon 16 Oct 22:42:09 CEST 2017 ----------   check_printer : Printer UP
Mon 16 Oct 23:42:09 CEST 2017 ----------   check_printer : Printer UP
Tue 17 Oct 00:42:09 CEST 2017 ----------   check_printer : Printer UP
Tue 17 Oct 01:42:09 CEST 2017 ----------   check_printer : Printer UP
Tue 17 Oct 02:42:09 CEST 2017 ----------   check_printer : Printer UP
Tue 17 Oct 03:42:09 CEST 2017 ----------   check_printer : Printer UP
Tue 17 Oct 04:42:09 CEST 2017 ----------   check_printer : Printer UP
Tue 17 Oct 05:42:09 CEST 2017 ----------   check_printer : Printer UP
Tue 17 Oct 06:42:09 CEST 2017 ----------   check_printer : Printer UP
Tue 17 Oct 07:42:09 CEST 2017 ----------   check_printer : Printer UP
Tue 17 Oct 08:42:09 CEST 2017 ----------   check_printer : Printer UP
Tue 17 Oct 09:42:09 CEST 2017 ----------   check_printer : Printer UP
Tue 17 Oct 10:09:03 CEST 2017 ----------   check_printer : Printer UP
Tue 17 Oct 10:11:29 CEST 2017 ----------   check_printer : Printer UP
Tue 17 Oct 10:12:33 CEST 2017 ----------   check_printer : Printer UP
Sat 21 Oct 19:21:32 CEST 2017 ----------   check_printer : Printer UP
Sat 21 Oct 19:45:06 CEST 2017 ----------   check_printer : Printer UP
Sat 21 Oct 20:41:11 CEST 2017 ----------   check_printer : Printer UP
Sat 21 Oct 20:45:08 CEST 2017 ----------   check_printer : Printer UP
Sat 21 Oct 21:45:06 CEST 2017 ----------   check_printer : Printer UP
Sat 21 Oct 22:10:04 CEST 2017 ----------   check_printer : Printer UP
Sat 21 Oct 23:10:04 CEST 2017 ----------   check_printer : Printer UP
Sun 22 Oct 00:10:04 CEST 2017 ----------   check_printer : Printer UP
Sun 22 Oct 01:10:04 CEST 2017 ----------   check_printer : Printer UP
Sun 22 Oct 02:10:04 CEST 2017 ----------   check_printer : Printer UP
Sun 22 Oct 03:10:04 CEST 2017 ----------   check_printer : Printer UP
Sun 22 Oct 04:10:04 CEST 2017 ----------   check_printer : Printer UP
Sun 22 Oct 05:10:04 CEST 2017 ----------   check_printer : Printer UP
Sun 22 Oct 06:10:04 CEST 2017 ----------   check_printer : Printer UP
Sun 22 Oct 07:10:04 CEST 2017 ----------   check_printer : Printer UP
Sun 22 Oct 08:10:04 CEST 2017 ----------   check_printer : Printer UP
Sun 22 Oct 09:10:04 CEST 2017 ----------   check_printer : Printer UP
Sun 22 Oct 10:10:04 CEST 2017 ----------   check_printer : Printer UP
Sun 22 Oct 11:10:04 CEST 2017 ----------   check_printer : Printer UP
Sun 22 Oct 12:10:04 CEST 2017 ----------   check_printer : Printer UP
Sun 22 Oct 12:30:28 CEST 2017 ----------   check_printer : Printer UP
Sun 22 Oct 13:30:29 CEST 2017 ----------   check_printer : Printer UP
Sun 22 Oct 14:30:29 CEST 2017 ----------   check_printer : Printer UP
Sun 22 Oct 15:30:29 CEST 2017 ----------   check_printer : Printer UP
Sun 22 Oct 16:30:29 CEST 2017 ----------   check_printer : Printer UP
Sun 22 Oct 17:30:29 CEST 2017 ----------   check_printer : Printer UP
Sun 22 Oct 18:30:29 CEST 2017 ----------   check_printer : Printer UP
Sun 22 Oct 19:30:29 CEST 2017 ----------   check_printer : Printer UP
Sun 22 Oct 20:30:29 CEST 2017 ----------   check_printer : Printer UP
Sun 22 Oct 21:30:29 CEST 2017 ----------   check_printer : Printer UP
Sun 22 Oct 22:30:29 CEST 2017 ----------   check_printer : Printer UP
Sun 22 Oct 23:30:29 CEST 2017 ----------   check_printer : Printer UP
Mon 23 Oct 00:30:29 CEST 2017 ----------   check_printer : Printer UP
Mon 23 Oct 01:30:29 CEST 2017 ----------   check_printer : Printer UP
Mon 23 Oct 02:30:29 CEST 2017 ----------   check_printer : Printer UP
Mon 23 Oct 03:30:29 CEST 2017 ----------   check_printer : Printer UP
Mon 23 Oct 04:30:29 CEST 2017 ----------   check_printer : Printer UP
Mon 23 Oct 05:30:29 CEST 2017 ----------   check_printer : Printer UP
Mon 23 Oct 06:30:29 CEST 2017 ----------   check_printer : Printer UP
Mon 23 Oct 07:30:29 CEST 2017 ----------   check_printer : Printer UP
Mon 23 Oct 08:30:29 CEST 2017 ----------   check_printer : Printer UP
Mon 23 Oct 09:30:29 CEST 2017 ----------   check_printer : Printer UP
Mon 23 Oct 10:30:29 CEST 2017 ----------   check_printer : Printer UP
Mon 23 Oct 11:30:29 CEST 2017 ----------   check_printer : Printer UP
Mon 23 Oct 12:30:29 CEST 2017 ----------   check_printer : Printer UP
Mon 23 Oct 13:30:29 CEST 2017 ----------   check_printer : Printer UP
Mon 23 Oct 14:30:29 CEST 2017 ----------   check_printer : Printer UP
Mon 23 Oct 15:30:29 CEST 2017 ----------   check_printer : Printer UP
Mon 23 Oct 16:30:29 CEST 2017 ----------   check_printer : Printer UP
Mon 23 Oct 17:30:29 CEST 2017 ----------   check_printer : Printer UP
Mon 23 Oct 18:30:29 CEST 2017 ----------   check_printer : Printer UP
Mon 23 Oct 19:30:29 CEST 2017 ----------   check_printer : Printer UP
Mon 23 Oct 20:30:29 CEST 2017 ----------   check_printer : Printer UP
Mon 23 Oct 21:30:29 CEST 2017 ----------   check_printer : Printer UP
Mon 23 Oct 22:30:29 CEST 2017 ----------   check_printer : Printer UP
Mon 23 Oct 23:30:29 CEST 2017 ----------   check_printer : Printer UP
Tue 24 Oct 00:30:29 CEST 2017 ----------   check_printer : Printer UP
Tue 24 Oct 01:30:29 CEST 2017 ----------   check_printer : Printer UP
Tue 24 Oct 02:30:29 CEST 2017 ----------   check_printer : Printer UP
Tue 24 Oct 03:30:29 CEST 2017 ----------   check_printer : Printer UP
Tue 24 Oct 04:30:29 CEST 2017 ----------   check_printer : Printer UP
Tue 24 Oct 05:30:29 CEST 2017 ----------   check_printer : Printer UP
Tue 24 Oct 06:30:29 CEST 2017 ----------   check_printer : Printer UP
Tue 24 Oct 07:30:29 CEST 2017 ----------   check_printer : Printer UP
Tue 24 Oct 08:30:29 CEST 2017 ----------   check_printer : Printer UP
Tue 24 Oct 09:30:29 CEST 2017 ----------   check_printer : Printer UP
Tue 24 Oct 10:30:29 CEST 2017 ----------   check_printer : Printer UP
Tue 24 Oct 11:30:29 CEST 2017 ----------   check_printer : Printer UP
Tue 24 Oct 12:30:29 CEST 2017 ----------   check_printer : Printer UP
Tue 24 Oct 12:37:43 CEST 2017 ----------   check_printer : Printer UP
Tue 24 Oct 13:37:43 CEST 2017 ----------   check_printer : Printer UP
Tue 24 Oct 14:37:43 CEST 2017 ----------   check_printer : Printer UP
Tue 24 Oct 15:37:43 CEST 2017 ----------   check_printer : Printer UP
Tue 24 Oct 16:37:43 CEST 2017 ----------   check_printer : Printer UP
Tue 24 Oct 17:37:43 CEST 2017 ----------   check_printer : Printer UP
Tue 24 Oct 18:37:43 CEST 2017 ----------   check_printer : Printer UP
Tue 24 Oct 19:37:43 CEST 2017 ----------   check_printer : Printer UP
Tue 24 Oct 19:55:16 CEST 2017 ----------   check_printer : Printer UP
Tue 24 Oct 20:03:31 CEST 2017 ----------   check_printer : Printer UP
Tue 24 Oct 20:37:44 CEST 2017 ----------   check_printer : Printer UP
Tue 24 Oct 20:43:12 CEST 2017 ----------   check_printer : Printer UP
Tue 24 Oct 21:43:12 CEST 2017 ----------   check_printer : Printer UP
Tue 24 Oct 22:43:12 CEST 2017 ----------   check_printer : Printer UP
Tue 24 Oct 23:43:12 CEST 2017 ----------   check_printer : Printer UP
Wed 25 Oct 00:43:12 CEST 2017 ----------   check_printer : Printer UP
Wed 25 Oct 01:43:12 CEST 2017 ----------   check_printer : Printer UP
Wed 25 Oct 02:43:12 CEST 2017 ----------   check_printer : Printer UP
Wed 25 Oct 03:43:12 CEST 2017 ----------   check_printer : Printer UP
Wed 25 Oct 04:43:12 CEST 2017 ----------   check_printer : Printer UP
Wed 25 Oct 05:43:12 CEST 2017 ----------   check_printer : Printer UP
Wed 25 Oct 06:43:12 CEST 2017 ----------   check_printer : Printer UP
Wed 25 Oct 07:43:12 CEST 2017 ----------   check_printer : Printer UP
Wed 25 Oct 08:43:12 CEST 2017 ----------   check_printer : Printer UP
Wed 25 Oct 09:43:12 CEST 2017 ----------   check_printer : Printer UP
Wed 25 Oct 10:43:12 CEST 2017 ----------   check_printer : Printer UP
Wed 25 Oct 11:43:12 CEST 2017 ----------   check_printer : Printer UP
Wed 25 Oct 12:43:12 CEST 2017 ----------   check_printer : Printer UP
Wed 25 Oct 13:43:12 CEST 2017 ----------   check_printer : Printer UP
Wed 25 Oct 14:37:42 CEST 2017 ----------   check_printer : Printer UP
Wed 25 Oct 15:37:42 CEST 2017 ----------   check_printer : Printer UP
Wed 25 Oct 16:37:42 CEST 2017 ----------   check_printer : Printer UP
Wed 25 Oct 17:37:42 CEST 2017 ----------   check_printer : Printer UP
Wed 25 Oct 18:37:42 CEST 2017 ----------   check_printer : Printer UP
Wed 25 Oct 19:37:42 CEST 2017 ----------   check_printer : Printer UP
Wed 25 Oct 20:37:42 CEST 2017 ----------   check_printer : Printer UP
Wed 25 Oct 21:37:42 CEST 2017 ----------   check_printer : Printer UP
Wed 25 Oct 22:28:04 CEST 2017 ----------   check_printer : Printer UP
Wed 25 Oct 22:37:42 CEST 2017 ----------   check_printer : Printer UP
Wed 25 Oct 22:39:36 CEST 2017 ----------   check_printer : Printer UP
Wed 25 Oct 22:43:41 CEST 2017 ----------   check_printer : Printer UP
Wed 25 Oct 22:45:19 CEST 2017 ----------   check_printer : Printer UP
Wed 25 Oct 23:45:19 CEST 2017 ----------   check_printer : Printer UP
Thu 26 Oct 00:45:19 CEST 2017 ----------   check_printer : Printer UP
Thu 26 Oct 01:45:19 CEST 2017 ----------   check_printer : Printer UP
Thu 26 Oct 02:45:19 CEST 2017 ----------   check_printer : Printer UP
Thu 26 Oct 03:45:19 CEST 2017 ----------   check_printer : Printer UP
Thu 26 Oct 04:45:19 CEST 2017 ----------   check_printer : Printer UP
Thu 26 Oct 05:45:19 CEST 2017 ----------   check_printer : Printer UP
Thu 26 Oct 06:45:19 CEST 2017 ----------   check_printer : Printer UP
Thu 26 Oct 07:45:19 CEST 2017 ----------   check_printer : Printer UP
Thu 26 Oct 08:45:19 CEST 2017 ----------   check_printer : Printer UP
Thu 26 Oct 09:45:19 CEST 2017 ----------   check_printer : Printer UP
Thu 26 Oct 10:45:19 CEST 2017 ----------   check_printer : Printer UP
Thu 26 Oct 11:45:19 CEST 2017 ----------   check_printer : Printer UP
Thu 26 Oct 12:45:19 CEST 2017 ----------   check_printer : Printer UP
Thu 26 Oct 13:45:19 CEST 2017 ----------   check_printer : Printer UP
Fri 27 Oct 17:00:03 CEST 2017 ----------   check_printer : Printer UP
Fri 27 Oct 18:00:03 CEST 2017 ----------   check_printer : Printer UP
Fri 27 Oct 19:00:03 CEST 2017 ----------   check_printer : Printer UP
Fri 27 Oct 20:00:03 CEST 2017 ----------   check_printer : Printer UP
Fri 27 Oct 21:00:03 CEST 2017 ----------   check_printer : Printer UP
Fri 27 Oct 22:00:03 CEST 2017 ----------   check_printer : Printer UP
Fri 27 Oct 23:00:03 CEST 2017 ----------   check_printer : Printer UP
Sat 28 Oct 00:00:03 CEST 2017 ----------   check_printer : Printer UP
Sat 28 Oct 01:00:03 CEST 2017 ----------   check_printer : Printer UP
Sat 28 Oct 02:00:03 CEST 2017 ----------   check_printer : Printer UP
Sat 28 Oct 03:00:03 CEST 2017 ----------   check_printer : Printer UP
Sat 28 Oct 04:00:03 CEST 2017 ----------   check_printer : Printer UP
Sat 28 Oct 05:00:03 CEST 2017 ----------   check_printer : Printer UP
Sat 28 Oct 06:00:03 CEST 2017 ----------   check_printer : Printer UP
Sat 28 Oct 07:00:03 CEST 2017 ----------   check_printer : Printer UP
Sat 28 Oct 08:00:03 CEST 2017 ----------   check_printer : Printer UP
Sat 28 Oct 09:00:03 CEST 2017 ----------   check_printer : Printer UP
Sat 28 Oct 10:00:03 CEST 2017 ----------   check_printer : Printer UP
Sat 28 Oct 11:00:03 CEST 2017 ----------   check_printer : Printer UP
Sat 28 Oct 12:00:03 CEST 2017 ----------   check_printer : Printer UP
Sat 28 Oct 13:00:03 CEST 2017 ----------   check_printer : Printer UP
Sat 28 Oct 14:00:03 CEST 2017 ----------   check_printer : Printer UP
Sat 28 Oct 15:00:03 CEST 2017 ----------   check_printer : Printer UP
Sat 28 Oct 16:00:03 CEST 2017 ----------   check_printer : Printer UP
Sat 28 Oct 17:00:04 CEST 2017 ----------   check_printer : Printer UP
Sat 28 Oct 18:00:03 CEST 2017 ----------   check_printer : Printer UP
Sat 28 Oct 19:00:03 CEST 2017 ----------   check_printer : Printer UP
Sat 28 Oct 20:00:03 CEST 2017 ----------   check_printer : Printer UP
Sat 28 Oct 21:00:03 CEST 2017 ----------   check_printer : Printer UP
Sat 28 Oct 22:00:03 CEST 2017 ----------   check_printer : Printer UP
Sat 28 Oct 23:00:03 CEST 2017 ----------   check_printer : Printer UP
Sun 29 Oct 00:00:03 CEST 2017 ----------   check_printer : Printer UP
Sun 29 Oct 01:00:03 CEST 2017 ----------   check_printer : Printer UP
Sun 29 Oct 02:00:03 CEST 2017 ----------   check_printer : Printer UP
Sun 29 Oct 02:00:03 CET 2017 ----------   check_printer : Printer UP
Sun 29 Oct 03:00:03 CET 2017 ----------   check_printer : Printer UP
Sun 29 Oct 04:00:03 CET 2017 ----------   check_printer : Printer UP
Sun 29 Oct 05:00:03 CET 2017 ----------   check_printer : Printer UP
Sun 29 Oct 06:00:03 CET 2017 ----------   check_printer : Printer UP
Sun 29 Oct 07:00:03 CET 2017 ----------   check_printer : Printer UP
Sun 29 Oct 08:00:03 CET 2017 ----------   check_printer : Printer UP
Sun 29 Oct 09:00:03 CET 2017 ----------   check_printer : Printer UP
Sun 29 Oct 10:00:03 CET 2017 ----------   check_printer : Printer UP
Sun 29 Oct 11:00:03 CET 2017 ----------   check_printer : Printer UP
Sun 29 Oct 12:00:03 CET 2017 ----------   check_printer : Printer UP
Sun 29 Oct 13:00:03 CET 2017 ----------   check_printer : Printer UP
Sun 29 Oct 14:00:03 CET 2017 ----------   check_printer : Printer UP
Sun 29 Oct 15:00:03 CET 2017 ----------   check_printer : Printer UP
Sun 29 Oct 16:00:03 CET 2017 ----------   check_printer : Printer UP
Sun 29 Oct 17:00:03 CET 2017 ----------   check_printer : Printer UP
Sun 29 Oct 18:00:03 CET 2017 ----------   check_printer : Printer UP
