 Wed 13 Sep 10:22:14 CEST 2017 ----------   Tablet-Stop : Stopping the tablet
 Wed 13 Sep 11:11:23 CEST 2017 ----------   Tablet-Stop : Stopping the tablet
 Wed 13 Sep 19:46:57 CEST 2017 ----------   Tablet-Stop : Stopping the tablet
 Wed 13 Sep 19:49:19 CEST 2017 ----------   Tablet-Stop : Stopping the tablet
 Tue 19 Sep 20:47:49 CEST 2017 ----------   Tablet-Stop : Stopping the tablet
 Tue 19 Sep 20:53:13 CEST 2017 ----------   Tablet-Stop : Stopping the tablet
 Tue 19 Sep 21:15:39 CEST 2017 ----------   Tablet-Stop : Stopping the tablet
 Tue 19 Sep 21:40:39 CEST 2017 ----------   Tablet-Stop : Stopping the tablet
 Wed 20 Sep 08:53:08 CEST 2017 ----------   Tablet-Stop : Stopping the tablet
 Wed 20 Sep 08:55:57 CEST 2017 ----------   Tablet-Stop : Stopping the tablet
 Wed 20 Sep 09:01:36 CEST 2017 ----------   Tablet-Stop : Stopping the tablet
 Wed 20 Sep 19:57:45 CEST 2017 ----------   Tablet-Stop : Stopping the tablet
 Wed 20 Sep 20:03:39 CEST 2017 ----------   Tablet-Stop : Stopping the tablet
 Thu 21 Sep 19:47:09 CEST 2017 ----------   Tablet-Stop : Stopping the tablet
 Thu 21 Sep 19:52:06 CEST 2017 ----------   Tablet-Stop : Stopping the tablet
 Thu 21 Sep 19:54:05 CEST 2017 ----------   Tablet-Stop : Stopping the tablet
 Thu 21 Sep 19:58:13 CEST 2017 ----------   Tablet-Stop : Stopping the tablet
 Thu 21 Sep 20:50:06 CEST 2017 ----------   Tablet-Stop : Stopping the tablet
 Thu 21 Sep 21:01:10 CEST 2017 ----------   Tablet-Stop : Stopping the tablet
 Thu 21 Sep 21:05:18 CEST 2017 ----------   Tablet-Stop : Stopping the tablet
 Thu 21 Sep 21:18:55 CEST 2017 ----------   Tablet-Stop : Stopping the tablet
 Thu 21 Sep 21:52:29 CEST 2017 ----------   Tablet-Stop : Stopping the tablet
 Thu 21 Sep 22:10:24 CEST 2017 ----------   Tablet-Stop : Stopping the tablet
 Thu 21 Sep 22:17:19 CEST 2017 ----------   Tablet-Stop : Stopping the tablet
 Thu 21 Sep 23:02:47 CEST 2017 ----------   Tablet-Stop : Stopping the tablet
 Sat 23 Sep 14:28:47 CEST 2017 ----------   Tablet-Stop : Stopping the tablet
 Mon 25 Sep 22:18:09 CEST 2017 ----------   Tablet-Stop : Stopping the tablet
 Tue 26 Sep 09:01:40 CEST 2017 ----------   Tablet-Stop : Stopping the tablet
 Tue 26 Sep 20:04:42 CEST 2017 ----------   Tablet-Stop : Stopping the tablet
 Tue 26 Sep 21:46:56 CEST 2017 ----------   Tablet-Stop : Stopping the tablet
 Tue 26 Sep 21:50:37 CEST 2017 ----------   Tablet-Stop : Stopping the tablet
 Tue 26 Sep 21:53:25 CEST 2017 ----------   Tablet-Stop : Stopping the tablet
 Sun  1 Oct 11:54:58 CEST 2017 ----------   Tablet-Stop : Stopping the tablet with no all container stopped, there may an issue
 Thu  5 Oct 18:25:27 CEST 2017 ----------   Tablet-Stop : Stopping the tablet
 Sat  7 Oct 17:21:04 CEST 2017 ----------   Tablet-Stop : Stopping the tablet
 Sat  7 Oct 17:30:57 CEST 2017 ----------   Tablet-Stop : Stopping the tablet
 Sat  7 Oct 23:21:23 CEST 2017 ----------   Tablet-Stop : Stopping the tablet
 Sun  8 Oct 14:17:42 CEST 2017 ----------   Tablet-Stop : Stopping the tablet
 Sun  8 Oct 15:56:56 CEST 2017 ----------   Tablet-Stop : Stopping the tablet
 Sun  8 Oct 23:14:50 CEST 2017 ----------   Tablet-Stop : Stopping the tablet
 Fri 13 Oct 10:50:06 CEST 2017 ----------   Tablet-Stop : Stopping the tablet
 Fri 13 Oct 10:54:39 CEST 2017 ----------   Tablet-Stop : Stopping the tablet
 Fri 13 Oct 11:15:43 CEST 2017 ----------   Tablet-Stop : Stopping the tablet
 Tue 17 Oct 10:08:20 CEST 2017 ----------   Tablet-Stop : Stopping the tablet
 Tue 17 Oct 10:11:48 CEST 2017 ----------   Tablet-Stop : Stopping the tablet
 Sat 21 Oct 19:20:26 CEST 2017 ----------   Tablet-Stop : Stopping the tablet
 Sat 21 Oct 22:07:25 CEST 2017 ----------   Tablet-Stop : Stopping the tablet
 Sun 22 Oct 12:29:16 CEST 2017 ----------   Tablet-Stop : Stopping the tablet
 Tue 24 Oct 12:36:32 CEST 2017 ----------   Tablet-Stop : Stopping the tablet
 Tue 24 Oct 20:42:00 CEST 2017 ----------   Tablet-Stop : Stopping the tablet
 Wed 25 Oct 14:36:26 CEST 2017 ----------   Tablet-Stop : Stopping the tablet
 Wed 25 Oct 22:38:24 CEST 2017 ----------   Tablet-Stop : Stopping the tablet
 Fri 27 Oct 16:58:53 CEST 2017 ----------   Tablet-Stop : Stopping the tablet
