 Wed 13 Sep 10:22:23 CEST 2017 ----------   Tablet-Startup : Script starting
 Wed 13 Sep 11:11:30 CEST 2017 ----------   Tablet-Startup : Script starting
 Wed 13 Sep 11:12:27 CEST 2017 ----------   Tablet-Startup : The two container are up
 Wed 13 Sep 11:12:27 CEST 2017 ----------   Tablet-Startup : Start PyWeb display webservice
 Wed 13 Sep 19:47:04 CEST 2017 ----------   Tablet-Startup : Script starting
 Wed 13 Sep 19:47:59 CEST 2017 ----------   Tablet-Startup : The two container are up
 Wed 13 Sep 19:47:59 CEST 2017 ----------   Tablet-Startup : Start PyWeb display webservice
 Wed 13 Sep 19:49:26 CEST 2017 ----------   Tablet-Startup : Script starting
 Wed 13 Sep 19:50:22 CEST 2017 ----------   Tablet-Startup : The two container are up
 Wed 13 Sep 19:50:22 CEST 2017 ----------   Tablet-Startup : Start PyWeb display webservice
 Fri 15 Sep 19:52:56 CEST 2017 ----------   Tablet-Startup : Script starting
 Fri 15 Sep 19:53:15 CEST 2017 ----------   Tablet-Startup : The two container are up
 Fri 15 Sep 19:53:15 CEST 2017 ----------   Tablet-Startup : Start PyWeb display webservice
 Fri 15 Sep 20:32:39 CEST 2017 ----------   Tablet-Startup : Script starting
 Sat 16 Sep 09:59:31 CEST 2017 ----------   Tablet-Startup : The two container are up
 Sat 16 Sep 09:59:31 CEST 2017 ----------   Tablet-Startup : Start PyWeb display webservice
 Sat 16 Sep 10:00:31 CEST 2017 ----------   Tablet-Startup : Script starting
 Sat 16 Sep 10:00:54 CEST 2017 ----------   Tablet-Startup : The two container are up
 Sat 16 Sep 10:00:54 CEST 2017 ----------   Tablet-Startup : Start PyWeb display webservice
 Sat 16 Sep 10:17:05 CEST 2017 ----------   Tablet-Startup : Script starting
 Sat 16 Sep 10:17:30 CEST 2017 ----------   Tablet-Startup : The two container are up
 Sat 16 Sep 10:17:30 CEST 2017 ----------   Tablet-Startup : Start PyWeb display webservice
 Mon 18 Sep 22:53:25 CEST 2017 ----------   Tablet-Startup : Script starting
 Mon 18 Sep 22:54:23 CEST 2017 ----------   Tablet-Startup : The two container are up
 Mon 18 Sep 22:54:23 CEST 2017 ----------   Tablet-Startup : Start PyWeb display webservice
 Tue 19 Sep 15:34:10 CEST 2017 ----------   Tablet-Startup : Script starting
 Tue 19 Sep 15:35:08 CEST 2017 ----------   Tablet-Startup : The two container are up
 Tue 19 Sep 15:35:08 CEST 2017 ----------   Tablet-Startup : Start PyWeb display webservice
 Tue 19 Sep 15:40:35 CEST 2017 ----------   Tablet-Startup : Script starting
 Tue 19 Sep 19:23:18 CEST 2017 ----------   Tablet-Startup : The two container are up
 Tue 19 Sep 19:23:18 CEST 2017 ----------   Tablet-Startup : Start PyWeb display webservice
 Tue 19 Sep 19:24:20 CEST 2017 ----------   Tablet-Startup : Script starting
 Tue 19 Sep 19:25:06 CEST 2017 ----------   Tablet-Startup : The two container are up
 Tue 19 Sep 19:25:06 CEST 2017 ----------   Tablet-Startup : Start PyWeb display webservice
 Tue 19 Sep 19:48:59 CEST 2017 ----------   Tablet-Startup : Script starting
 Tue 19 Sep 19:49:57 CEST 2017 ----------   Tablet-Startup : The two container are up
 Tue 19 Sep 19:49:57 CEST 2017 ----------   Tablet-Startup : Start PyWeb display webservice
 Tue 19 Sep 19:58:56 CEST 2017 ----------   Tablet-Startup : Script starting
 Tue 19 Sep 19:59:53 CEST 2017 ----------   Tablet-Startup : The two container are up
 Tue 19 Sep 19:59:53 CEST 2017 ----------   Tablet-Startup : Start PyWeb display webservice
 Tue 19 Sep 20:03:03 CEST 2017 ----------   Tablet-Startup : Script starting
 Tue 19 Sep 20:04:00 CEST 2017 ----------   Tablet-Startup : The two container are up
 Tue 19 Sep 20:04:00 CEST 2017 ----------   Tablet-Startup : Start PyWeb display webservice
 Tue 19 Sep 20:05:14 CEST 2017 ----------   Tablet-Startup : Script starting
 Tue 19 Sep 20:06:09 CEST 2017 ----------   Tablet-Startup : The two container are up
 Tue 19 Sep 20:06:09 CEST 2017 ----------   Tablet-Startup : Start PyWeb display webservice
 Tue 19 Sep 20:18:14 CEST 2017 ----------   Tablet-Startup : Script starting
 Tue 19 Sep 20:19:11 CEST 2017 ----------   Tablet-Startup : The two container are up
 Tue 19 Sep 20:19:11 CEST 2017 ----------   Tablet-Startup : Start PyWeb display webservice
 Tue 19 Sep 20:21:07 CEST 2017 ----------   Tablet-Startup : Script starting
 Tue 19 Sep 20:22:06 CEST 2017 ----------   Tablet-Startup : The two container are up
 Tue 19 Sep 20:22:06 CEST 2017 ----------   Tablet-Startup : Start PyWeb display webservice
 Tue 19 Sep 20:39:40 CEST 2017 ----------   Tablet-Startup : Script starting
 Tue 19 Sep 20:40:41 CEST 2017 ----------   Tablet-Startup : The two container are up
 Tue 19 Sep 20:40:41 CEST 2017 ----------   Tablet-Startup : Start PyWeb display webservice
 Tue 19 Sep 20:45:02 CEST 2017 ----------   Tablet-Startup : Script starting
 Tue 19 Sep 20:46:03 CEST 2017 ----------   Tablet-Startup : The two container are up
 Tue 19 Sep 20:46:03 CEST 2017 ----------   Tablet-Startup : Start PyWeb display webservice
 Tue 19 Sep 20:47:57 CEST 2017 ----------   Tablet-Startup : Script starting
 Tue 19 Sep 20:48:59 CEST 2017 ----------   Tablet-Startup : The two container are up
 Tue 19 Sep 20:48:59 CEST 2017 ----------   Tablet-Startup : Start PyWeb display webservice
 Tue 19 Sep 20:53:20 CEST 2017 ----------   Tablet-Startup : Script starting
 Tue 19 Sep 20:54:21 CEST 2017 ----------   Tablet-Startup : The two container are up
 Tue 19 Sep 20:54:21 CEST 2017 ----------   Tablet-Startup : Start PyWeb display webservice
 Tue 19 Sep 21:14:06 CEST 2017 ----------   Tablet-Startup : Script starting
 Tue 19 Sep 21:15:07 CEST 2017 ----------   Tablet-Startup : The two container are up
 Tue 19 Sep 21:15:07 CEST 2017 ----------   Tablet-Startup : Start PyWeb display webservice
 Tue 19 Sep 21:15:46 CEST 2017 ----------   Tablet-Startup : Script starting
 Tue 19 Sep 21:16:44 CEST 2017 ----------   Tablet-Startup : The two container are up
 Tue 19 Sep 21:16:44 CEST 2017 ----------   Tablet-Startup : Start PyWeb display webservice
 Tue 19 Sep 21:34:19 CEST 2017 ----------   Tablet-Startup : Script starting
 Tue 19 Sep 21:35:20 CEST 2017 ----------   Tablet-Startup : The two container are up
 Tue 19 Sep 21:35:20 CEST 2017 ----------   Tablet-Startup : Start PyWeb display webservice
 Tue 19 Sep 21:40:45 CEST 2017 ----------   Tablet-Startup : Script starting
 Tue 19 Sep 21:41:47 CEST 2017 ----------   Tablet-Startup : The two container are up
 Tue 19 Sep 21:41:47 CEST 2017 ----------   Tablet-Startup : Start PyWeb display webservice
 Wed 20 Sep 08:53:15 CEST 2017 ----------   Tablet-Startup : Script starting
 Wed 20 Sep 08:54:12 CEST 2017 ----------   Tablet-Startup : The two container are up
 Wed 20 Sep 08:54:12 CEST 2017 ----------   Tablet-Startup : Start PyWeb display webservice
 Wed 20 Sep 08:56:03 CEST 2017 ----------   Tablet-Startup : Script starting
 Wed 20 Sep 08:57:02 CEST 2017 ----------   Tablet-Startup : The two container are up
 Wed 20 Sep 08:57:02 CEST 2017 ----------   Tablet-Startup : Start PyWeb display webservice
 Wed 20 Sep 09:01:45 CEST 2017 ----------   Tablet-Startup : Script starting
 Wed 20 Sep 19:12:16 CEST 2017 ----------   Tablet-Startup : The two container are up
 Wed 20 Sep 19:12:16 CEST 2017 ----------   Tablet-Startup : Start PyWeb display webservice
 Wed 20 Sep 19:57:53 CEST 2017 ----------   Tablet-Startup : Script starting
 Wed 20 Sep 20:02:52 CEST 2017 ----------   Tablet-Startup : The two container are up
 Wed 20 Sep 20:02:52 CEST 2017 ----------   Tablet-Startup : Start PyWeb display webservice
 Wed 20 Sep 20:03:47 CEST 2017 ----------   Tablet-Startup : Script starting
 Wed 20 Sep 20:04:33 CEST 2017 ----------   Tablet-Startup : The two container are up
 Wed 20 Sep 20:04:33 CEST 2017 ----------   Tablet-Startup : Start PyWeb display webservice
 Thu 21 Sep 15:47:53 CEST 2017 ----------   Tablet-Startup : Script starting
 Thu 21 Sep 15:48:52 CEST 2017 ----------   Tablet-Startup : The two container are up
 Thu 21 Sep 15:48:52 CEST 2017 ----------   Tablet-Startup : Start PyWeb display webservice
 Thu 21 Sep 19:47:16 CEST 2017 ----------   Tablet-Startup : Script starting
 Thu 21 Sep 19:48:16 CEST 2017 ----------   Tablet-Startup : The two container are up
 Thu 21 Sep 19:48:16 CEST 2017 ----------   Tablet-Startup : Start PyWeb display webservice
 Thu 21 Sep 19:52:14 CEST 2017 ----------   Tablet-Startup : Script starting
 Thu 21 Sep 19:53:15 CEST 2017 ----------   Tablet-Startup : The two container are up
 Thu 21 Sep 19:53:15 CEST 2017 ----------   Tablet-Startup : Start PyWeb display webservice
 Thu 21 Sep 19:54:12 CEST 2017 ----------   Tablet-Startup : Script starting
 Thu 21 Sep 19:55:15 CEST 2017 ----------   Tablet-Startup : The two container are up
 Thu 21 Sep 19:55:15 CEST 2017 ----------   Tablet-Startup : Start PyWeb display webservice
 Thu 21 Sep 19:58:21 CEST 2017 ----------   Tablet-Startup : Script starting
 Thu 21 Sep 19:58:57 CEST 2017 ----------   Tablet-Startup : The two container are up
 Thu 21 Sep 19:58:57 CEST 2017 ----------   Tablet-Startup : Start PyWeb display webservice
 Thu 21 Sep 20:50:12 CEST 2017 ----------   Tablet-Startup : Script starting
 Thu 21 Sep 20:51:00 CEST 2017 ----------   Tablet-Startup : The two container are up
 Thu 21 Sep 20:51:00 CEST 2017 ----------   Tablet-Startup : Start PyWeb display webservice
 Thu 21 Sep 21:01:18 CEST 2017 ----------   Tablet-Startup : Script starting
 Thu 21 Sep 21:02:04 CEST 2017 ----------   Tablet-Startup : The two container are up
 Thu 21 Sep 21:02:04 CEST 2017 ----------   Tablet-Startup : Start PyWeb display webservice
 Thu 21 Sep 21:05:26 CEST 2017 ----------   Tablet-Startup : Script starting
 Thu 21 Sep 21:06:12 CEST 2017 ----------   Tablet-Startup : The two container are up
 Thu 21 Sep 21:06:12 CEST 2017 ----------   Tablet-Startup : Start PyWeb display webservice
 Thu 21 Sep 21:19:04 CEST 2017 ----------   Tablet-Startup : Script starting
 Thu 21 Sep 21:19:58 CEST 2017 ----------   Tablet-Startup : The two container are up
 Thu 21 Sep 21:19:58 CEST 2017 ----------   Tablet-Startup : Start PyWeb display webservice
 Thu 21 Sep 21:52:36 CEST 2017 ----------   Tablet-Startup : Script starting
 Thu 21 Sep 21:53:38 CEST 2017 ----------   Tablet-Startup : The two container are up
 Thu 21 Sep 21:53:38 CEST 2017 ----------   Tablet-Startup : Start PyWeb display webservice
 Thu 21 Sep 22:10:32 CEST 2017 ----------   Tablet-Startup : Script starting
 Thu 21 Sep 22:11:33 CEST 2017 ----------   Tablet-Startup : The two container are up
 Thu 21 Sep 22:11:33 CEST 2017 ----------   Tablet-Startup : Start PyWeb display webservice
 Thu 21 Sep 22:17:29 CEST 2017 ----------   Tablet-Startup : Script starting
 Thu 21 Sep 22:18:33 CEST 2017 ----------   Tablet-Startup : The two container are up
 Thu 21 Sep 22:18:33 CEST 2017 ----------   Tablet-Startup : Start PyWeb display webservice
 Thu 21 Sep 23:04:23 CEST 2017 ----------   Tablet-Startup : Script starting
 Thu 21 Sep 23:05:23 CEST 2017 ----------   Tablet-Startup : The two container are up
 Thu 21 Sep 23:05:23 CEST 2017 ----------   Tablet-Startup : Start PyWeb display webservice
 Sat 23 Sep 14:25:56 CEST 2017 ----------   Tablet-Startup : Script starting
 Sat 23 Sep 14:28:10 CEST 2017 ----------   Tablet-Startup : The two container are up
 Sat 23 Sep 14:28:10 CEST 2017 ----------   Tablet-Startup : Start PyWeb display webservice
 Sat 23 Sep 14:28:57 CEST 2017 ----------   Tablet-Startup : Script starting
 Sat 23 Sep 14:30:06 CEST 2017 ----------   Tablet-Startup : The two container are up
 Sat 23 Sep 14:30:06 CEST 2017 ----------   Tablet-Startup : Start PyWeb display webservice
 Sat 23 Sep 14:31:07 CEST 2017 ----------   Tablet-Startup : Script starting
 Sat 23 Sep 14:32:07 CEST 2017 ----------   Tablet-Startup : The two container are up
 Sat 23 Sep 14:32:07 CEST 2017 ----------   Tablet-Startup : Start PyWeb display webservice
 Mon 25 Sep 22:19:45 CEST 2017 ----------   Tablet-Startup : Script starting
 Mon 25 Sep 22:20:38 CEST 2017 ----------   Tablet-Startup : The two container are up
 Mon 25 Sep 22:20:38 CEST 2017 ----------   Tablet-Startup : Start PyWeb display webservice
 Tue 26 Sep 09:01:47 CEST 2017 ----------   Tablet-Startup : Script starting
 Tue 26 Sep 09:02:46 CEST 2017 ----------   Tablet-Startup : The two container are up
 Tue 26 Sep 09:02:46 CEST 2017 ----------   Tablet-Startup : Start PyWeb display webservice
 Tue 26 Sep 20:04:50 CEST 2017 ----------   Tablet-Startup : Script starting
 Tue 26 Sep 20:05:44 CEST 2017 ----------   Tablet-Startup : The two container are up
 Tue 26 Sep 20:05:44 CEST 2017 ----------   Tablet-Startup : Start PyWeb display webservice
 Tue 26 Sep 21:47:05 CEST 2017 ----------   Tablet-Startup : Script starting
 Tue 26 Sep 21:48:01 CEST 2017 ----------   Tablet-Startup : The two container are up
 Tue 26 Sep 21:48:01 CEST 2017 ----------   Tablet-Startup : Start PyWeb display webservice
 Tue 26 Sep 21:50:44 CEST 2017 ----------   Tablet-Startup : Script starting
 Tue 26 Sep 21:51:47 CEST 2017 ----------   Tablet-Startup : The two container are up
 Tue 26 Sep 21:51:47 CEST 2017 ----------   Tablet-Startup : Start PyWeb display webservice
 Tue 26 Sep 21:53:35 CEST 2017 ----------   Tablet-Startup : Script starting
 Tue 26 Sep 21:54:37 CEST 2017 ----------   Tablet-Startup : The two container are up
 Tue 26 Sep 21:54:37 CEST 2017 ----------   Tablet-Startup : Start PyWeb display webservice
 Sun  1 Oct 11:56:34 CEST 2017 ----------   Tablet-Startup : Script starting
 Sun  1 Oct 11:57:29 CEST 2017 ----------   Tablet-Startup : The two container are up
 Sun  1 Oct 11:57:29 CEST 2017 ----------   Tablet-Startup : Start PyWeb display webservice
 Thu  5 Oct 18:25:36 CEST 2017 ----------   Tablet-Startup : Script starting
 Thu  5 Oct 18:26:34 CEST 2017 ----------   Tablet-Startup : The two container are up
 Thu  5 Oct 18:26:34 CEST 2017 ----------   Tablet-Startup : Start PyWeb display webservice
 Sat  7 Oct 17:21:18 CEST 2017 ----------   Tablet-Startup : Script starting
 Sat  7 Oct 17:22:12 CEST 2017 ----------   Tablet-Startup : The two container are up
 Sat  7 Oct 17:22:12 CEST 2017 ----------   Tablet-Startup : Start PyWeb display webservice
 Sat  7 Oct 17:31:08 CEST 2017 ----------   Tablet-Startup : Script starting
 Sat  7 Oct 17:32:24 CEST 2017 ----------   Tablet-Startup : The two container are up
 Sat  7 Oct 17:32:24 CEST 2017 ----------   Tablet-Startup : Start PyWeb display webservice
 Sat  7 Oct 23:21:34 CEST 2017 ----------   Tablet-Startup : Script starting
 Sat  7 Oct 23:22:19 CEST 2017 ----------   Tablet-Startup : The two container are up
 Sat  7 Oct 23:22:19 CEST 2017 ----------   Tablet-Startup : Start PyWeb display webservice
 Sun  8 Oct 14:19:21 CEST 2017 ----------   Tablet-Startup : Script starting
 Sun  8 Oct 14:20:11 CEST 2017 ----------   Tablet-Startup : The two container are up
 Sun  8 Oct 14:20:11 CEST 2017 ----------   Tablet-Startup : Start PyWeb display webservice
 Sun  8 Oct 14:20:11 CEST 2017 ----------   Tablet-Startup : Delete logs
 Sun  8 Oct 15:57:09 CEST 2017 ----------   Tablet-Startup : Script starting
 Sun  8 Oct 15:58:01 CEST 2017 ----------   Tablet-Startup : The two container are up
 Sun  8 Oct 15:58:01 CEST 2017 ----------   Tablet-Startup : Start PyWeb display webservice
 Sun  8 Oct 15:58:01 CEST 2017 ----------   Tablet-Startup : Delete logs
 Sun  8 Oct 23:14:57 CEST 2017 ----------   Tablet-Startup : Script starting
 Sun  8 Oct 23:15:46 CEST 2017 ----------   Tablet-Startup : The two container are up
 Sun  8 Oct 23:15:46 CEST 2017 ----------   Tablet-Startup : Start PyWeb display webservice
 Sun  8 Oct 23:15:46 CEST 2017 ----------   Tablet-Startup : Delete logs
 Fri 13 Oct 10:50:19 CEST 2017 ----------   Tablet-Startup : Script starting
 Fri 13 Oct 10:51:06 CEST 2017 ----------   Tablet-Startup : The two container are up
 Fri 13 Oct 10:51:06 CEST 2017 ----------   Tablet-Startup : Start PyWeb display webservice
 Fri 13 Oct 10:51:06 CEST 2017 ----------   Tablet-Startup : Delete logs
 Fri 13 Oct 10:54:49 CEST 2017 ----------   Tablet-Startup : Script starting
 Fri 13 Oct 10:55:36 CEST 2017 ----------   Tablet-Startup : The two container are up
 Fri 13 Oct 10:55:36 CEST 2017 ----------   Tablet-Startup : Start PyWeb display webservice
 Fri 13 Oct 10:55:36 CEST 2017 ----------   Tablet-Startup : Delete logs
 Fri 13 Oct 11:15:55 CEST 2017 ----------   Tablet-Startup : Script starting
 Fri 13 Oct 11:16:44 CEST 2017 ----------   Tablet-Startup : The two container are up
 Fri 13 Oct 11:16:44 CEST 2017 ----------   Tablet-Startup : Start PyWeb display webservice
 Fri 13 Oct 11:16:44 CEST 2017 ----------   Tablet-Startup : Delete logs
 Fri 13 Oct 12:17:11 CEST 2017 ----------   Tablet-Startup : Script starting
 Fri 13 Oct 13:41:59 CEST 2017 ----------   Tablet-Startup : The two container are up
 Fri 13 Oct 13:41:59 CEST 2017 ----------   Tablet-Startup : Start PyWeb display webservice
 Fri 13 Oct 13:41:59 CEST 2017 ----------   Tablet-Startup : Delete logs
 Tue 17 Oct 10:08:30 CEST 2017 ----------   Tablet-Startup : Script starting
 Tue 17 Oct 10:08:52 CEST 2017 ----------   Tablet-Startup : The two container are up
 Tue 17 Oct 10:08:52 CEST 2017 ----------   Tablet-Startup : Start PyWeb display webservice
 Tue 17 Oct 10:08:52 CEST 2017 ----------   Tablet-Startup : Delete logs
 Tue 17 Oct 10:11:58 CEST 2017 ----------   Tablet-Startup : Script starting
 Tue 17 Oct 10:12:22 CEST 2017 ----------   Tablet-Startup : The two container are up
 Tue 17 Oct 10:12:22 CEST 2017 ----------   Tablet-Startup : Start PyWeb display webservice
 Tue 17 Oct 10:12:22 CEST 2017 ----------   Tablet-Startup : Delete logs
 Sat 21 Oct 19:20:37 CEST 2017 ----------   Tablet-Startup : Script starting
 Sat 21 Oct 19:21:21 CEST 2017 ----------   Tablet-Startup : The two container are up
 Sat 21 Oct 19:21:21 CEST 2017 ----------   Tablet-Startup : Start PyWeb display webservice
 Sat 21 Oct 19:21:21 CEST 2017 ----------   Tablet-Startup : Delete logs
 Sat 21 Oct 22:09:04 CEST 2017 ----------   Tablet-Startup : Script starting
 Sat 21 Oct 22:09:55 CEST 2017 ----------   Tablet-Startup : The two container are up
 Sat 21 Oct 22:09:55 CEST 2017 ----------   Tablet-Startup : Start PyWeb display webservice
 Sat 21 Oct 22:09:55 CEST 2017 ----------   Tablet-Startup : Delete logs
 Sun 22 Oct 12:29:27 CEST 2017 ----------   Tablet-Startup : Script starting
 Sun 22 Oct 12:30:19 CEST 2017 ----------   Tablet-Startup : The two container are up
 Sun 22 Oct 12:30:19 CEST 2017 ----------   Tablet-Startup : Start PyWeb display webservice
 Sun 22 Oct 12:30:19 CEST 2017 ----------   Tablet-Startup : Delete logs
 Tue 24 Oct 12:36:45 CEST 2017 ----------   Tablet-Startup : Script starting
 Tue 24 Oct 12:37:33 CEST 2017 ----------   Tablet-Startup : The two container are up
 Tue 24 Oct 12:37:33 CEST 2017 ----------   Tablet-Startup : Start PyWeb display webservice
 Tue 24 Oct 12:37:33 CEST 2017 ----------   Tablet-Startup : Delete logs
 Tue 24 Oct 20:42:12 CEST 2017 ----------   Tablet-Startup : Script starting
 Tue 24 Oct 20:43:02 CEST 2017 ----------   Tablet-Startup : The two container are up
 Tue 24 Oct 20:43:02 CEST 2017 ----------   Tablet-Startup : Start PyWeb display webservice
 Tue 24 Oct 20:43:02 CEST 2017 ----------   Tablet-Startup : Delete logs
 Wed 25 Oct 14:36:39 CEST 2017 ----------   Tablet-Startup : Script starting
 Wed 25 Oct 14:37:32 CEST 2017 ----------   Tablet-Startup : The two container are up
 Wed 25 Oct 14:37:32 CEST 2017 ----------   Tablet-Startup : Start PyWeb display webservice
 Wed 25 Oct 14:37:32 CEST 2017 ----------   Tablet-Startup : Delete logs
 Wed 25 Oct 22:38:35 CEST 2017 ----------   Tablet-Startup : Script starting
 Wed 25 Oct 22:39:26 CEST 2017 ----------   Tablet-Startup : The two container are up
 Wed 25 Oct 22:39:26 CEST 2017 ----------   Tablet-Startup : Start PyWeb display webservice
 Wed 25 Oct 22:39:26 CEST 2017 ----------   Tablet-Startup : Delete logs
 Fri 27 Oct 16:59:05 CEST 2017 ----------   Tablet-Startup : Script starting
 Fri 27 Oct 16:59:53 CEST 2017 ----------   Tablet-Startup : The two container are up
 Fri 27 Oct 16:59:53 CEST 2017 ----------   Tablet-Startup : Start PyWeb display webservice
 Fri 27 Oct 16:59:53 CEST 2017 ----------   Tablet-Startup : Delete logs
