 Mon 18 Sep 15:59:05 CEST 2017 ----------   Stop_Desktop : Stoping Process
Mon 18 Sep 15:59:05 CEST 2017 ----------   Stop_Desktop : Trying to stop previous instance of proces Customize Desktop
Mon 18 Sep 15:59:05 CEST 2017 ----------   Stop_Desktop : Removing A pid file
 Mon 18 Sep 16:00:50 CEST 2017 ----------   Stop_Desktop : Stoping Process
Mon 18 Sep 16:00:50 CEST 2017 ----------   Stop_Desktop : Trying to stop previous instance of proces Customize Desktop
Mon 18 Sep 16:00:50 CEST 2017 ----------   Stop_Desktop : Removing A pid file
 Mon 18 Sep 16:07:03 CEST 2017 ----------   Stop_Desktop : Stoping Process
Mon 18 Sep 16:07:03 CEST 2017 ----------   Stop_Desktop : Trying to stop previous instance of proces Customize Desktop
Mon 18 Sep 16:07:03 CEST 2017 ----------   Stop_Desktop : Removing A pid file
 Mon 18 Sep 16:12:57 CEST 2017 ----------   Stop_Desktop : Stoping Process
Mon 18 Sep 16:12:57 CEST 2017 ----------   Stop_Desktop : Trying to stop previous instance of proces Customize Desktop
Mon 18 Sep 16:12:57 CEST 2017 ----------   Stop_Desktop : Removing A pid file
 Mon 18 Sep 16:13:41 CEST 2017 ----------   Stop_Desktop : Stoping Process
Mon 18 Sep 16:13:41 CEST 2017 ----------   Stop_Desktop : Trying to stop previous instance of proces Customize Desktop
Mon 18 Sep 16:13:41 CEST 2017 ----------   Stop_Desktop : Removing A pid file
 Mon 18 Sep 16:16:23 CEST 2017 ----------   Stop_Desktop : Stoping Process
Mon 18 Sep 16:16:23 CEST 2017 ----------   Stop_Desktop : Trying to stop previous instance of proces Customize Desktop
Mon 18 Sep 16:16:23 CEST 2017 ----------   Stop_Desktop : Removing A pid file
 Mon 18 Sep 16:23:58 CEST 2017 ----------   Stop_Desktop : Stoping Process
Mon 18 Sep 16:23:58 CEST 2017 ----------   Stop_Desktop : Trying to stop previous instance of proces Customize Desktop
Mon 18 Sep 16:23:58 CEST 2017 ----------   Stop_Desktop : Removing A pid file
 Mon 18 Sep 16:27:18 CEST 2017 ----------   Stop_Desktop : Stoping Process
Mon 18 Sep 16:27:18 CEST 2017 ----------   Stop_Desktop : Trying to stop previous instance of proces Customize Desktop
Mon 18 Sep 16:27:18 CEST 2017 ----------   Stop_Desktop : Removing A pid file
 Mon 18 Sep 16:36:19 CEST 2017 ----------   Stop_Desktop : Stoping Process
Mon 18 Sep 16:36:19 CEST 2017 ----------   Stop_Desktop : Trying to stop previous instance of proces Customize Desktop
Mon 18 Sep 16:36:19 CEST 2017 ----------   Stop_Desktop : Removing A pid file
 Mon 18 Sep 16:38:17 CEST 2017 ----------   Stop_Desktop : Stoping Process
Mon 18 Sep 16:38:17 CEST 2017 ----------   Stop_Desktop : Trying to stop previous instance of proces Customize Desktop
Mon 18 Sep 16:38:17 CEST 2017 ----------   Stop_Desktop : Removing A pid file
 Mon 18 Sep 16:42:48 CEST 2017 ----------   Stop_Desktop : Stoping Process
Mon 18 Sep 16:42:48 CEST 2017 ----------   Stop_Desktop : Trying to stop previous instance of proces Customize Desktop
Mon 18 Sep 16:42:48 CEST 2017 ----------   Stop_Desktop : Removing A pid file
 Mon 18 Sep 16:44:44 CEST 2017 ----------   Stop_Desktop : Stoping Process
Mon 18 Sep 16:44:44 CEST 2017 ----------   Stop_Desktop : Trying to stop previous instance of proces Customize Desktop
Mon 18 Sep 16:44:44 CEST 2017 ----------   Stop_Desktop : Removing A pid file
 Mon 18 Sep 20:45:17 CEST 2017 ----------   Stop_Desktop : Stoping Process
Mon 18 Sep 20:45:17 CEST 2017 ----------   Stop_Desktop : Trying to stop previous instance of proces Customize Desktop
Mon 18 Sep 20:45:17 CEST 2017 ----------   Stop_Desktop : Removing A pid file
 Mon 18 Sep 20:45:49 CEST 2017 ----------   Stop_Desktop : Stoping Process
Mon 18 Sep 20:45:49 CEST 2017 ----------   Stop_Desktop : Trying to stop previous instance of proces Customize Desktop
Mon 18 Sep 20:45:49 CEST 2017 ----------   Stop_Desktop : Removing A pid file
 Mon 18 Sep 21:40:17 CEST 2017 ----------   Stop_Desktop : Stoping Process
Mon 18 Sep 21:40:17 CEST 2017 ----------   Stop_Desktop : Trying to stop previous instance of proces Customize Desktop
Mon 18 Sep 21:40:17 CEST 2017 ----------   Stop_Desktop : Removing A pid file
 Mon 18 Sep 21:58:45 CEST 2017 ----------   Stop_Desktop : Stoping Process
Mon 18 Sep 21:58:45 CEST 2017 ----------   Stop_Desktop : Trying to stop previous instance of proces Customize Desktop
Mon 18 Sep 21:58:45 CEST 2017 ----------   Stop_Desktop : Removing A pid file
 Mon 18 Sep 22:08:17 CEST 2017 ----------   Stop_Desktop : Stoping Process
Mon 18 Sep 22:08:17 CEST 2017 ----------   Stop_Desktop : Trying to stop previous instance of proces Customize Desktop
Mon 18 Sep 22:08:17 CEST 2017 ----------   Stop_Desktop : Removing A pid file
 Mon 18 Sep 22:10:23 CEST 2017 ----------   Stop_Desktop : Stoping Process
Mon 18 Sep 22:10:23 CEST 2017 ----------   Stop_Desktop : Trying to stop previous instance of proces Customize Desktop
Mon 18 Sep 22:10:23 CEST 2017 ----------   Stop_Desktop : Removing A pid file
 Mon 18 Sep 22:12:19 CEST 2017 ----------   Stop_Desktop : Stoping Process
Mon 18 Sep 22:12:19 CEST 2017 ----------   Stop_Desktop : Trying to stop previous instance of proces Customize Desktop
Mon 18 Sep 22:12:19 CEST 2017 ----------   Stop_Desktop : Removing A pid file
 Mon 18 Sep 22:13:45 CEST 2017 ----------   Stop_Desktop : Stoping Process
Mon 18 Sep 22:13:45 CEST 2017 ----------   Stop_Desktop : Trying to stop previous instance of proces Customize Desktop
Mon 18 Sep 22:13:45 CEST 2017 ----------   Stop_Desktop : Removing A pid file
 Mon 18 Sep 22:20:01 CEST 2017 ----------   Stop_Desktop : Stoping Process
Mon 18 Sep 22:20:01 CEST 2017 ----------   Stop_Desktop : Trying to stop previous instance of proces Customize Desktop
Mon 18 Sep 22:20:02 CEST 2017 ----------   Stop_Desktop : Removing A pid file
 Mon 18 Sep 22:20:16 CEST 2017 ----------   Stop_Desktop : Stoping Process
Mon 18 Sep 22:20:16 CEST 2017 ----------   Stop_Desktop : Trying to stop previous instance of proces Customize Desktop
Mon 18 Sep 22:20:16 CEST 2017 ----------   Stop_Desktop : Removing A pid file
 Mon 18 Sep 22:20:29 CEST 2017 ----------   Stop_Desktop : Stoping Process
Mon 18 Sep 22:20:29 CEST 2017 ----------   Stop_Desktop : Trying to stop previous instance of proces Customize Desktop
Mon 18 Sep 22:20:29 CEST 2017 ----------   Stop_Desktop : Removing A pid file
 Mon 18 Sep 22:24:13 CEST 2017 ----------   Stop_Desktop : Stoping Process
Mon 18 Sep 22:24:13 CEST 2017 ----------   Stop_Desktop : Trying to stop previous instance of proces Customize Desktop
Mon 18 Sep 22:24:13 CEST 2017 ----------   Stop_Desktop : Removing A pid file
 Mon 18 Sep 22:25:38 CEST 2017 ----------   Stop_Desktop : Stoping Process
Mon 18 Sep 22:25:38 CEST 2017 ----------   Stop_Desktop : Trying to stop previous instance of proces Customize Desktop
Mon 18 Sep 22:25:38 CEST 2017 ----------   Stop_Desktop : Removing A pid file
 Mon 18 Sep 22:28:15 CEST 2017 ----------   Stop_Desktop : Stoping Process
Mon 18 Sep 22:28:15 CEST 2017 ----------   Stop_Desktop : Trying to stop previous instance of proces Customize Desktop
Mon 18 Sep 22:28:15 CEST 2017 ----------   Stop_Desktop : Removing A pid file
 Mon 18 Sep 22:30:13 CEST 2017 ----------   Stop_Desktop : Stoping Process
Mon 18 Sep 22:30:13 CEST 2017 ----------   Stop_Desktop : Trying to stop previous instance of proces Customize Desktop
Mon 18 Sep 22:30:13 CEST 2017 ----------   Stop_Desktop : Removing A pid file
 Mon 18 Sep 22:32:23 CEST 2017 ----------   Stop_Desktop : Stoping Process
Mon 18 Sep 22:32:23 CEST 2017 ----------   Stop_Desktop : Trying to stop previous instance of proces Customize Desktop
Mon 18 Sep 22:32:23 CEST 2017 ----------   Stop_Desktop : Removing A pid file
 Mon 18 Sep 22:38:43 CEST 2017 ----------   Stop_Desktop : Stoping Process
Mon 18 Sep 22:38:43 CEST 2017 ----------   Stop_Desktop : Trying to stop previous instance of proces Customize Desktop
Mon 18 Sep 22:38:43 CEST 2017 ----------   Stop_Desktop : Removing A pid file
 Mon 18 Sep 23:08:15 CEST 2017 ----------   Stop_Desktop : Stoping Process
Mon 18 Sep 23:08:15 CEST 2017 ----------   Stop_Desktop : Trying to stop previous instance of proces Customize Desktop
Mon 18 Sep 23:08:15 CEST 2017 ----------   Stop_Desktop : Removing A pid file
 Mon 18 Sep 23:09:37 CEST 2017 ----------   Stop_Desktop : Stoping Process
 Mon 18 Sep 23:09:41 CEST 2017 ----------   Stop_Desktop : Stoping Process
 Tue 19 Sep 09:40:49 CEST 2017 ----------   Stop_Desktop : Stoping Process
Tue 19 Sep 09:40:49 CEST 2017 ----------   Stop_Desktop : Trying to stop previous instance of proces Customize Desktop
Tue 19 Sep 09:40:49 CEST 2017 ----------   Stop_Desktop : Removing A pid file
 Tue 19 Sep 09:54:10 CEST 2017 ----------   Stop_Desktop : Stoping Process
Tue 19 Sep 09:54:10 CEST 2017 ----------   Stop_Desktop : Trying to stop previous instance of proces Customize Desktop
Tue 19 Sep 09:54:10 CEST 2017 ----------   Stop_Desktop : Removing A pid file
 Tue 19 Sep 10:19:43 CEST 2017 ----------   Stop_Desktop : Stoping Process
Tue 19 Sep 10:19:43 CEST 2017 ----------   Stop_Desktop : Trying to stop previous instance of proces Customize Desktop
Tue 19 Sep 10:19:43 CEST 2017 ----------   Stop_Desktop : Removing A pid file
 Tue 19 Sep 10:22:17 CEST 2017 ----------   Stop_Desktop : Stoping Process
Tue 19 Sep 10:22:17 CEST 2017 ----------   Stop_Desktop : Trying to stop previous instance of proces Customize Desktop
Tue 19 Sep 10:22:17 CEST 2017 ----------   Stop_Desktop : Removing A pid file
 Tue 19 Sep 11:24:46 CEST 2017 ----------   Stop_Desktop : Stoping Process
Tue 19 Sep 11:24:46 CEST 2017 ----------   Stop_Desktop : Trying to stop previous instance of proces Customize Desktop
Tue 19 Sep 11:24:46 CEST 2017 ----------   Stop_Desktop : Removing A pid file
 Tue 19 Sep 13:31:59 CEST 2017 ----------   Stop_Desktop : Stoping Process
Tue 19 Sep 13:31:59 CEST 2017 ----------   Stop_Desktop : Trying to stop previous instance of proces Customize Desktop
Tue 19 Sep 13:31:59 CEST 2017 ----------   Stop_Desktop : Removing A pid file
 Tue 19 Sep 13:47:49 CEST 2017 ----------   Stop_Desktop : Stoping Process
Tue 19 Sep 13:47:49 CEST 2017 ----------   Stop_Desktop : Trying to stop previous instance of proces Customize Desktop
Tue 19 Sep 13:47:49 CEST 2017 ----------   Stop_Desktop : Removing A pid file
 Tue 19 Sep 13:49:34 CEST 2017 ----------   Stop_Desktop : Stoping Process
Tue 19 Sep 13:49:34 CEST 2017 ----------   Stop_Desktop : Trying to stop previous instance of proces Customize Desktop
Tue 19 Sep 13:49:34 CEST 2017 ----------   Stop_Desktop : Removing A pid file
 Tue 19 Sep 15:03:35 CEST 2017 ----------   Stop_Desktop : Stoping Process
Tue 19 Sep 15:03:35 CEST 2017 ----------   Stop_Desktop : Trying to stop previous instance of proces Customize Desktop
Tue 19 Sep 15:03:35 CEST 2017 ----------   Stop_Desktop : Removing A pid file
 Tue 19 Sep 15:04:30 CEST 2017 ----------   Stop_Odoo : Stoping Process
 Tue 19 Sep 15:05:44 CEST 2017 ----------   Stop_Desktop : Stoping Process
Tue 19 Sep 15:05:44 CEST 2017 ----------   Stop_Desktop : Trying to stop previous instance of proces Customize Desktop
Tue 19 Sep 15:05:44 CEST 2017 ----------   Stop_Desktop : Removing A pid file
 Tue 19 Sep 15:06:13 CEST 2017 ----------   Stop_Odoo : Stoping Process
 Tue 19 Sep 15:06:24 CEST 2017 ----------   Stop_Desktop : Stoping Process
Tue 19 Sep 15:06:24 CEST 2017 ----------   Stop_Desktop : Trying to stop previous instance of proces Customize Desktop
Tue 19 Sep 15:06:24 CEST 2017 ----------   Stop_Desktop : Removing A pid file
 Tue 19 Sep 15:11:41 CEST 2017 ----------   Stop_Odoo : Stoping Process
 Tue 19 Sep 15:25:08 CEST 2017 ----------   Stop_Desktop : Stoping Process
Tue 19 Sep 15:25:08 CEST 2017 ----------   Stop_Desktop : Trying to stop previous instance of proces Customize Desktop
Tue 19 Sep 15:25:08 CEST 2017 ----------   Stop_Desktop : Removing A pid file
 Tue 19 Sep 20:10:16 CEST 2017 ----------   Stop_Desktop : Stoping Process
Tue 19 Sep 20:10:16 CEST 2017 ----------   Stop_Desktop : Trying to stop previous instance of proces Customize Desktop
Tue 19 Sep 20:10:16 CEST 2017 ----------   Stop_Desktop : Removing A pid file
 Tue 19 Sep 20:10:28 CEST 2017 ----------   Stop_Desktop : Stoping Process
 Tue 19 Sep 20:26:30 CEST 2017 ----------   Stop_Odoo : Stoping Process
 Tue 19 Sep 20:37:11 CEST 2017 ----------   Stop_Desktop : Stoping Process
 Tue 19 Sep 20:52:53 CEST 2017 ----------   Stop_Odoo : Stoping Process
 Wed 20 Sep 09:00:43 CEST 2017 ----------   Stop_Odoo : Stoping Process
 Wed 20 Sep 19:44:04 CEST 2017 ----------   Stop_Desktop : Stoping Process
Wed 20 Sep 19:44:04 CEST 2017 ----------   Stop_Desktop : Trying to stop previous instance of proces Customize Desktop
Wed 20 Sep 19:44:04 CEST 2017 ----------   Stop_Desktop : Removing A pid file
 Wed 20 Sep 19:47:56 CEST 2017 ----------   Stop_Desktop : Stoping Process
Wed 20 Sep 19:47:56 CEST 2017 ----------   Stop_Desktop : Trying to stop previous instance of proces Customize Desktop
Wed 20 Sep 19:47:56 CEST 2017 ----------   Stop_Desktop : Removing A pid file
 Wed 20 Sep 19:49:25 CEST 2017 ----------   Stop_Desktop : Stoping Process
Wed 20 Sep 19:49:25 CEST 2017 ----------   Stop_Desktop : Trying to stop previous instance of proces Customize Desktop
Wed 20 Sep 19:49:25 CEST 2017 ----------   Stop_Desktop : Removing A pid file
 Wed 20 Sep 19:56:59 CEST 2017 ----------   Stop_Odoo : Stoping Process
 Wed 20 Sep 20:05:37 CEST 2017 ----------   Stop_Odoo : Stoping Process
 Wed 20 Sep 20:37:28 CEST 2017 ----------   Stop_Odoo : Stoping Process
 Wed 20 Sep 20:52:28 CEST 2017 ----------   Stop_Desktop : Stoping Process
Wed 20 Sep 20:52:28 CEST 2017 ----------   Stop_Desktop : Trying to stop previous instance of proces Customize Desktop
Wed 20 Sep 20:52:28 CEST 2017 ----------   Stop_Desktop : Removing A pid file
 Wed 20 Sep 21:27:20 CEST 2017 ----------   Stop_Desktop : Stoping Process
Wed 20 Sep 21:27:20 CEST 2017 ----------   Stop_Desktop : Trying to stop previous instance of proces Customize Desktop
Wed 20 Sep 21:27:20 CEST 2017 ----------   Stop_Desktop : Removing A pid file
 Thu 21 Sep 09:07:34 CEST 2017 ----------   Stop_Odoo : Stoping Process
 Thu 21 Sep 10:31:01 CEST 2017 ----------   Stop_Desktop : Stoping Process
Thu 21 Sep 10:31:02 CEST 2017 ----------   Stop_Desktop : Trying to stop previous instance of proces Customize Desktop
Thu 21 Sep 10:31:02 CEST 2017 ----------   Stop_Desktop : Removing A pid file
 Thu 21 Sep 10:35:08 CEST 2017 ----------   Stop_Desktop : Stoping Process
Thu 21 Sep 10:35:08 CEST 2017 ----------   Stop_Desktop : Trying to stop previous instance of proces Customize Desktop
Thu 21 Sep 10:35:08 CEST 2017 ----------   Stop_Desktop : Removing A pid file
 Thu 21 Sep 10:37:51 CEST 2017 ----------   Stop_Desktop : Stoping Process
 Thu 21 Sep 10:47:11 CEST 2017 ----------   Stop_Desktop : Stoping Process
Thu 21 Sep 10:47:11 CEST 2017 ----------   Stop_Desktop : Trying to stop previous instance of proces Customize Desktop
Thu 21 Sep 10:47:11 CEST 2017 ----------   Stop_Desktop : Removing A pid file
 Thu 21 Sep 10:49:44 CEST 2017 ----------   Stop_Desktop : Stoping Process
Thu 21 Sep 10:49:44 CEST 2017 ----------   Stop_Desktop : Trying to stop previous instance of proces Customize Desktop
Thu 21 Sep 10:49:44 CEST 2017 ----------   Stop_Desktop : Removing A pid file
 Thu 21 Sep 10:51:37 CEST 2017 ----------   Stop_Desktop : Stoping Process
Thu 21 Sep 10:51:37 CEST 2017 ----------   Stop_Desktop : Trying to stop previous instance of proces Customize Desktop
Thu 21 Sep 10:51:37 CEST 2017 ----------   Stop_Desktop : Removing A pid file
 Thu 21 Sep 14:00:22 CEST 2017 ----------   Stop_Desktop : Stoping Process
Thu 21 Sep 14:00:22 CEST 2017 ----------   Stop_Desktop : Trying to stop previous instance of proces Customize Desktop
Thu 21 Sep 14:00:22 CEST 2017 ----------   Stop_Desktop : Removing A pid file
 Thu 21 Sep 14:24:02 CEST 2017 ----------   Stop_Desktop : Stoping Process
Thu 21 Sep 14:24:02 CEST 2017 ----------   Stop_Desktop : Trying to stop previous instance of proces Customize Desktop
Thu 21 Sep 14:24:02 CEST 2017 ----------   Stop_Desktop : Removing A pid file
 Thu 21 Sep 15:03:07 CEST 2017 ----------   Stop_Desktop : Stoping Process
Thu 21 Sep 15:03:07 CEST 2017 ----------   Stop_Desktop : Trying to stop previous instance of proces Customize Desktop
Thu 21 Sep 15:03:07 CEST 2017 ----------   Stop_Desktop : Removing A pid file
 Thu 21 Sep 15:25:35 CEST 2017 ----------   Stop_Desktop : Stoping Process
Thu 21 Sep 15:25:35 CEST 2017 ----------   Stop_Desktop : Trying to stop previous instance of proces Customize Desktop
Thu 21 Sep 15:25:35 CEST 2017 ----------   Stop_Desktop : Removing A pid file
 Thu 21 Sep 15:26:44 CEST 2017 ----------   Stop_Desktop : Stoping Process
Thu 21 Sep 15:26:44 CEST 2017 ----------   Stop_Desktop : Trying to stop previous instance of proces Customize Desktop
Thu 21 Sep 15:26:44 CEST 2017 ----------   Stop_Desktop : Removing A pid file
 Thu 21 Sep 16:31:15 CEST 2017 ----------   Stop_Desktop : Stoping Process
Thu 21 Sep 16:31:15 CEST 2017 ----------   Stop_Desktop : Trying to stop previous instance of proces Customize Desktop
Thu 21 Sep 16:31:15 CEST 2017 ----------   Stop_Desktop : Removing A pid file
Sat 23 Sep 03:29:34 CEST 2017 ----------   Stop_Desktop : Trying to stop previous instance of proces Customize Desktop
Sat 23 Sep 03:33:42 CEST 2017 ----------   Stop_Desktop : Trying to stop previous instance of proces Customize Desktop
Sat 23 Sep 03:35:59 CEST 2017 ----------   Stop_Desktop : Trying to stop previous instance of proces Customize Desktop
Sat 23 Sep 03:46:21 CEST 2017 ----------   Stop_Desktop : Trying to stop previous instance of proces Customize Desktop
Sat 23 Sep 14:08:39 CEST 2017 ----------   Stop_Desktop : Trying to stop previous instance of proces Customize Desktop
 Mon 25 Sep 13:40:08 CEST 2017 ----------   Stop_Odoo : Stoping Process
 Mon 25 Sep 13:41:17 CEST 2017 ----------   Stop_Odoo : Stoping Process
 Mon 25 Sep 13:42:45 CEST 2017 ----------   Stop_Odoo : Stoping Process
 Mon 25 Sep 21:03:42 CEST 2017 ----------   Stop_Odoo : Stoping Process
 Mon 25 Sep 21:31:06 CEST 2017 ----------   Stop_Odoo : Stoping Process
 Mon 25 Sep 21:31:41 CEST 2017 ----------   Stop_Odoo : Stoping Process
 Mon 25 Sep 21:33:27 CEST 2017 ----------   Stop_Odoo : Stoping Process
 Mon 25 Sep 21:33:58 CEST 2017 ----------   Stop_Odoo : Stoping Process
 Mon 25 Sep 21:37:24 CEST 2017 ----------   Stop_Odoo : Stoping Process
 Mon 25 Sep 21:52:23 CEST 2017 ----------   Stop_Odoo : Stoping Process
 Tue 26 Sep 21:12:15 CEST 2017 ----------   Stop_Odoo : Stoping Process
 Tue 26 Sep 21:40:24 CEST 2017 ----------   Stop_Odoo : Stoping Process
 Wed 27 Sep 13:52:56 CEST 2017 ----------   Stop_Odoo : Stoping Process
 Wed 27 Sep 19:54:22 CEST 2017 ----------   Stop_Odoo : Stoping Process
 Sat 30 Sep 19:04:20 CEST 2017 ----------   Stop_Odoo : Stoping Process
 Sun  1 Oct 19:10:58 CEST 2017 ----------   Stop_Odoo : Stoping Process
 Sat  7 Oct 12:00:37 CEST 2017 ----------   Stop_Odoo : Stoping Process
 Sun  8 Oct 14:31:47 CEST 2017 ----------   Stop_Odoo : Stoping Process
 Sun  8 Oct 16:01:15 CEST 2017 ----------   Stop_Desktop : Stoping Process
Sun  8 Oct 16:01:15 CEST 2017 ----------   Stop_Desktop : Trying to stop previous instance of proces Customize Desktop
Sun  8 Oct 16:01:15 CEST 2017 ----------   Stop_Desktop : Removing A pid file
 Mon  9 Oct 23:26:05 CEST 2017 ----------   Stop_Odoo : Stoping Process
 Sun 22 Oct 17:10:21 CEST 2017 ----------   Stop_Odoo : Stoping Process
 Wed 25 Oct 14:20:26 CEST 2017 ----------   Stop_Odoo : Stoping Process
 Wed 25 Oct 14:22:53 CEST 2017 ----------   Stop_Odoo : Stoping Process
 Wed 25 Oct 18:11:47 CEST 2017 ----------   Stop_Odoo : Stoping Process
 Wed 25 Oct 22:00:40 CEST 2017 ----------   Stop_Odoo : Stoping Process
 Thu 26 Oct 14:20:45 CEST 2017 ----------   Stop_Odoo : Stoping Process
 Sun 29 Oct 14:13:36 CET 2017 ----------   Stop_Odoo : Stoping Process
