 Thu 21 Sep 22:22:30 CEST 2017 ----------   VPN-connection : Could ping google
 Thu 21 Sep 22:22:55 CEST 2017 ----------   VPN-connection : Could ping VPN Server
 Thu 21 Sep 22:41:26 CEST 2017 ----------   VPN-connection : Could ping google
 Thu 21 Sep 22:41:51 CEST 2017 ----------   VPN-connection : Could ping VPN Server
 Fri 22 Sep 16:47:35 CEST 2017 ----------   VPN-connection : Could not ping google
 Fri 22 Sep 16:49:18 CEST 2017 ----------   VPN-connection : Could not ping google
 Fri 22 Sep 16:49:28 CEST 2017 ----------   VPN-connection : Could not ping google
 Sat 23 Sep 02:54:34 CEST 2017 ----------   VPN-connection : Could ping google
 Sat 23 Sep 02:54:55 CEST 2017 ----------   VPN-connection : Could ping VPN Server
 Sat 23 Sep 02:56:02 CEST 2017 ----------   VPN-connection : Could ping google
 Sat 23 Sep 03:00:38 CEST 2017 ----------   VPN-connection : Could ping google
 Sat 23 Sep 03:03:08 CEST 2017 ----------   VPN-connection : Could ping google
 Sat 23 Sep 03:04:15 CEST 2017 ----------   VPN-connection : Could ping google
 Sat 23 Sep 03:05:22 CEST 2017 ----------   VPN-connection : Could ping google
 Sat 23 Sep 03:07:00 CEST 2017 ----------   VPN-connection : Could ping google
 Sat 23 Sep 03:07:55 CEST 2017 ----------   VPN-connection : Could ping google
 Sat 23 Sep 03:10:38 CEST 2017 ----------   VPN-connection : Could ping google
 Sat 23 Sep 03:12:25 CEST 2017 ----------   VPN-connection : Could ping google
 Sat 23 Sep 03:14:35 CEST 2017 ----------   VPN-connection : Could ping google
 Sat 23 Sep 03:16:33 CEST 2017 ----------   VPN-connection : Could ping google
 Sat 23 Sep 03:17:44 CEST 2017 ----------   VPN-connection : Could ping VPN Server
 Sat 23 Sep 03:28:54 CEST 2017 ----------   VPN-connection : Could ping google
 Sat 23 Sep 03:30:14 CEST 2017 ----------   VPN-connection : Could ping VPN Server
 Sat 23 Sep 03:34:33 CEST 2017 ----------   VPN-connection : Could ping google
 Sat 23 Sep 03:35:44 CEST 2017 ----------   VPN-connection : Could ping VPN Server
 Sat 23 Sep 03:36:20 CEST 2017 ----------   VPN-connection : Could ping google
 Sat 23 Sep 03:37:30 CEST 2017 ----------   VPN-connection : Could ping VPN Server
 Sat 23 Sep 14:02:34 CEST 2017 ----------   VPN-connection : Could ping google
 Sat 23 Sep 14:03:44 CEST 2017 ----------   VPN-connection : Could ping VPN Server
 Sun  1 Oct 11:09:09 CEST 2017 ----------   VPN-connection : Could ping google
 Sun  1 Oct 11:10:19 CEST 2017 ----------   VPN-connection : Could ping VPN Server
